-1185.68038462147 0.026
-1188.66390075932 0.026
-1189.17959836195 0.026
-1189.17959836196 0.026
-1189.17959836196 0.026
-1189.29007451894 0.026
-1193.02974093916 0.026
-1193.02974093916 0.026
-1194.54742125788 0.026
-1194.54742125788 0.026
-1194.54742125788 0.026
-1194.54742125788 0.026
-1205.19450873241 0.026
-1205.83866650082 0.026
-1205.83866650082 0.026
-1206.03955220087 0.026
-1206.35457584848 0.026
-1206.53720365848 0.026
-1210.22076291738 0.026
-1210.22076291738 0.026
-1210.22076291738 0.026
-1210.22076291738 0.026
-1210.23833703425 0.026
-1218.78359109066 0.026
-1219.67297226843 0.026
-1219.67297226843 0.026
-1219.67297226843 0.026
-1219.77982244245 0.026
-1219.77982244245 0.026
-1220.77811961661 0.026
-1220.77811961661 0.026
-1221.09073791125 0.026
-1233.02546618314 0.026
-1233.02546618314 0.026
-1233.27994267133 0.026
-1233.27994267133 0.026
-1233.27994267133 0.026
-1233.80435604843 0.026
-1241.50072088925 0.026
-1242.98922708167 0.026
-1245.16927562433 0.026
-1245.16927562433 0.026
-1245.17555078299 0.026
-1245.17555078299 0.026
-1245.17555078299 0.026
-1245.17555078299 0.026
-1245.34429691899 0.026
-1245.51580131373 0.026
-1247.34642803574 0.026
-1247.60807716737 0.026
-1247.60807716737 0.026
-1250.16814339396 0.026
-1251.46238439914 0.026
-1251.46238439914 0.026
-1251.46238439914 0.026
-1252.29002248206 0.026
-1252.29002248206 0.026
-1252.29002248206 0.026
-1259.15940849746 0.026
-1259.15940849746 0.026
-1259.15940849746 0.026
-1260.01286482901 0.026
-1260.28817655714 0.026
-1267.08349433148 0.026
-1267.08349433148 0.026
-1267.08349433148 0.026
-1267.08349433148 0.026
-1267.08349433148 0.026
-1267.08349433148 0.026
-1267.08349433148 0.026
-1267.08349433148 0.026
-1267.08349433148 0.026
-1267.08349433148 0.026
-1267.08349433148 0.026
-1267.22945410348 0.026
-1267.22945410348 0.026
-1267.22945410348 0.026
-1267.22945410348 0.026
-1267.22945410348 0.026
-1268.17413945735 0.026
-1268.17413945735 0.026
-1273.19578683464 0.026
-1273.19578683464 0.026
-1273.59352770523 0.026
-1273.59352770523 0.026
-1273.59352770523 0.026
-1273.59352770523 0.026
-1273.59352770523 0.026
-1274.33302997926 0.026
-1274.34701769292 0.026
-1274.34701769292 0.026
-1274.34701769292 0.026
-1274.34701769292 0.026
-1274.34701769292 0.026
-1274.34701769292 0.026
-1274.34701769292 0.026
-1274.88029512052 0.026
-1274.88029512052 0.026
-1274.88029512052 0.026
-1277.17724390321 0.026
-1277.17724390321 0.026
-1277.17724390321 0.026
-1277.17754222339 0.026
-1281.28145146451 0.026
-1281.28145146451 0.026
-1281.34439970199 0.026
-1281.34439970199 0.026
-1281.34439970199 0.026
-1281.34439970199 0.026
-1285.69817013015 0.026
-1288.77710197723 0.026
-1288.77710197723 0.026
-1288.77710197723 0.026
-1288.77710197723 0.026
-1294.23700575548 0.026
-1294.23700575548 0.026
-1294.23700575548 0.026
-1294.23700575548 0.026
-1294.61761572679 0.026
-1296.10005379492 0.026
-1296.10005379492 0.026
-1296.10005379492 0.026
-1296.10005379492 0.026
-1296.57068525262 0.026
-1297.32253293141 0.026
-1297.32253293141 0.026
-1300.77354486879 0.026
-1300.77354486879 0.026
-1300.77354486879 0.026
-1300.79966837417 0.026
-1300.79966837417 0.026
-1301.12082050729 0.026
-1301.12082050729 0.026
-1301.12082050729 0.026
-1301.20927148286 0.026
-1302.26725781835 0.026
-1302.3301658006 0.026
-1303.39050654837 0.026
-1304.32422319891 0.026
-1306.45767867056 0.026
-1310.91590257936 0.026
-1310.91590257936 0.026
-1311.34403355545 0.026
-1311.63309734484 0.026
-1311.63309734484 0.026
-1311.63309734484 0.026
-1311.63309734484 0.026
-1311.63309734484 0.026
-1311.63309734484 0.026
-1317.04034243478 0.026
-1317.04034243478 0.026
-1317.04034243478 0.026
-1317.16939843044 0.026
-1317.31094565156 0.026
-1317.31094565156 0.026
-1317.31094565156 0.026
-1317.31094565156 0.026
-1317.31094565156 0.026
-1317.36810938116 0.026
-1317.61699496905 0.026
-1317.61699496905 0.026
-1317.61699496905 0.026
-1317.61699496905 0.026
-1317.61699496905 0.026
-1317.61699496905 0.026
-1317.61699496905 0.026
-1317.61699496905 0.026
-1317.61699496905 0.026
-1317.61699496905 0.026
-1317.61699496905 0.026
-1317.61699496905 0.026
-1317.61699496905 0.026
-1317.61699496905 0.026
-1317.61699496905 0.026
-1319.35588466029 0.026
-1322.1869778218 0.026
-1323.46165742843 0.026
-1323.46165742843 0.026
-1323.46165742843 0.026
-1323.46165742843 0.026
-1323.46165742843 0.026
-1323.46165742843 0.026
-1323.46165742843 0.026
-1323.46165742843 0.026
-1323.46165742843 0.026
-1326.46050388961 0.026
-1326.46050388961 0.026
-1326.46050388961 0.026
-1326.64893246851 0.026
-1326.64893246851 0.026
-1326.64893246851 0.026
-1327.32554413234 0.026
-1327.32554413234 0.026
-1327.32554413234 0.026
-1327.32554413234 0.026
-1327.32554413234 0.026
-1327.32554413234 0.026
-1327.32554413234 0.026
-1327.40643791774 0.026
-1327.40643791774 0.026
-1327.40643791774 0.026
-1337.96169136737 0.026
-1338.02839465128 0.026
-1338.71277196639 0.026
-1340.84957028931 0.026
-1340.84957028931 0.026
-1340.88379848321 0.026
-1342.54647611405 0.026
-1342.54647611405 0.026
-1343.01813182941 0.026
-1343.02230488869 0.026
-1345.80186833831 0.026
-1346.07754750703 0.026
-1346.09874118165 0.026
-1346.18463738487 0.026
-1346.86264960487 0.026
-1346.86264960487 0.026
-1346.86264960487 0.026
-1347.46443341464 0.026
-1348.54474449977 0.026
-1348.81080820851 0.026
-1348.81080820851 0.026
-1348.81080820851 0.026
-1348.9330042752 0.026
-1348.9330042752 0.026
-1348.9330042752 0.026
-1348.9330042752 0.026
-1348.9330042752 0.026
-1351.01081211771 0.026
-1351.52400434541 0.026
-1351.52400434541 0.026
-1351.52400434541 0.026
-1351.52400434541 0.026
-1351.534027976 0.026
-1351.534027976 0.026
-1352.63772383022 0.026
-1352.63772383022 0.026
-1353.20574056358 0.026
-1353.20574056358 0.026
-1353.58029340343 0.026
-1353.75961201223 0.026
-1353.75961201223 0.026
-1353.75961201223 0.026
-1353.75961201223 0.026
-1353.94974337714 0.026
-1354.4061696154 0.026
-1354.44257224805 0.026
-1354.44257224805 0.026
-1354.44257224805 0.026
-1354.44257224805 0.026
-1356.11640356116 0.026
-1356.11640356116 0.026
-1356.11640356116 0.026
-1356.11640356116 0.026
-1356.11640356116 0.026
-1356.26808035534 0.026
-1356.50078384161 0.026
-1356.65921249185 0.026
-1357.09733985933 0.026
-1357.39894631801 0.026
-1357.39894631801 0.026
-1357.39894631801 0.026
-1357.6149506312 0.026
-1357.6149506312 0.026
-1357.6149506312 0.026
-1357.6149506312 0.026
-1357.6149506312 0.026
-1357.6149506312 0.026
-1357.7937453106 0.026
-1357.7937453106 0.026
-1357.7937453106 0.026
-1357.7937453106 0.026
-1357.7937453106 0.026
-1357.7937453106 0.026
-1358.01224371727 0.026
-1358.01224371727 0.026
-1359.64902509687 0.026
-1359.64902509687 0.026
-1359.64902509687 0.026
-1359.64902509687 0.026
-1359.64902509687 0.026
-1359.64902509687 0.026
-1360.15761890202 0.026
-1363.40171423306 0.026
-1364.01503861633 0.026
-1364.01503861633 0.026
-1364.01503861633 0.026
-1365.23346980323 0.026
-1365.23346980323 0.026
-1365.23346980323 0.026
-1365.23346980323 0.026
-1365.23346980323 0.026
-1365.40865063569 0.026
-1365.40865063569 0.026
-1365.40865063569 0.026
-1365.40865063569 0.026
-1365.68656293516 0.026
-1365.68656293516 0.026
-1365.71280105245 0.026
-1365.71280105245 0.026
-1365.76719916973 0.026
-1366.61914291075 0.026
-1366.61914291075 0.026
-1366.85825351558 0.026
-1369.52873823846 0.026
-1369.52873823846 0.026
-1369.61170975356 0.026
-1369.68428724582 0.026
-1369.68428724582 0.026
-1370.24195324591 0.026
-1370.41821091016 0.026
-1371.01598136537 0.026
-1371.51042129261 0.026
-1371.71686415746 0.026
-1372.63142654905 0.026
-1372.63142654905 0.026
-1372.63142654905 0.026
-1372.70025286256 0.026
-1373.06188407819 0.026
-1373.06188407819 0.026
-1373.06188407819 0.026
-1373.06188407819 0.026
-1373.06188407819 0.026
-1373.27723880254 0.026
-1373.27723880254 0.026
-1373.27723880254 0.026
-1373.27723880254 0.026
-1373.4563310679 0.026
-1373.4563310679 0.026
-1373.4563310679 0.026
-1373.4563310679 0.026
-1373.56021123558 0.026
-1373.56021123558 0.026
-1373.56021123558 0.026
-1373.56021123558 0.026
-1373.56021123558 0.026
-1373.65180724234 0.026
-1373.92362330369 0.026
-1374.01665235602 0.026
-1374.01665235602 0.026
-1374.01665235602 0.026
-1374.01665235602 0.026
-1374.0432924658 0.026
-1374.0432924658 0.026
-1376.00412365358 0.026
-1376.00412365358 0.026
-1376.1328032521 0.026
-1376.1328032521 0.026
-1376.56934100273 0.026
-1376.59166383609 0.026
-1376.59166383609 0.026
-1376.59166383609 0.026
-1376.59166383609 0.026
-1376.59166383609 0.026
-1376.59166383609 0.026
-1376.64369637756 0.026
-1376.64369637756 0.026
-1376.64369637756 0.026
-1377.1627259491 0.026
-1377.1627259491 0.026
-1377.1627259491 0.026
-1377.1627259491 0.026
-1377.1627259491 0.026
-1382.85559041146 0.026
-1382.85559041146 0.026
-1389.61633677929 0.026
-1389.96339403987 0.026
-1391.09988941623 0.026
-1392.1834150209 0.026
-1392.39836183243 0.026
-1392.39836183243 0.026
-1392.96700657853 0.026
-1393.39984323508 0.026
-1393.45733612372 0.026
-1393.45733612372 0.026
-1393.67895657009 0.026
-1393.68815703666 0.026
-1393.68815703666 0.026
-1393.68815703666 0.026
-1394.63819990723 0.026
-1394.63819990723 0.026
-1394.63819990723 0.026
-1394.63819990723 0.026
-1394.8721163858 0.026
-1394.8721163858 0.026
-1394.8721163858 0.026
-1394.8721163858 0.026
-1394.8721163858 0.026
-1394.8799175603 0.026
-1394.8799175603 0.026
-1394.8799175603 0.026
-1394.8799175603 0.026
-1394.8799175603 0.026
-1394.95234574771 0.026
-1394.95234574771 0.026
-1394.95234574771 0.026
-1395.63745479178 0.026
-1395.63745479178 0.026
-1395.90525672137 0.026
-1396.31344991311 0.026
-1396.31344991311 0.026
-1396.31395285795 0.026
-1396.31395285795 0.026
-1396.39544100833 0.026
-1396.39544100833 0.026
-1396.39544100833 0.026
-1396.39544100833 0.026
-1396.56283043515 0.026
-1396.56283043515 0.026
-1396.56283043515 0.026
-1396.56283043515 0.026
-1396.56283043515 0.026
-1397.54175998879 0.026
-1397.54175998879 0.026
-1397.54175998879 0.026
-1400.1506773937 0.026
-1400.22638556699 0.026
-1400.22638556699 0.026
-1400.22638556699 0.026
-1400.34242257435 0.026
-1400.61198418465 0.026
-1400.61198418465 0.026
-1400.62345216587 0.026
-1400.62345216587 0.026
-1400.62960883798 0.026
-1400.62960883798 0.026
-1400.62960883798 0.026
-1400.62960883798 0.026
-1400.62960883798 0.026
-1401.11496618743 0.026
-1401.11496618743 0.026
-1401.11496618743 0.026
-1401.73444538777 0.026
-1401.73444538777 0.026
-1402.98383700301 0.026
-1402.98383700301 0.026
-1403.09796893878 0.026
-1403.14733973933 0.026
-1403.14733973933 0.026
-1403.14733973933 0.026
-1403.28676908371 0.026
-1403.28676908371 0.026
-1403.28676908371 0.026
-1403.28676908371 0.026
-1403.43912191484 0.026
-1403.43912191484 0.026
-1403.49791896961 0.026
-1403.87744014618 0.026
-1403.87744014618 0.026
-1404.49854733102 0.026
-1404.49854733102 0.026
-1404.49854733102 0.026
-1404.49854733102 0.026
-1404.49854733102 0.026
-1405.15184920187 0.026
-1405.15184920187 0.026
-1405.15184920187 0.026
-1405.15184920187 0.026
-1405.15184920187 0.026
-1405.15184920187 0.026
-1405.59112930545 0.026
-1405.59112930545 0.026
-1405.91163816611 0.026
-1405.91163816611 0.026
-1407.26700181424 0.026
-1408.78101342244 0.026
-1408.8030913239 0.026
-1408.8030913239 0.026
-1409.77642406228 0.026
-1409.77642406228 0.026
-1409.77642406228 0.026
-1409.78580873392 0.026
-1410.05638179157 0.026
-1410.05638179157 0.026
-1410.51757495173 0.026
-1410.51757495173 0.026
-1410.51757495173 0.026
-1410.51757495173 0.026
-1410.51757495173 0.026
-1410.51757495173 0.026
-1410.51757495173 0.026
-1410.51757495173 0.026
-1410.51757495173 0.026
-1410.53605481692 0.026
-1414.20930541563 0.026
-1414.28477784681 0.026
-1415.0382994238 0.026
-1415.0382994238 0.026
-1415.42169678575 0.026
-1415.42169678575 0.026
-1415.42169678575 0.026
-1415.5562582755 0.026
-1415.5562582755 0.026
-1415.99769278974 0.026
-1416.00726163107 0.026
-1416.00726163107 0.026
-1416.00726163107 0.026
-1417.2066988403 0.026
-1417.2066988403 0.026
-1417.2066988403 0.026
-1417.47390179704 0.026
-1417.47390179704 0.026
-1417.61144528076 0.026
-1418.02262070113 0.026
-1418.02262070113 0.026
-1418.03697928978 0.026
-1418.03697928978 0.026
-1418.03697928978 0.026
-1418.21954909782 0.026
-1418.31597788101 0.026
-1418.31597788101 0.026
-1418.31597788101 0.026
-1418.35019210231 0.026
-1418.57346518113 0.026
-1418.57346518113 0.026
-1418.57346518113 0.026
-1419.23977399547 0.026
-1419.56228176823 0.026
-1419.62744551288 0.026
-1419.62744551288 0.026
-1419.62744551288 0.026
-1419.62744551288 0.026
-1419.62744551288 0.026
-1419.62744551288 0.026
-1419.62744551288 0.026
-1419.68026352594 0.026
-1419.68026352594 0.026
-1419.76247200217 0.026
-1419.76247200217 0.026
-1419.97886102047 0.026
-1419.97886102047 0.026
-1419.97886102047 0.026
-1421.84258112581 0.026
-1422.29077123553 0.026
-1422.29077123553 0.026
-1423.24634590688 0.026
-1423.24634590688 0.026
-1423.60250337322 0.026
-1423.60250337322 0.026
-1423.87101718795 0.026
-1423.87101718795 0.026
-1423.87101718795 0.026
-1423.88404754573 0.026
-1423.88404754573 0.026
-1423.88404754573 0.026
-1423.88404754573 0.026
-1424.12064664965 0.026
-1424.5905770568 0.026
-1424.5905770568 0.026
-1424.5905770568 0.026
-1424.5905770568 0.026
-1424.5905770568 0.026
-1424.5905770568 0.026
-1424.5905770568 0.026
-1424.5905770568 0.026
-1426.01215999448 0.026
-1426.01215999448 0.026
-1426.01215999448 0.026
-1426.02018769047 0.026
-1426.02018769047 0.026
-1426.02018769047 0.026
-1426.02018769047 0.026
-1426.02018769047 0.026
-1426.02018769047 0.026
-1426.29315783341 0.026
-1426.29315783341 0.026
-1426.29315783341 0.026
-1426.29315783341 0.026
-1426.29315783341 0.026
-1426.29315783341 0.026
-1426.29315783341 0.026
-1426.29315783341 0.026
-1426.29315783341 0.026
-1426.54882013098 0.026
-1427.15015560051 0.026
-1427.15015560051 0.026
-1427.19289290561 0.026
-1427.37117529803 0.026
-1427.46555389931 0.026
-1427.46555389931 0.026
-1427.51865019099 0.026
-1427.51865019099 0.026
-1427.51865019099 0.026
-1427.51865019099 0.026
-1427.72335268872 0.026
-1427.74663627026 0.026
-1427.74663627026 0.026
-1427.76015653718 0.026
-1427.76015653718 0.026
-1427.76015653718 0.026
-1427.95993411114 0.026
-1428.33685251834 0.026
-1428.40463629919 0.026
-1428.40463629919 0.026
-1428.41621994718 0.026
-1428.41621994718 0.026
-1428.79022831803 0.026
-1428.79022831803 0.026
-1428.79966427182 0.026
-1428.79966427182 0.026
-1428.79966427182 0.026
-1428.79966427182 0.026
-1428.79966427182 0.026
-1428.79966427182 0.026
-1429.42189581604 0.026
-1429.42189581604 0.026
-1429.47510622894 0.026
-1429.47510622894 0.026
-1429.47510622894 0.026
-1429.47510622894 0.026
-1429.83724496271 0.026
-1429.83724496271 0.026
-1429.8382994775 0.026
-1429.8382994775 0.026
-1429.8382994775 0.026
-1429.8382994775 0.026
-1429.8382994775 0.026
-1429.8382994775 0.026
-1429.8382994775 0.026
-1429.8382994775 0.026
-1431.23138813105 0.026
-1431.5421050853 0.026
-1431.5421050853 0.026
-1431.69914578633 0.026
-1431.92152090951 0.026
-1431.92152090951 0.026
-1431.92152090951 0.026
-1431.92152090951 0.026
-1431.92152090951 0.026
-1431.92152090951 0.026
-1431.97526943364 0.026
-1431.97526943364 0.026
-1431.97526943364 0.026
-1431.9974777469 0.026
-1431.9974777469 0.026
-1431.9974777469 0.026
-1431.9974777469 0.026
-1431.9974777469 0.026
-1432.24554935674 0.026
-1432.24554935674 0.026
-1432.24554935674 0.026
-1432.24554935674 0.026
-1432.26999419468 0.026
-1432.26999419468 0.026
-1432.26999419468 0.026
-1432.26999419468 0.026
-1432.26999419468 0.026
-1432.34791878076 0.026
-1434.0423794247 0.026
-1434.0423794247 0.026
-1434.14905674891 0.026
-1434.14905674891 0.026
-1434.34566745405 0.026
-1434.34566745405 0.026
-1434.34587703885 0.026
-1434.34587703885 0.026
-1434.34587703885 0.026
-1434.34587703885 0.026
-1434.34587703885 0.026
-1434.34587703885 0.026
-1434.34587703885 0.026
-1434.34587703885 0.026
-1434.73591906216 0.026
-1434.8285494627 0.026
-1436.00067255023 0.026
-1436.00067255023 0.026
-1436.00067255023 0.026
-1436.02279094203 0.026
-1436.02279094203 0.026
-1436.02279094203 0.026
-1436.02279094203 0.026
-1436.05294414602 0.026
-1436.05294414602 0.026
-1436.05294414602 0.026
-1436.05294414602 0.026
-1436.1701994229 0.026
-1436.31232496485 0.026
-1436.31232496485 0.026
-1436.31232496485 0.026
-1436.31232496485 0.026
-1436.31232496485 0.026
-1436.34060039173 0.026
-1436.34060039173 0.026
-1436.34060039173 0.026
-1437.19488652845 0.026
-1437.19488652845 0.026
-1437.19488652845 0.026
-1437.19488652845 0.026
-1437.19488652845 0.026
-1437.28906440657 0.026
-1437.28906440657 0.026
-1437.28906440657 0.026
-1437.28906440657 0.026
-1437.28906440657 0.026
-1437.28906440657 0.026
-1437.28906440657 0.026
-1437.28906440657 0.026
-1437.28906440657 0.026
-1437.28906440657 0.026
-1437.53080485469 0.026
-1437.99676493294 0.026
-1437.99676493294 0.026
-1438.07803176421 0.026
-1438.35573785755 0.026
-1438.37377987824 0.026
-1438.37377987824 0.026
-1438.37377987824 0.026
-1438.37377987824 0.026
-1438.37377987824 0.026
-1438.37377987824 0.026
-1438.65868142166 0.026
-1438.65868142166 0.026
-1438.65868142166 0.026
-1439.43551262337 0.026
-1439.43551262337 0.026
-1439.43551262337 0.026
-1439.9806688122 0.026
-1440.0971198489 0.026
-1440.0971198489 0.026
-1440.64204638825 0.026
-1440.64204638825 0.026
-1440.64204638825 0.026
-1440.64204638825 0.026
-1440.72140866522 0.026
-1440.93845236558 0.026
-1440.93845236558 0.026
-1440.93845236558 0.026
-1440.93845236558 0.026
-1440.93845236558 0.026
-1441.2569976091 0.026
-1441.35076936336 0.026
-1441.35076936336 0.026
-1441.35076936336 0.026
-1441.46331891015 0.026
-1441.46331891015 0.026
-1441.49187446557 0.026
-1441.53794520582 0.026
-1441.53794520582 0.026
-1441.53794520582 0.026
-1441.55134227442 0.026
-1441.55134227442 0.026
-1441.55134227442 0.026
-1441.55641164969 0.026
-1441.55641164969 0.026
-1441.55641164969 0.026
-1442.62805937163 0.026
-1442.62805937163 0.026
-1443.34787476872 0.026
-1443.40182659211 0.026
-1443.40182659211 0.026
-1443.40182659211 0.026
-1443.40182659211 0.026
-1443.40182659211 0.026
-1443.40182659211 0.026
-1443.40182659211 0.026
-1443.40182659211 0.026
-1443.40182659211 0.026
-1443.54899191905 0.026
-1443.54899191905 0.026
-1443.54899191905 0.026
-1443.54899191905 0.026
-1443.54899191905 0.026
-1443.59509407723 0.026
-1443.69897753176 0.026
-1443.69897753176 0.026
-1444.60512515576 0.026
-1444.71551008158 0.026
-1445.13779783186 0.026
-1445.13779783186 0.026
-1445.13779783186 0.026
-1445.98201611164 0.026
-1445.98201611164 0.026
-1445.98201611164 0.026
-1445.98201611164 0.026
-1445.98201611164 0.026
-1446.05676993899 0.026
-1446.05676993899 0.026
-1446.05676993899 0.026
-1446.05676993899 0.026
-1446.05676993899 0.026
-1446.05676993899 0.026
-1446.17449621725 0.026
-1446.17449621725 0.026
-1446.17449621725 0.026
-1446.29153093849 0.026
-1446.29153093849 0.026
-1446.29153093849 0.026
-1446.29153093849 0.026
-1446.52671764363 0.026
-1446.5577411801 0.026
-1446.7638976278 0.026
-1446.84753846337 0.026
-1446.84753846337 0.026
-1446.84753846337 0.026
-1446.84742897511 0.026
-1446.84742897511 0.026
-1446.84742897511 0.026
-1446.84742897511 0.026
-1447.10695583046 0.026
-1447.10695583046 0.026
-1447.16080195829 0.026
-1447.50415689205 0.026
-1447.50415689205 0.026
-1447.50415689205 0.026
-1447.50415689205 0.026
-1447.50415689205 0.026
-1447.69399666859 0.026
-1447.8322291042 0.026
-1447.8322291042 0.026
-1447.8322291042 0.026
-1447.86171241114 0.026
-1447.86171241114 0.026
-1447.86554843648 0.026
-1447.91411026161 0.026
-1447.91411026161 0.026
-1447.93860037228 0.026
-1447.93860037228 0.026
-1447.93860037228 0.026
-1447.93860037228 0.026
-1447.93860037228 0.026
-1447.93860037228 0.026
-1447.93860037228 0.026
-1447.93860037228 0.026
-1447.93860037228 0.026
-1447.97646389082 0.026
-1447.97646389082 0.026
-1447.97646389082 0.026
-1447.98160282375 0.026
-1448.17366173065 0.026
-1448.23841781042 0.026
-1448.23841781042 0.026
-1448.23841781042 0.026
-1448.30876321108 0.026
-1448.30876321108 0.026
-1448.30876321108 0.026
-1448.30876321108 0.026
-1449.13163699386 0.026
-1449.13163699386 0.026
-1449.27296950631 0.026
-1449.27296950631 0.026
-1449.27296950631 0.026
-1449.32783836059 0.026
-1449.32783836059 0.026
-1449.32783836059 0.026
-1449.32783836059 0.026
-1449.74054877347 0.026
-1449.74054877347 0.026
-1449.76579973799 0.026
-1449.76579973799 0.026
-1449.76579973799 0.026
-1449.79320896248 0.026
-1450.68013280435 0.026
-1450.68013280435 0.026
-1451.37328407228 0.026
-1451.37328407228 0.026
-1451.37328407228 0.026
-1451.37328407228 0.026
-1451.37328407228 0.026
-1451.37328407228 0.026
-1451.57194391208 0.026
-1451.57194391208 0.026
-1451.57194391208 0.026
-1451.57194391208 0.026
-1451.57194391208 0.026
-1451.59598633856 0.026
-1451.59598633856 0.026
-1451.59598633856 0.026
-1451.59598633856 0.026
-1451.8611381303 0.026
-1451.8611381303 0.026
-1451.8611381303 0.026
-1451.89921394146 0.026
-1451.89921394146 0.026
-1451.89921394146 0.026
-1451.89921394146 0.026
-1452.07683768074 0.026
-1452.07683768074 0.026
-1452.84949788652 0.026
-1452.96947133153 0.026
-1453.49291917081 0.026
-1453.49291917081 0.026
-1453.85653459253 0.026
-1453.85653459253 0.026
-1453.85653459253 0.026
-1453.90800091361 0.026
-1453.90800091361 0.026
-1453.93690612776 0.026
-1453.93690612776 0.026
-1453.93690612776 0.026
-1453.96627007801 0.026
-1453.96627007801 0.026
-1453.96627007801 0.026
-1453.96627007801 0.026
-1454.37435387416 0.026
-1454.37435387416 0.026
-1454.37435387416 0.026
-1454.37435387416 0.026
-1454.37435387416 0.026
-1454.37435387416 0.026
-1454.37435387416 0.026
-1454.37435387416 0.026
-1454.40903871254 0.026
-1454.40980331059 0.026
-1454.40980331059 0.026
-1454.44959265616 0.026
-1454.44959265616 0.026
-1454.44959265616 0.026
-1454.44959265616 0.026
-1454.47298203998 0.026
-1454.47298203998 0.026
-1454.47298203998 0.026
-1454.47298203998 0.026
-1455.54119430509 0.026
-1455.54119430509 0.026
-1456.13498203006 0.026
-1456.13498203006 0.026
-1456.13498203006 0.026
-1456.13498203006 0.026
-1456.13498203006 0.026
-1456.13498203006 0.026
-1456.13498203006 0.026
-1456.13498203006 0.026
-1456.13498203006 0.026
-1456.52486068851 0.026
-1456.61647531205 0.026
-1456.61647531205 0.026
-1456.61647531205 0.026
-1456.61647531205 0.026
-1456.61647531205 0.026
-1456.61647531205 0.026
-1456.61647531205 0.026
-1457.30634287591 0.026
-1457.30634287591 0.026
-1457.30634287591 0.026
-1457.30634287591 0.026
-1457.30634287591 0.026
-1457.30634287591 0.026
-1457.30634287591 0.026
-1457.30634287591 0.026
-1457.30634287591 0.026
-1457.61098062696 0.026
-1458.28306183638 0.026
-1458.80859239163 0.026
-1458.80859239163 0.026
-1458.80859239163 0.026
-1458.80859239163 0.026
-1458.80859239163 0.026
-1458.80859239163 0.026
-1458.80859239163 0.026
-1459.03297478785 0.026
-1459.03297478785 0.026
-1459.03297478785 0.026
-1459.03297478785 0.026
-1459.03297478785 0.026
-1459.03297478785 0.026
-1459.03297478785 0.026
-1459.03297478785 0.026
-1459.03297478785 0.026
-1459.09884314084 0.026
-1459.15195060614 0.026
-1459.15195060614 0.026
-1459.21325307004 0.026
-1459.26972037392 0.026
-1459.26972037392 0.026
-1459.26972037392 0.026
-1459.5744076044 0.026
-1459.5744076044 0.026
-1459.5744076044 0.026
-1459.5744076044 0.026
-1459.5744076044 0.026
-1459.5744076044 0.026
-1459.62320170045 0.026
-1459.637973315 0.026
-1459.71445527738 0.026
-1459.71445527738 0.026
-1459.71445527738 0.026
-1459.71445527738 0.026
-1460.21240288347 0.026
-1460.21240288347 0.026
-1460.21240288347 0.026
-1460.21240288347 0.026
-1460.21240288347 0.026
-1460.21240288347 0.026
-1460.21240288347 0.026
-1460.21240288347 0.026
-1460.28180431515 0.026
-1460.40625921664 0.026
-1460.40625921664 0.026
-1460.40625921664 0.026
-1460.48764733364 0.026
-1460.48764733364 0.026
-1460.488636968 0.026
-1460.488636968 0.026
-1460.488636968 0.026
-1460.52825085822 0.026
-1460.58886713265 0.026
-1460.82397224596 0.026
-1460.82397224596 0.026
-1460.86664978283 0.026
-1461.00599159365 0.026
-1461.00599159365 0.026
-1461.389578846 0.026
-1461.389578846 0.026
-1461.389578846 0.026
-1461.389578846 0.026
-1461.389578846 0.026
-1461.389578846 0.026
-1461.83330748556 0.026
-1461.83330748556 0.026
-1461.83330748556 0.026
-1461.83330748556 0.026
-1461.94921230268 0.026
-1461.94921230268 0.026
-1462.15805492383 0.026
-1462.15805492383 0.026
-1462.15805492383 0.026
-1462.23176891576 0.026
-1462.23176891576 0.026
-1462.31631455293 0.026
-1462.31631455293 0.026
-1462.31631455293 0.026
-1462.31631455293 0.026
-1462.32460915191 0.026
-1462.32460915191 0.026
-1462.32460915191 0.026
-1462.46030867154 0.026
-1462.46030867154 0.026
-1462.46030867154 0.026
-1462.51604998537 0.026
-1462.51604998537 0.026
-1462.51604998537 0.026
-1462.71352831747 0.026
-1462.72050493666 0.026
-1462.72050493666 0.026
-1462.72050493666 0.026
-1462.72098119993 0.026
-1462.72098119993 0.026
-1462.72098119993 0.026
-1462.72098119993 0.026
-1462.72545294663 0.026
-1462.80029998506 0.026
-1462.80029998506 0.026
-1462.80029998506 0.026
-1462.80029998506 0.026
-1462.80029998506 0.026
-1463.11639974491 0.026
-1463.11639974491 0.026
-1463.12350429532 0.026
-1463.33499844962 0.026
-1463.49950085598 0.026
-1463.49950085598 0.026
-1463.57582023932 0.026
-1463.57582023932 0.026
-1463.57582023932 0.026
-1463.57582023932 0.026
-1463.59876810308 0.026
-1463.59876810308 0.026
-1463.59876810308 0.026
-1463.59876810308 0.026
-1463.70814835568 0.026
-1463.85970400344 0.026
-1463.85970400344 0.026
-1463.85970400344 0.026
-1463.85970400344 0.026
-1463.9593889462 0.026
-1463.9593889462 0.026
-1463.9593889462 0.026
-1463.9593889462 0.026
-1464.26155540231 0.026
-1464.26155540231 0.026
-1464.26155540231 0.026
-1464.26155540231 0.026
-1464.26441131121 0.026
-1464.26441131121 0.026
-1464.26441131121 0.026
-1464.26441131121 0.026
-1464.26441131121 0.026
-1464.26441131121 0.026
-1464.59051836975 0.026
-1464.59051836975 0.026
-1464.59051836975 0.026
-1464.5998583237 0.026
-1464.5998583237 0.026
-1465.11336747955 0.026
-1465.11336747955 0.026
-1465.11336747955 0.026
-1465.11336747955 0.026
-1465.33216903857 0.026
-1465.38788381557 0.026
-1465.43495695381 0.026
-1465.43495695381 0.026
-1465.43495695381 0.026
-1465.67169232308 0.026
-1465.67169232308 0.026
-1465.87128716924 0.026
-1465.87128716924 0.026
-1465.87128716924 0.026
-1466.07916929225 0.026
-1466.07916929225 0.026
-1466.07916929225 0.026
-1466.19489977806 0.026
-1466.19489977806 0.026
-1466.23040308822 0.026
-1466.28638403593 0.026
-1466.28638403593 0.026
-1466.28638403593 0.026
-1466.36960381293 0.026
-1466.36960381293 0.026
-1466.36960381293 0.026
-1466.36960381293 0.026
-1466.37585919669 0.026
-1466.53897219834 0.026
-1466.53897219834 0.026
-1466.67422717756 0.026
-1466.67422717756 0.026
-1466.67422717756 0.026
-1466.67422717756 0.026
-1466.96381724589 0.026
-1466.96381724589 0.026
-1466.96381724589 0.026
-1466.96381724589 0.026
-1466.96381724589 0.026
-1466.96713467091 0.026
-1466.96713467091 0.026
-1466.96713467091 0.026
-1467.12875107282 0.026
-1467.12875107282 0.026
-1467.29406549922 0.026
-1467.29406549922 0.026
-1467.29406549922 0.026
-1467.7948062849 0.026
-1467.7948062849 0.026
-1467.7948062849 0.026
-1467.82095316575 0.026
-1467.82095316575 0.026
-1467.82095316575 0.026
-1467.82095316575 0.026
-1467.85884646448 0.026
-1467.85884646448 0.026
-1467.85884646448 0.026
-1467.85884646448 0.026
-1467.8630061395 0.026
-1468.01799137608 0.026
-1468.01799137608 0.026
-1468.01799137608 0.026
-1468.01799137608 0.026
-1468.01799137608 0.026
-1468.01799137608 0.026
-1468.01799137608 0.026
-1468.01799137608 0.026
-1468.01799137608 0.026
-1468.01799137608 0.026
-1468.01799137608 0.026
-1468.01799137608 0.026
-1468.01799137608 0.026
-1468.01799137608 0.026
-1468.01799137608 0.026
-1468.01799137608 0.026
-1468.01799137608 0.026
-1468.01799137608 0.026
-1468.08545915438 0.026
-1468.08545915438 0.026
-1468.08545915438 0.026
-1468.2052046156 0.026
-1468.23416909837 0.026
-1468.23416909837 0.026
-1468.64223304943 0.026
-1468.65109878909 0.026
-1468.65109878909 0.026
-1468.65109878909 0.026
-1468.65109878909 0.026
-1468.65109878909 0.026
-1468.65109878909 0.026
-1468.65109878909 0.026
-1468.65109878909 0.026
-1468.65109878909 0.026
-1468.6676882151 0.026
-1468.6676882151 0.026
-1468.6676882151 0.026
-1468.6676882151 0.026
-1468.6676882151 0.026
-1468.76366263337 0.026
-1468.84835974813 0.026
-1468.84835974813 0.026
-1468.84835974813 0.026
-1468.84835974813 0.026
-1468.85294636698 0.026
-1468.85294636698 0.026
-1468.85294636698 0.026
-1468.85294636698 0.026
-1468.85294636698 0.026
-1469.20338430214 0.026
-1469.20338430214 0.026
-1469.20338430214 0.026
-1469.20338430214 0.026
-1469.26851488072 0.026
-1469.26851488072 0.026
-1469.2747090118 0.026
-1469.29143461876 0.026
-1469.35209485012 0.026
-1469.36809957169 0.026
-1469.36809957169 0.026
-1469.36809957169 0.026
-1469.36809957169 0.026
-1469.5756314566 0.026
-1469.5756314566 0.026
-1469.5756314566 0.026
-1470.56736460213 0.026
-1470.56736460213 0.026
-1470.56736460213 0.026
-1470.56736460213 0.026
-1470.73395583061 0.026
-1470.74777408695 0.026
-1470.74777408695 0.026
-1470.74777408695 0.026
-1470.74777408695 0.026
-1470.74777408695 0.026
-1470.76165658996 0.026
-1470.76165658996 0.026
-1470.76165658996 0.026
-1470.80777653593 0.026
-1470.80777653593 0.026
-1470.80777653593 0.026
-1470.80777653593 0.026
-1470.80777653593 0.026
-1470.80777653593 0.026
-1470.80777653593 0.026
-1470.80777653593 0.026
-1470.80777653593 0.026
-1470.87906883954 0.026
-1471.04595311104 0.026
-1471.04595311104 0.026
-1471.04595311104 0.026
-1471.04595311104 0.026
-1471.07261220624 0.026
-1471.07261220624 0.026
-1471.16411050424 0.026
-1471.16411050424 0.026
-1471.16411050424 0.026
-1471.16411050424 0.026
-1471.16411050424 0.026
-1471.16411050424 0.026
-1471.17238798659 0.026
-1471.17556516639 0.026
-1471.17556516639 0.026
-1471.40250850083 0.026
-1471.40250850083 0.026
-1471.40250850083 0.026
-1471.40250850083 0.026
-1471.40250850083 0.026
-1471.40250850083 0.026
-1471.40250850083 0.026
-1471.40250850083 0.026
-1471.40250850083 0.026
-1471.40250850083 0.026
-1471.58303523303 0.026
-1471.58303523303 0.026
-1471.58303523303 0.026
-1471.58303523303 0.026
-1471.67371566811 0.026
-1471.67371566811 0.026
-1471.67371566811 0.026
-1471.67371566811 0.026
-1471.67371566811 0.026
-1471.67371566811 0.026
-1471.67371566811 0.026
-1471.67371566811 0.026
-1471.8618380212 0.026
-1471.8618380212 0.026
-1471.8618380212 0.026
-1471.8618380212 0.026
-1471.8618380212 0.026
-1471.8618380212 0.026
-1471.87086021762 0.026
-1471.87086021762 0.026
-1471.87086021762 0.026
-1471.87086021762 0.026
-1471.87086021762 0.026
-1471.87114031243 0.026
-1471.87114031243 0.026
-1472.17696292718 0.026
-1472.17696292718 0.026
-1472.17696292718 0.026
-1472.17696292718 0.026
-1472.17696292718 0.026
-1472.17696292718 0.026
-1472.17696292718 0.026
-1472.17696292718 0.026
-1472.17696292718 0.026
-1472.17696292718 0.026
-1472.17696292718 0.026
-1472.17696292718 0.026
-1472.17696292718 0.026
-1472.17696292718 0.026
-1472.17696292718 0.026
-1472.17696292718 0.026
-1472.17696292718 0.026
-1472.17696292718 0.026
-1472.17696292718 0.026
-1472.28963414777 0.026
-1472.28963414777 0.026
-1472.28963414777 0.026
-1472.28963414777 0.026
-1472.28963414777 0.026
-1472.28963414777 0.026
-1472.35324039051 0.026
-1472.36363782193 0.026
-1472.36363782193 0.026
-1472.36363782193 0.026
-1472.38050341022 0.026
-1472.38050341022 0.026
-1472.38050341022 0.026
-1472.38050341022 0.026
-1472.74056180046 0.026
-1472.74056180046 0.026
-1472.74056180046 0.026
-1472.74056180046 0.026
-1472.74056180046 0.026
-1472.74056180046 0.026
-1472.74056180046 0.026
-1472.74056180046 0.026
-1472.74056180046 0.026
-1472.74056180046 0.026
-1472.74056180046 0.026
-1472.74056180046 0.026
-1472.74056180046 0.026
-1472.74056180046 0.026
-1472.74056180046 0.026
-1472.7564075157 0.026
-1472.94262577359 0.026
-1472.94262577359 0.026
-1472.94262577359 0.026
-1472.94262577359 0.026
-1472.94262577359 0.026
-1472.94262577359 0.026
-1472.96824987744 0.026
-1472.96824987744 0.026
-1472.96824987744 0.026
-1472.96824987744 0.026
-1472.96824987744 0.026
-1472.96824987744 0.026
-1472.96824987744 0.026
-1472.96824987744 0.026
-1472.96824987744 0.026
-1472.96824987744 0.026
-1472.96824987744 0.026
-1472.96824987744 0.026
-1472.96824987744 0.026
-1472.96824987744 0.026
-1472.96824987744 0.026
-1472.96824987744 0.026
-1472.96824987744 0.026
-1472.96824987744 0.026
-1472.96824987744 0.026
-1472.96824987744 0.026
-1472.96824987744 0.026
-1472.96824987744 0.026
-1472.96824987744 0.026
-1472.96824987744 0.026
-1472.99117197408 0.026
-1472.99117197408 0.026
-1472.99117197408 0.026
-1472.99117197408 0.026
-1472.99117197408 0.026
-1473.06170195351 0.026
-1473.06170195351 0.026
-1473.06170195351 0.026
-1473.07888605335 0.026
-1473.21459976448 0.026
-1473.21459976448 0.026
-1473.35463060803 0.026
-1473.35463060803 0.026
-1473.35463060803 0.026
-1473.35463060803 0.026
-1473.35463060803 0.026
-1473.35463060803 0.026
-1473.35463060803 0.026
-1473.35463060803 0.026
-1473.35463060803 0.026
-1473.35463060803 0.026
-1473.35463060803 0.026
-1473.35463060803 0.026
-1473.75487398593 0.026
-1473.75487398593 0.026
-1473.75487398593 0.026
-1473.75487398593 0.026
-1473.75487398593 0.026
-1473.75487398593 0.026
-1473.75487398593 0.026
-1473.75487398593 0.026
-1473.75487398593 0.026
-1473.75487398593 0.026
-1473.75487398593 0.026
-1473.75487398593 0.026
-1473.75487398593 0.026
-1473.86149585215 0.026
-1473.86149585215 0.026
-1473.86149585215 0.026
-1473.93196933631 0.026
-1473.93196933631 0.026
-1473.93196933631 0.026
-1473.93196933631 0.026
-1473.93196933631 0.026
-1473.93196933631 0.026
-1473.93196933631 0.026
-1473.93196933631 0.026
-1473.93196933631 0.026
-1473.93196933631 0.026
-1473.96858880409 0.026
-1474.15416137759 0.026
-1474.15416137759 0.026
-1474.26608825738 0.026
-1474.26608825738 0.026
-1474.26608825738 0.026
-1474.31922870049 0.026
-1474.31922870049 0.026
-1474.37425933017 0.026
-1474.37425933017 0.026
-1474.37425933017 0.026
-1474.37425933017 0.026
-1474.37425933017 0.026
-1474.37425933017 0.026
-1474.37425933017 0.026
-1474.37425933017 0.026
-1474.37425933017 0.026
-1474.37425933017 0.026
-1474.37426274783 0.026
-1474.37426274783 0.026
-1474.37426274783 0.026
-1474.46790736235 0.026
-1474.46790736235 0.026
-1474.50695375983 0.026
-1474.50695375983 0.026
-1474.50695375983 0.026
-1474.50695375983 0.026
-1474.59496983327 0.026
-1474.59496983327 0.026
-1474.59496983327 0.026
-1474.59496983327 0.026
-1474.59496983327 0.026
-1474.59496983327 0.026
-1474.60922902989 0.026
-1474.60922902989 0.026
-1474.60922902989 0.026
-1474.66002461131 0.026
-1474.74110032944 0.026
-1474.74110032944 0.026
-1474.75807781494 0.026
-1474.75807781494 0.026
-1474.81483436597 0.026
-1474.84710103525 0.026
-1474.84710103525 0.026
-1474.84710103525 0.026
-1474.85155806368 0.026
-1474.85155806368 0.026
-1474.85155806368 0.026
-1474.87287204981 0.026
-1474.87630208241 0.026
-1474.87630208241 0.026
-1474.87630208241 0.026
-1474.94986946353 0.026
-1474.94986946353 0.026
-1474.98196356858 0.026
-1474.98196356858 0.026
-1474.98196356858 0.026
-1474.98196356858 0.026
-1474.98196356858 0.026
-1474.98196356858 0.026
-1474.98196356858 0.026
-1474.98196356858 0.026
-1474.98196356858 0.026
-1474.98196356858 0.026
-1475.30525061977 0.026
-1475.30525061977 0.026
-1475.30525061977 0.026
-1475.30525061977 0.026
-1475.30525061977 0.026
-1475.30525061977 0.026
-1475.30525061977 0.026
-1475.30525061977 0.026
-1475.30525061977 0.026
-1475.30525061977 0.026
-1475.30525061977 0.026
-1475.30525061977 0.026
-1475.30525061977 0.026
-1475.30525061977 0.026
-1475.30525061977 0.026
-1475.30525061977 0.026
-1475.30525061977 0.026
-1475.30525061977 0.026
-1475.30525061977 0.026
-1475.30525061977 0.026
-1475.30525061977 0.026
-1475.30525061977 0.026
-1475.30525061977 0.026
-1475.30525061977 0.026
-1475.30525061977 0.026
-1475.30525061977 0.026
-1475.30525061977 0.026
-1475.30525061977 0.026
-1475.31959264991 0.026
-1475.31959264991 0.026
-1475.3309725708 0.026
-1475.42621434014 0.026
-1475.42621434014 0.026
-1475.42621434014 0.026
-1475.42621434014 0.026
-1475.42621434014 0.026
-1475.42621434014 0.026
-1475.42621434014 0.026
-1475.42621434014 0.026
-1475.42621434014 0.026
-1475.42621434014 0.026
-1475.42621434014 0.026
-1475.42621434014 0.026
-1475.42621434014 0.026
-1475.42621434014 0.026
-1475.42621434014 0.026
-1475.49506640762 0.026
-1475.5588304134 0.026
-1475.5588304134 0.026
-1475.5588304134 0.026
-1475.5588304134 0.026
-1475.5588304134 0.026
-1475.5588304134 0.026
-1475.5588304134 0.026
-1475.5588304134 0.026
-1475.5588304134 0.026
-1475.5588304134 0.026
-1475.57627807521 0.026
-1475.58557746511 0.026
-1475.58557746511 0.026
-1475.58557746511 0.026
-1475.58557746511 0.026
-1475.59847078099 0.026
-1475.59847078099 0.026
-1475.59847078099 0.026
-1475.59847078099 0.026
-1475.59847078099 0.026
-1475.59847078099 0.026
-1475.63031985404 0.026
-1475.63031985404 0.026
-1475.63031985404 0.026
-1475.63031985404 0.026
-1475.63031985404 0.026
-1475.63031985404 0.026
-1475.63031985404 0.026
-1475.63031985404 0.026
-1475.63031985404 0.026
-1475.63031985404 0.026
-1475.63031985404 0.026
-1475.63031985404 0.026
-1475.63031985404 0.026
-1475.63031985404 0.026
-1475.63031985404 0.026
-1475.63031985404 0.026
-1475.63031985404 0.026
-1475.63031985404 0.026
-1475.63031985404 0.026
-1475.63031985404 0.026
-1475.63031985404 0.026
-1475.63031985404 0.026
-1475.63031985404 0.026
-1475.63031985404 0.026
-1475.63031985404 0.026
-1475.63031985404 0.026
-1475.63031985404 0.026
-1475.63031985404 0.026
-1475.63031985404 0.026
-1475.76134989516 0.026
-1475.81302254459 0.026
-1475.81302254459 0.026
-1476.00206053651 0.026
-1476.00206053651 0.026
-1476.00206053651 0.026
-1476.00206053651 0.026
-1476.00206053651 0.026
-1476.00206053651 0.026
-1476.00206053651 0.026
-1476.00206053651 0.026
-1476.00206053651 0.026
-1476.00206053651 0.026
-1476.00206053651 0.026
-1476.00206053651 0.026
-1476.07279383579 0.026
-1476.10885546769 0.026
-1476.10885546769 0.026
-1476.18504905634 0.026
-1476.32198122843 0.026
-1476.32198122843 0.026
-1476.32198122843 0.026
-1476.32198122843 0.026
-1476.32988219076 0.026
-1476.33228360812 0.026
-1476.33228360812 0.026
-1476.33228360812 0.026
-1476.36429487536 0.026
-1476.36429487536 0.026
-1476.40721827863 0.026
-1476.40721827863 0.026
-1476.40721827863 0.026
-1476.40721827863 0.026
-1476.47645371205 0.026
-1476.47645371205 0.026
-1476.47645371205 0.026
-1476.47645371205 0.026
-1476.47645371205 0.026
-1476.47645371205 0.026
-1476.47645371205 0.026
-1476.47645371205 0.026
-1476.47645371205 0.026
-1476.4794970374 0.026
-1476.4794970374 0.026
-1476.4794970374 0.026
-1476.80665357609 0.026
-1476.80665357609 0.026
-1476.80665357609 0.026
-1476.80665357609 0.026
-1476.80665357609 0.026
-1476.80665357609 0.026
-1476.80665357609 0.026
-1476.80665357609 0.026
-1476.80665357609 0.026
-1476.82110533629 0.026
-1476.82110533629 0.026
-1476.82110533629 0.026
-1476.82110533629 0.026
-1476.82110533629 0.026
-1476.82110533629 0.026
-1476.82110533629 0.026
-1476.82110533629 0.026
-1476.82110533629 0.026
-1476.82110533629 0.026
-1476.82110533629 0.026
-1476.82110533629 0.026
-1476.82110533629 0.026
-1476.90597102003 0.026
-1476.90597102003 0.026
-1476.90597102003 0.026
-1476.90597102003 0.026
-1476.90597102003 0.026
-1476.91448835953 0.026
-1476.91448835953 0.026
-1476.91448835953 0.026
-1476.93713402409 0.026
-1476.93868222553 0.026
-1476.93868222553 0.026
-1476.93868222553 0.026
-1476.93868222553 0.026
-1476.93868222553 0.026
-1476.93868222553 0.026
-1476.95634095841 0.026
-1476.97541823155 0.026
-1476.97541823155 0.026
-1476.97541823155 0.026
-1476.97541823155 0.026
-1476.97541823155 0.026
-1476.97541823155 0.026
-1476.97541823155 0.026
-1476.97541823155 0.026
-1476.97541823155 0.026
-1476.97541823155 0.026
-1476.97541823155 0.026
-1476.97541823155 0.026
-1476.97541823155 0.026
-1476.97541823155 0.026
-1476.97541823155 0.026
-1476.97541823155 0.026
-1476.97541823155 0.026
-1476.97894470745 0.026
-1477.05410654937 0.026
-1477.05410654937 0.026
-1477.05410654937 0.026
-1477.05410654937 0.026
-1477.09578717549 0.026
-1477.09578717549 0.026
-1477.09578717549 0.026
-1477.09578717549 0.026
-1477.09578717549 0.026
-1477.09578717549 0.026
-1477.26343543876 0.026
-1477.26343543876 0.026
-1477.26343543876 0.026
-1477.26343543876 0.026
-1477.27022146777 0.026
-1477.34422772137 0.026
-1477.35465136429 0.026
-1477.35465136429 0.026
-1477.35465136429 0.026
-1477.35465136429 0.026
-1477.35465136429 0.026
-1477.35465136429 0.026
-1477.35637667593 0.026
-1477.35637667593 0.026
-1477.35637667593 0.026
-1477.35637667593 0.026
-1477.36171416155 0.026
-1477.36171416155 0.026
-1477.36171416155 0.026
-1477.36171416155 0.026
-1477.36171416155 0.026
-1477.39890983488 0.026
-1477.39890983488 0.026
-1477.39890983488 0.026
-1477.39890983488 0.026
-1477.40392342582 0.026
-1477.40392342582 0.026
-1477.44450332282 0.026
-1477.44925080709 0.026
-1477.44925080709 0.026
-1477.44925080709 0.026
-1477.44925080709 0.026
-1477.44925080709 0.026
-1477.44925080709 0.026
-1477.44925080709 0.026
-1477.44925080709 0.026
-1477.44925080709 0.026
-1477.44925080709 0.026
-1477.44925080709 0.026
-1477.44925080709 0.026
-1477.44925080709 0.026
-1477.44925080709 0.026
-1477.44925080709 0.026
-1477.44925080709 0.026
-1477.44925080709 0.026
-1477.46253389499 0.026
-1477.46253389499 0.026
-1477.46253389499 0.026
-1477.46253389499 0.026
-1477.46253389499 0.026
-1477.49542617695 0.026
-1477.49542617695 0.026
-1477.49542617695 0.026
-1477.49542617695 0.026
-1477.49542617695 0.026
-1477.49542617695 0.026
-1477.49542617695 0.026
-1477.49542617695 0.026
-1477.49542617695 0.026
-1477.51327157904 0.026
-1477.51327157904 0.026
-1477.51327157904 0.026
-1477.51327157904 0.026
-1477.51722037409 0.026
-1477.51722037409 0.026
-1477.51722037409 0.026
-1477.51722037409 0.026
-1477.51722037409 0.026
-1477.51722037409 0.026
-1477.51722037409 0.026
-1477.74320332475 0.026
-1477.74320332475 0.026
-1477.74320332475 0.026
-1477.74320332475 0.026
-1477.76586217628 0.026
-1477.79668430265 0.026
-1477.79668430265 0.026
-1477.79668430265 0.026
-1477.79668430265 0.026
-1477.79668430265 0.026
-1477.97826127473 0.026
-1477.97826127473 0.026
-1477.97826127473 0.026
-1477.97826127473 0.026
-1477.97826127473 0.026
-1478.02907132552 0.026
-1478.17601231652 0.026
-1478.17601231652 0.026
-1478.17601231652 0.026
-1478.17601231652 0.026
-1478.17601231652 0.026
-1478.18562951332 0.026
-1478.18562951332 0.026
-1478.18562951332 0.026
-1478.18562951332 0.026
-1478.18562951332 0.026
-1478.18675265724 0.026
-1478.18675265724 0.026
-1478.18675265724 0.026
-1478.18675265724 0.026
-1478.18675265724 0.026
-1478.18675265724 0.026
-1478.18675265724 0.026
-1478.18675265724 0.026
-1478.18675265724 0.026
-1478.21462017233 0.026
-1478.21462017233 0.026
-1478.21462017233 0.026
-1478.21462017233 0.026
-1478.21462017233 0.026
-1478.27574849141 0.026
-1478.29687062341 0.026
-1478.30086455054 0.026
-1478.30564393015 0.026
-1478.30589687975 0.026
-1478.30589687975 0.026
-1478.31690002772 0.026
-1478.31690002772 0.026
-1478.31690002772 0.026
-1478.34273875952 0.026
-1478.34273875952 0.026
-1478.40279200799 0.026
-1478.40279200799 0.026
-1478.40279200799 0.026
-1478.40279200799 0.026
-1478.40279200799 0.026
-1478.40279200799 0.026
-1478.4061603516 0.026
-1478.4061603516 0.026
-1478.4061603516 0.026
-1478.4061603516 0.026
-1478.4061603516 0.026
-1478.4061603516 0.026
-1478.4061603516 0.026
-1478.4061603516 0.026
-1478.4061603516 0.026
-1478.4061603516 0.026
-1478.43485770589 0.026
-1478.43485770589 0.026
-1478.43485770589 0.026
-1478.44763301265 0.026
-1478.44763301265 0.026
-1478.44763301265 0.026
-1478.44763301265 0.026
-1478.44763301265 0.026
-1478.44763301265 0.026
-1478.44763301265 0.026
-1478.44763301265 0.026
-1478.44763301265 0.026
-1478.44763301265 0.026
-1478.44763301265 0.026
-1478.44763301265 0.026
-1478.44763301265 0.026
-1478.44763301265 0.026
-1478.44763301265 0.026
-1478.50602530942 0.026
-1478.60565508642 0.026
-1478.60565508642 0.026
-1478.60565508642 0.026
-1478.60565508642 0.026
-1478.60565508642 0.026
-1478.60565508642 0.026
-1478.65922180332 0.026
-1478.65922180332 0.026
-1478.65922180332 0.026
-1478.65922180332 0.026
-1478.65922180332 0.026
-1478.65922180332 0.026
-1478.65922180332 0.026
-1478.65922180332 0.026
-1478.65922180332 0.026
-1478.65922180332 0.026
-1478.65922180332 0.026
-1478.65922180332 0.026
-1478.65922180332 0.026
-1478.65725157398 0.026
-1478.65725157398 0.026
-1478.65725157398 0.026
-1478.65725157398 0.026
-1478.65725157398 0.026
-1478.65725157398 0.026
-1478.65725157398 0.026
-1478.65725157398 0.026
-1478.65725157398 0.026
-1478.69183172116 0.026
-1478.69183172116 0.026
-1478.69183172116 0.026
-1478.69183172116 0.026
-1478.69183172116 0.026
-1478.70073837377 0.026
-1478.86917168855 0.026
-1478.86917168855 0.026
-1478.86917168855 0.026
-1478.86917168855 0.026
-1478.86917168855 0.026
-1478.86917168855 0.026
-1478.86917168855 0.026
-1478.86917168855 0.026
-1478.88917633863 0.026
-1478.88917633863 0.026
-1478.88917633863 0.026
-1478.88917633863 0.026
-1478.88917633863 0.026
-1478.88917633863 0.026
-1478.88917633863 0.026
-1478.88917633863 0.026
-1478.88917633863 0.026
-1478.88917633863 0.026
-1478.88917633863 0.026
-1478.88917633863 0.026
-1478.88917633863 0.026
-1478.88917633863 0.026
-1478.99029629516 0.026
-1478.99029629516 0.026
-1478.99029629516 0.026
-1478.99029629516 0.026
-1478.99029629516 0.026
-1479.05431256508 0.026
-1479.05431256508 0.026
-1479.05431256508 0.026
-1479.05431256508 0.026
-1479.06434197177 0.026
-1479.06434197177 0.026
-1479.06434197177 0.026
-1479.06434197177 0.026
-1479.06434197177 0.026
-1479.06434197177 0.026
-1479.08120834087 0.026
-1479.08120834087 0.026
-1479.08120834087 0.026
-1479.08120834087 0.026
-1479.08120834087 0.026
-1479.08120834087 0.026
-1479.08120834087 0.026
-1479.10082763666 0.026
-1479.10082763666 0.026
-1479.10082763666 0.026
-1479.10082763666 0.026
-1479.10082763666 0.026
-1479.10082763666 0.026
-1479.10082763666 0.026
-1479.10082763666 0.026
-1479.10082763666 0.026
-1479.10082763666 0.026
-1479.10082763666 0.026
-1479.10082763666 0.026
-1479.10082763666 0.026
-1479.10082763666 0.026
-1479.10082763666 0.026
-1479.10082763666 0.026
-1479.10082763666 0.026
-1479.10082763666 0.026
-1479.10082763666 0.026
-1479.10082763666 0.026
-1479.12176739092 0.026
-1479.14563320682 0.026
-1479.15040630565 0.026
-1479.15040630565 0.026
-1479.15040630565 0.026
-1479.15040630565 0.026
-1479.15040630565 0.026
-1479.15040630565 0.026
-1479.15040630565 0.026
-1479.17080978969 0.026
-1479.17080978969 0.026
-1479.17080978969 0.026
-1479.17080978969 0.026
-1479.17080978969 0.026
-1479.17080978969 0.026
-1479.17080978969 0.026
-1479.17080978969 0.026
-1479.2303851442 0.026
-1479.2303851442 0.026
-1479.2303851442 0.026
-1479.2303851442 0.026
-1479.2303851442 0.026
-1479.2303851442 0.026
-1479.2522028405 0.026
-1479.2522028405 0.026
-1479.25930598246 0.026
-1479.27263761565 0.026
-1479.27263761565 0.026
-1479.27263761565 0.026
-1479.27263761565 0.026
-1479.33813379675 0.026
-1479.33813379675 0.026
-1479.33813379675 0.026
-1479.34078557093 0.026
-1479.34078557093 0.026
-1479.34505158591 0.026
-1479.34505158591 0.026
-1479.45933077233 0.026
-1479.45933077233 0.026
-1479.45933077233 0.026
-1479.45933077233 0.026
-1479.45933077233 0.026
-1479.45933077233 0.026
-1479.45933077233 0.026
-1479.45933077233 0.026
-1479.45933077233 0.026
-1479.45933077233 0.026
-1479.45967108575 0.026
-1479.45967108575 0.026
-1479.45967108575 0.026
-1479.45967108575 0.026
-1479.45967108575 0.026
-1479.45967108575 0.026
-1479.45967108575 0.026
-1479.45967108575 0.026
-1479.45967108575 0.026
-1479.45967108575 0.026
-1479.45967108575 0.026
-1479.45967108575 0.026
-1479.45967108575 0.026
-1479.45967108575 0.026
-1479.45967108575 0.026
-1479.45967108575 0.026
-1479.45967108575 0.026
-1479.45967108575 0.026
-1479.45967108575 0.026
-1479.45967108575 0.026
-1479.45967108575 0.026
-1479.45967108575 0.026
-1479.45967108575 0.026
-1479.47839104104 0.026
-1479.47839104104 0.026
-1479.49684000291 0.026
-1479.49684000291 0.026
-1479.49684000291 0.026
-1479.49684000291 0.026
-1479.49684000291 0.026
-1479.49684000291 0.026
-1479.49684000291 0.026
-1479.49684000291 0.026
-1479.49684000291 0.026
-1479.49684000291 0.026
-1479.49684000291 0.026
-1479.51521725532 0.026
-1479.51521725532 0.026
-1479.51521725532 0.026
-1479.51521725532 0.026
-1479.59602927489 0.026
-1479.59602927489 0.026
-1479.59602927489 0.026
-1479.5969206387 0.026
-1479.5969206387 0.026
-1479.62340987062 0.026
-1479.62340987062 0.026
-1479.62340987062 0.026
-1479.6289703807 0.026
-1479.64399515267 0.026
-1479.64399515267 0.026
-1479.64399515267 0.026
-1479.64399515267 0.026
-1479.64399515267 0.026
-1479.64399515267 0.026
-1479.64399515267 0.026
-1479.64399515267 0.026
-1479.66396269227 0.026
-1479.66396269227 0.026
-1479.66396269227 0.026
-1479.66396269227 0.026
-1479.66396269227 0.026
-1479.66396269227 0.026
-1479.66396269227 0.026
-1479.6967052698 0.026
-1479.6967052698 0.026
-1479.6967052698 0.026
-1479.6967052698 0.026
-1479.6967052698 0.026
-1479.6967052698 0.026
-1479.6967052698 0.026
-1479.6967052698 0.026
-1479.6967052698 0.026
-1479.6967052698 0.026
-1479.6967052698 0.026
-1479.74617460991 0.026
-1479.74617460991 0.026
-1479.74617460991 0.026
-1479.74617460991 0.026
-1479.75735792497 0.026
-1479.75735792497 0.026
-1479.75735792497 0.026
-1479.75735792497 0.026
-1479.75735792497 0.026
-1479.75735792497 0.026
-1479.75735792497 0.026
-1479.75735792497 0.026
-1479.75735792497 0.026
-1479.75735792497 0.026
-1479.75735792497 0.026
-1479.7931875565 0.026
-1479.7931875565 0.026
-1479.7931875565 0.026
-1479.7931875565 0.026
-1479.7931875565 0.026
-1479.7931875565 0.026
-1479.7931875565 0.026
-1479.7931875565 0.026
-1479.7931875565 0.026
-1479.7931875565 0.026
-1479.81647476003 0.026
-1479.81647476003 0.026
-1479.81647476003 0.026
-1479.88141925599 0.026
-1479.88141925599 0.026
-1479.88141925599 0.026
-1479.88141925599 0.026
-1479.88141925599 0.026
-1479.88703136534 0.026
-1479.88703136534 0.026
-1479.88703136534 0.026
-1479.88703136534 0.026
-1479.88703136534 0.026
-1479.88703136534 0.026
-1479.88703136534 0.026
-1479.88703136534 0.026
-1479.88703136534 0.026
-1479.88703136534 0.026
-1479.88703136534 0.026
-1479.90354844089 0.026
-1479.90354844089 0.026
-1479.90354844089 0.026
-1479.90354844089 0.026
-1479.90354844089 0.026
-1479.90354844089 0.026
-1479.90354844089 0.026
-1479.90354844089 0.026
-1479.90354844089 0.026
-1479.90354844089 0.026
-1479.90354844089 0.026
-1479.90354844089 0.026
-1479.90354844089 0.026
-1479.90354844089 0.026
-1479.90354844089 0.026
-1479.90354844089 0.026
-1479.90354844089 0.026
-1479.90354844089 0.026
-1479.90354844089 0.026
-1479.90354844089 0.026
-1479.90354844089 0.026
-1479.90354844089 0.026
-1479.91852884647 0.026
-1479.91852884647 0.026
-1479.91852884647 0.026
-1479.91852884647 0.026
-1479.91852884647 0.026
-1479.91852884647 0.026
-1479.91852884647 0.026
-1479.91852884647 0.026
-1479.91852884647 0.026
-1479.91852884647 0.026
-1479.91852884647 0.026
-1479.91852884647 0.026
-1479.91852884647 0.026
-1479.91852884647 0.026
-1479.91852884647 0.026
-1479.91852884647 0.026
-1479.91852884646 0.026
-1479.91852884646 0.026
-1479.91852884646 0.026
-1479.93333446251 0.026
-1479.93333446251 0.026
-1479.93333446251 0.026
-1479.93333446251 0.026
-1479.93333446251 0.026
-1479.93333446251 0.026
-1479.93333446251 0.026
-1479.93333446251 0.026
-1479.93333446251 0.026
-1479.95827573189 0.026
-1479.95827573189 0.026
-1479.95827573189 0.026
-1479.95827573189 0.026
-1479.95827573189 0.026
-1480.16416125682 0.026
-1480.16416125682 0.026
-1480.16416125682 0.026
-1480.16416125682 0.026
-1480.16416125682 0.026
