-1481.42499713868 -1481.42556854959
-1481.42556854959 -1481.42563065201
-1481.42499713868 -1481.42556854959
-1481.42556854959 -1481.42563065201
-1342.56546621079 -1342.69878586065
-1342.69878586065 -1344.62513476039
-1344.62513476039 -1344.83883368294
-1344.83883368294 -1344.92577796026
-1344.92577796026 -1346.36637591266
-1346.36637591266 -1348.29964104892
-1348.29964104892 -1348.87428297023
-1348.87428297023 -1348.95280316092
-1348.95280316092 -1349.56417755078
-1349.56417755078 -1349.74722151493
-1349.74722151493 -1350.35825773878
-1350.35825773878 -1354.54889103116
-1354.54889103116 -1354.70430978304
-1354.70430978304 -1357.53192302223
-1357.53192302223 -1357.8508544457
-1357.8508544457 -1357.85587861926
-1357.85587861926 -1358.51379939591
-1358.51379939591 -1358.57005945756
-1358.57005945756 -1359.06084263313
-1359.06084263313 -1359.07232607863
-1359.07232607863 -1359.28154010766
-1359.28154010766 -1359.43276717413
-1359.43276717413 -1360.16355619356
-1360.16355619356 -1360.5235234494
-1360.5235234494 -1360.72205474402
-1360.72205474402 -1360.75669419231
-1360.75669419231 -1361.43936157446
-1361.43936157446 -1364.72990005748
-1364.72990005748 -1364.91275601719
-1364.91275601719 -1364.97239519442
-1364.97239519442 -1365.25542283083
-1365.25542283083 -1365.32970071107
-1365.32970071107 -1366.09500529156
-1366.09500529156 -1366.90295603398
-1366.90295603398 -1367.08820183334
-1367.08820183334 -1368.10661896705
-1368.10661896705 -1368.24454411462
-1368.24454411462 -1368.60112159407
-1368.60112159407 -1369.0583934674
-1369.0583934674 -1369.57089802585
-1369.57089802585 -1369.96927059774
-1369.96927059774 -1370.41606586654
-1370.41606586654 -1371.11388939694
-1371.11388939694 -1371.12803581438
-1371.12803581438 -1371.28223340337
-1371.28223340337 -1371.39195568193
-1371.39195568193 -1372.83242246392
-1372.83242246392 -1373.55091704901
-1373.55091704901 -1373.78683214518
-1373.78683214518 -1373.83188668845
-1373.83188668845 -1374.03259689307
-1374.03259689307 -1374.06490411334
-1374.06490411334 -1374.07191528414
-1374.07191528414 -1374.267756641
-1374.267756641 -1378.14904423017
-1378.14904423017 -1382.8677331455
-1382.8677331455 -1383.45135572231
-1383.45135572231 -1383.65290193836
-1383.65290193836 -1384.23226281716
-1384.23226281716 -1384.75791424315
-1384.75791424315 -1385.69504069758
-1385.69504069758 -1386.36553660757
-1386.36553660757 -1386.36702833869
-1386.36702833869 -1386.59183039696
-1386.59183039696 -1386.85278000024
-1386.85278000024 -1387.46645477667
-1387.46645477667 -1387.92622271994
-1387.92622271994 -1391.25943068278
-1391.25943068278 -1392.4846378769
-1392.4846378769 -1392.68791844069
-1392.68791844069 -1392.85550129608
-1392.85550129608 -1395.8702424876
-1395.8702424876 -1396.17738730449
-1396.17738730449 -1399.01804851264
-1399.01804851264 -1399.03680760758
-1399.03680760758 -1399.31675538543
-1399.31675538543 -1400.35178110665
-1400.35178110665 -1401.20802660851
-1401.20802660851 -1401.27145341656
-1401.27145341656 -1402.0242278113
-1402.0242278113 -1403.21648132106
-1403.21648132106 -1403.43872310135
-1403.43872310135 -1403.49260168503
-1403.49260168503 -1404.39096028076
-1404.39096028076 -1406.17668451293
-1406.17668451293 -1407.32839996976
-1407.32839996976 -1407.39167214141
-1407.39167214141 -1407.4841898544
-1407.4841898544 -1407.55043467041
-1407.55043467041 -1407.92050750132
-1407.92050750132 -1407.92988680127
-1407.92988680127 -1408.04143448732
-1185.68038462147 -1188.66390075932
-1188.66390075932 -1189.17959836195
-1189.17959836195 -1189.29007451894
-1189.29007451894 -1193.02974093916
-1193.02974093916 -1194.54742125788
-1194.54742125788 -1205.19450873241
-1205.19450873241 -1205.83866650082
-1205.83866650082 -1206.03955220087
-1206.03955220087 -1206.35457584848
-1206.35457584848 -1206.53720365848
-1206.53720365848 -1210.22076291738
-1210.22076291738 -1210.23833703425
-1210.23833703425 -1218.78359109066
-1218.78359109066 -1219.67297226843
-1219.67297226843 -1219.77982244245
-1219.77982244245 -1220.77811961661
-1220.77811961661 -1221.09073791125
-1221.09073791125 -1233.02546618314
-1233.02546618314 -1233.27994267133
-1233.27994267133 -1233.80435604843
-1233.80435604843 -1241.50072088925
-1241.50072088925 -1242.98922708167
-1242.98922708167 -1245.16927562433
-1245.16927562433 -1245.17555078299
-1245.17555078299 -1245.34429691899
-1245.34429691899 -1245.51580131373
-1245.51580131373 -1247.34642803574
-1247.34642803574 -1247.60807716737
-1247.60807716737 -1250.16814339396
-1250.16814339396 -1251.46238439914
-1251.46238439914 -1252.29002248206
-1252.29002248206 -1259.15940849746
-1259.15940849746 -1260.01286482901
-1260.01286482901 -1260.28817655714
-1260.28817655714 -1267.08349433148
-1267.08349433148 -1267.22945410348
-1267.22945410348 -1268.17413945735
-1268.17413945735 -1273.19578683464
-1273.19578683464 -1273.59352770523
-1273.59352770523 -1274.33302997926
-1274.33302997926 -1274.34701769292
-1274.34701769292 -1274.88029512052
-1274.88029512052 -1277.17724390321
-1277.17724390321 -1277.17754222339
-1277.17754222339 -1281.28145146451
-1281.28145146451 -1281.34439970199
-1281.34439970199 -1285.69817013015
-1285.69817013015 -1288.77710197723
-1288.77710197723 -1294.23700575548
-1294.23700575548 -1294.61761572679
-1294.61761572679 -1296.10005379492
-1296.10005379492 -1296.57068525262
-1296.57068525262 -1297.32253293141
-1297.32253293141 -1300.77354486879
-1300.77354486879 -1300.79966837417
-1300.79966837417 -1301.12082050729
-1301.12082050729 -1301.20927148286
-1301.20927148286 -1302.26725781835
-1302.26725781835 -1302.3301658006
-1302.3301658006 -1303.39050654837
-1303.39050654837 -1304.32422319891
-1304.32422319891 -1306.45767867056
-1306.45767867056 -1310.91590257936
-1310.91590257936 -1311.34403355545
-1311.34403355545 -1311.63309734484
-1311.63309734484 -1317.04034243478
-1317.04034243478 -1317.16939843044
-1317.16939843044 -1317.31094565156
-1317.31094565156 -1317.36810938116
-1317.36810938116 -1317.61699496905
-1317.61699496905 -1319.35588466029
-1319.35588466029 -1322.1869778218
-1322.1869778218 -1323.46165742843
-1323.46165742843 -1326.46050388961
-1326.46050388961 -1326.64893246851
-1326.64893246851 -1327.32554413234
-1327.32554413234 -1327.40643791774
-1327.40643791774 -1337.96169136737
-1337.96169136737 -1338.02839465128
-1338.02839465128 -1338.71277196639
-1338.71277196639 -1340.84957028931
-1340.84957028931 -1340.88379848321
-1340.88379848321 -1342.54647611405
-1342.54647611405 -1343.01813182941
-1343.01813182941 -1343.02230488869
-1343.02230488869 -1345.80186833831
-1345.80186833831 -1346.07754750703
-1346.07754750703 -1346.09874118165
-1346.09874118165 -1346.18463738487
-1346.18463738487 -1346.86264960487
-1346.86264960487 -1347.46443341464
-1347.46443341464 -1348.54474449977
-1348.54474449977 -1348.81080820851
-1348.81080820851 -1348.9330042752
-1348.9330042752 -1351.01081211771
-1351.01081211771 -1351.52400434541
-1351.52400434541 -1351.534027976
-1351.534027976 -1352.63772383022
-1352.63772383022 -1353.20574056358
-1353.20574056358 -1353.58029340343
-1353.58029340343 -1353.75961201223
-1353.75961201223 -1353.94974337714
-1353.94974337714 -1354.4061696154
-1354.4061696154 -1354.44257224805
-1354.44257224805 -1356.11640356116
-1356.11640356116 -1356.26808035534
-1356.26808035534 -1356.50078384161
-1356.50078384161 -1356.65921249185
-1356.65921249185 -1357.09733985933
-1357.09733985933 -1357.39894631801
-1357.39894631801 -1357.6149506312
-1357.6149506312 -1357.7937453106
-1357.7937453106 -1358.01224371727
-1358.01224371727 -1359.64902509687
-1359.64902509687 -1360.15761890202
-1360.15761890202 -1363.40171423306
-1363.40171423306 -1364.01503861633
-1364.01503861633 -1365.23346980323
-1365.23346980323 -1365.40865063569
-1365.40865063569 -1365.68656293516
-1365.68656293516 -1365.71280105245
-1365.71280105245 -1365.76719916973
-1365.76719916973 -1366.61914291075
-1366.61914291075 -1366.85825351558
-1366.85825351558 -1369.52873823846
-1369.52873823846 -1369.61170975356
-1369.61170975356 -1369.68428724582
-1369.68428724582 -1370.24195324591
-1370.24195324591 -1370.41821091016
-1370.41821091016 -1371.01598136537
-1371.01598136537 -1371.51042129261
-1371.51042129261 -1371.71686415746
-1371.71686415746 -1372.63142654905
-1372.63142654905 -1372.70025286256
-1372.70025286256 -1373.06188407819
-1373.06188407819 -1373.27723880254
-1373.27723880254 -1373.4563310679
-1373.4563310679 -1373.56021123558
-1373.56021123558 -1373.65180724234
-1373.65180724234 -1373.92362330369
-1373.92362330369 -1374.01665235602
-1374.01665235602 -1374.0432924658
-1374.0432924658 -1376.00412365358
-1376.00412365358 -1376.1328032521
-1376.1328032521 -1376.56934100273
-1376.56934100273 -1376.59166383609
-1376.59166383609 -1376.64369637756
-1376.64369637756 -1377.1627259491
-1377.1627259491 -1382.85559041146
-1382.85559041146 -1389.61633677929
-1389.61633677929 -1389.96339403987
-1389.96339403987 -1391.09988941623
-1391.09988941623 -1392.1834150209
-1392.1834150209 -1392.39836183243
-1392.39836183243 -1392.96700657853
-1392.96700657853 -1393.39984323508
-1393.39984323508 -1393.45733612372
-1393.45733612372 -1393.67895657009
-1393.67895657009 -1393.68815703666
-1393.68815703666 -1394.63819990723
-1394.63819990723 -1394.8721163858
-1394.8721163858 -1394.8799175603
-1394.8799175603 -1394.95234574771
-1394.95234574771 -1395.63745479178
-1395.63745479178 -1395.90525672137
-1395.90525672137 -1396.31344991311
-1396.31344991311 -1396.31395285795
-1396.31395285795 -1396.39544100833
-1396.39544100833 -1396.56283043515
-1396.56283043515 -1397.54175998879
-1397.54175998879 -1400.1506773937
-1400.1506773937 -1400.22638556699
-1400.22638556699 -1400.34242257435
-1400.34242257435 -1400.61198418465
-1400.61198418465 -1400.62345216587
-1400.62345216587 -1400.62960883798
-1400.62960883798 -1401.11496618743
-1401.11496618743 -1401.73444538777
-1401.73444538777 -1402.98383700301
-1402.98383700301 -1403.09796893878
-1403.09796893878 -1403.14733973933
-1403.14733973933 -1403.28676908371
-1403.28676908371 -1403.43912191484
-1403.43912191484 -1403.49791896961
-1403.49791896961 -1403.87744014618
-1403.87744014618 -1404.49854733102
-1404.49854733102 -1405.15184920187
-1405.15184920187 -1405.59112930545
-1405.59112930545 -1405.91163816611
-1405.91163816611 -1407.26700181424
-1407.26700181424 -1408.78101342244
-1408.78101342244 -1408.8030913239
-1408.8030913239 -1409.77642406228
-1409.77642406228 -1409.78580873392
-1409.78580873392 -1410.05638179157
-1410.05638179157 -1410.51757495173
-1410.51757495173 -1410.53605481692
-1410.53605481692 -1414.20930541563
-1414.20930541563 -1414.28477784681
-1414.28477784681 -1415.0382994238
-1415.0382994238 -1415.42169678575
-1415.42169678575 -1415.5562582755
-1415.5562582755 -1415.99769278974
-1415.99769278974 -1416.00726163107
-1416.00726163107 -1417.2066988403
-1417.2066988403 -1417.47390179704
-1417.47390179704 -1417.61144528076
-1417.61144528076 -1418.02262070113
-1418.02262070113 -1418.03697928978
-1418.03697928978 -1418.21954909782
-1418.21954909782 -1418.31597788101
-1418.31597788101 -1418.35019210231
-1418.35019210231 -1418.57346518113
-1418.57346518113 -1419.23977399547
-1419.23977399547 -1419.56228176823
-1419.56228176823 -1419.62744551288
-1419.62744551288 -1419.68026352594
-1419.68026352594 -1419.76247200217
-1419.76247200217 -1419.97886102047
-1419.97886102047 -1421.84258112581
-1421.84258112581 -1422.29077123553
-1422.29077123553 -1423.24634590688
-1423.24634590688 -1423.60250337322
-1423.60250337322 -1423.87101718795
-1423.87101718795 -1423.88404754573
-1423.88404754573 -1424.12064664965
-1424.12064664965 -1424.5905770568
-1424.5905770568 -1426.01215999448
-1426.01215999448 -1426.02018769047
-1426.02018769047 -1426.29315783341
-1426.29315783341 -1426.54882013098
-1426.54882013098 -1427.15015560051
-1427.15015560051 -1427.19289290561
-1427.19289290561 -1427.37117529803
-1427.37117529803 -1427.46555389931
-1427.46555389931 -1427.51865019099
-1427.51865019099 -1427.72335268872
-1427.72335268872 -1427.74663627026
-1427.74663627026 -1427.76015653718
-1427.76015653718 -1427.95993411114
-1427.95993411114 -1428.33685251834
-1428.33685251834 -1428.40463629919
-1428.40463629919 -1428.41621994718
-1428.41621994718 -1428.79022831803
-1428.79022831803 -1428.79966427182
-1428.79966427182 -1429.42189581604
-1429.42189581604 -1429.47510622894
-1429.47510622894 -1429.83724496271
-1429.83724496271 -1429.8382994775
-1429.8382994775 -1431.23138813105
-1431.23138813105 -1431.5421050853
-1431.5421050853 -1431.69914578633
-1431.69914578633 -1431.92152090951
-1431.92152090951 -1431.97526943364
-1431.97526943364 -1431.9974777469
-1431.9974777469 -1432.24554935674
-1432.24554935674 -1432.26999419468
-1432.26999419468 -1432.34791878076
-1432.34791878076 -1434.0423794247
-1434.0423794247 -1434.14905674891
-1434.14905674891 -1434.34566745405
-1434.34566745405 -1434.34587703885
-1434.34587703885 -1434.73591906216
-1434.73591906216 -1434.8285494627
-1434.8285494627 -1436.00067255023
-1436.00067255023 -1436.02279094203
-1436.02279094203 -1436.05294414602
-1436.05294414602 -1436.1701994229
-1436.1701994229 -1436.31232496485
-1436.31232496485 -1436.34060039173
-1436.34060039173 -1437.19488652845
-1437.19488652845 -1437.28906440657
-1437.28906440657 -1437.53080485469
-1437.53080485469 -1437.99676493294
-1437.99676493294 -1438.07803176421
-1438.07803176421 -1438.35573785755
-1438.35573785755 -1438.37377987824
-1438.37377987824 -1438.65868142166
-1438.65868142166 -1439.43551262337
-1439.43551262337 -1439.9806688122
-1439.9806688122 -1440.0971198489
-1440.0971198489 -1440.64204638825
-1440.64204638825 -1440.72140866522
-1440.72140866522 -1440.93845236558
-1440.93845236558 -1441.2569976091
-1441.2569976091 -1441.35076936336
-1441.35076936336 -1441.46331891015
-1441.46331891015 -1441.49187446557
-1441.49187446557 -1441.53794520582
-1441.53794520582 -1441.55134227442
-1441.55134227442 -1441.55641164969
-1441.55641164969 -1442.62805937163
-1442.62805937163 -1443.34787476872
-1443.34787476872 -1443.40182659211
-1443.40182659211 -1443.54899191905
-1443.54899191905 -1443.59509407723
-1443.59509407723 -1443.69897753176
-1443.69897753176 -1444.60512515576
-1444.60512515576 -1444.71551008158
-1444.71551008158 -1445.13779783186
-1445.13779783186 -1445.98201611164
-1445.98201611164 -1446.05676993899
-1446.05676993899 -1446.17449621725
-1446.17449621725 -1446.29153093849
-1446.29153093849 -1446.52671764363
-1446.52671764363 -1446.5577411801
-1446.5577411801 -1446.7638976278
-1446.7638976278 -1446.84753846337
-1446.84742897511 -1447.10695583046
-1447.10695583046 -1447.16080195829
-1447.16080195829 -1447.50415689205
-1447.50415689205 -1447.69399666859
-1447.69399666859 -1447.8322291042
-1447.8322291042 -1447.86171241114
-1447.86171241114 -1447.86554843648
-1447.86554843648 -1447.91411026161
-1447.91411026161 -1447.93860037228
-1447.93860037228 -1447.97646389082
-1447.97646389082 -1447.98160282375
-1447.98160282375 -1448.17366173065
-1448.17366173065 -1448.23841781042
-1448.23841781042 -1448.30876321108
-1448.30876321108 -1449.13163699386
-1449.13163699386 -1449.27296950631
-1449.27296950631 -1449.32783836059
-1449.32783836059 -1449.74054877347
-1449.74054877347 -1449.76579973799
-1449.76579973799 -1449.79320896248
-1449.79320896248 -1450.68013280435
-1450.68013280435 -1451.37328407228
-1451.37328407228 -1451.57194391208
-1451.57194391208 -1451.59598633856
-1451.59598633856 -1451.8611381303
-1451.8611381303 -1451.89921394146
-1451.89921394146 -1452.07683768074
-1452.07683768074 -1452.84949788652
-1452.84949788652 -1452.96947133153
-1452.96947133153 -1453.49291917081
-1453.49291917081 -1453.85653459253
-1453.85653459253 -1453.90800091361
-1453.90800091361 -1453.93690612776
-1453.93690612776 -1453.96627007801
-1453.96627007801 -1454.37435387416
-1454.37435387416 -1454.40903871254
-1454.40903871254 -1454.40980331059
-1454.40980331059 -1454.44959265616
-1454.44959265616 -1454.47298203998
-1454.47298203998 -1455.54119430509
-1455.54119430509 -1456.13498203006
-1456.13498203006 -1456.52486068851
-1456.52486068851 -1456.61647531205
-1456.61647531205 -1457.30634287591
-1457.30634287591 -1457.61098062696
-1457.61098062696 -1458.28306183638
-1458.28306183638 -1458.80859239163
-1458.80859239163 -1459.03297478785
-1459.03297478785 -1459.09884314084
-1459.09884314084 -1459.15195060614
-1459.15195060614 -1459.21325307004
-1459.21325307004 -1459.26972037392
-1459.26972037392 -1459.5744076044
-1459.5744076044 -1459.62320170045
-1459.62320170045 -1459.637973315
-1459.637973315 -1459.71445527738
-1459.71445527738 -1460.21240288347
-1460.21240288347 -1460.28180431515
-1460.28180431515 -1460.40625921664
-1460.40625921664 -1460.48764733364
-1460.48764733364 -1460.488636968
-1460.488636968 -1460.52825085822
-1460.52825085822 -1460.58886713265
-1460.58886713265 -1460.82397224596
-1460.82397224596 -1460.86664978283
-1460.86664978283 -1461.00599159365
-1461.00599159365 -1461.389578846
-1461.389578846 -1461.83330748556
-1461.83330748556 -1461.94921230268
-1461.94921230268 -1462.15805492383
-1462.15805492383 -1462.23176891576
-1462.23176891576 -1462.31631455293
-1462.31631455293 -1462.32460915191
-1462.32460915191 -1462.46030867154
-1462.46030867154 -1462.51604998537
-1462.51604998537 -1462.71352831747
-1462.71352831747 -1462.72050493666
-1462.72050493666 -1462.72098119993
-1462.72098119993 -1462.72545294663
-1462.72545294663 -1462.80029998506
-1462.80029998506 -1463.11639974491
-1463.11639974491 -1463.12350429532
-1463.12350429532 -1463.33499844962
-1463.33499844962 -1463.49950085598
-1463.49950085598 -1463.57582023932
-1463.57582023932 -1463.59876810308
-1463.59876810308 -1463.70814835568
-1463.70814835568 -1463.85970400344
-1463.85970400344 -1463.9593889462
-1463.9593889462 -1464.26155540231
-1464.26155540231 -1464.26441131121
-1464.26441131121 -1464.59051836975
-1464.59051836975 -1464.5998583237
-1464.5998583237 -1465.11336747955
-1465.11336747955 -1465.33216903857
-1465.33216903857 -1465.38788381557
-1465.38788381557 -1465.43495695381
-1465.43495695381 -1465.67169232308
-1465.67169232308 -1465.87128716924
-1465.87128716924 -1466.07916929225
-1466.07916929225 -1466.19489977806
-1466.19489977806 -1466.23040308822
-1466.23040308822 -1466.28638403593
-1466.28638403593 -1466.36960381293
-1466.36960381293 -1466.37585919669
-1466.37585919669 -1466.53897219834
-1466.53897219834 -1466.67422717756
-1466.67422717756 -1466.96381724589
-1466.96381724589 -1466.96713467091
-1466.96713467091 -1467.12875107282
-1467.12875107282 -1467.29406549922
-1467.29406549922 -1467.7948062849
-1467.7948062849 -1467.82095316575
-1467.82095316575 -1467.85884646448
-1467.85884646448 -1467.8630061395
-1467.8630061395 -1468.01799137608
-1468.01799137608 -1468.08545915438
-1468.08545915438 -1468.2052046156
-1468.2052046156 -1468.23416909837
-1468.23416909837 -1468.64223304943
-1468.64223304943 -1468.65109878909
-1468.65109878909 -1468.6676882151
-1468.6676882151 -1468.76366263337
-1468.76366263337 -1468.84835974813
-1468.84835974813 -1468.85294636698
-1468.85294636698 -1469.20338430214
-1469.20338430214 -1469.26851488072
-1469.26851488072 -1469.2747090118
-1469.2747090118 -1469.29143461876
-1469.29143461876 -1469.35209485012
-1469.35209485012 -1469.36809957169
-1469.36809957169 -1469.5756314566
-1469.5756314566 -1470.56736460213
-1470.56736460213 -1470.73395583061
-1470.73395583061 -1470.74777408695
-1470.74777408695 -1470.76165658996
-1470.76165658996 -1470.80777653593
-1470.80777653593 -1470.87906883954
-1470.87906883954 -1471.04595311104
-1471.04595311104 -1471.07261220624
-1471.07261220624 -1471.16411050424
-1471.16411050424 -1471.17238798659
-1471.17238798659 -1471.17556516639
-1471.17556516639 -1471.40250850083
-1471.40250850083 -1471.58303523303
-1471.58303523303 -1471.67371566811
-1471.67371566811 -1471.8618380212
-1471.8618380212 -1471.87086021762
-1471.87086021762 -1471.87114031243
-1471.87114031243 -1472.17696292718
-1472.17696292718 -1472.28963414777
-1472.28963414777 -1472.35324039051
-1472.35324039051 -1472.36363782193
-1472.36363782193 -1472.38050341022
-1472.38050341022 -1472.74056180046
-1472.74056180046 -1472.7564075157
-1472.7564075157 -1472.94262577359
-1472.94262577359 -1472.96824987744
-1472.96824987744 -1472.99117197408
-1472.99117197408 -1473.06170195351
-1473.06170195351 -1473.07888605335
-1473.07888605335 -1473.21459976448
-1473.21459976448 -1473.35463060803
-1473.35463060803 -1473.75487398593
-1473.75487398593 -1473.86149585215
-1473.86149585215 -1473.93196933631
-1473.93196933631 -1473.96858880409
-1473.96858880409 -1474.15416137759
-1474.15416137759 -1474.26608825738
-1474.26608825738 -1474.31922870049
-1474.31922870049 -1474.37425933017
-1474.37425933017 -1474.37426274783
-1474.37426274783 -1474.46790736235
-1474.46790736235 -1474.50695375983
-1474.50695375983 -1474.59496983327
-1474.59496983327 -1474.60922902989
-1474.60922902989 -1474.66002461131
-1474.66002461131 -1474.74110032944
-1474.74110032944 -1474.75807781494
-1474.75807781494 -1474.81483436597
-1474.81483436597 -1474.84710103525
-1474.84710103525 -1474.85155806368
-1474.85155806368 -1474.87287204981
-1474.87287204981 -1474.87630208241
-1474.87630208241 -1474.94986946353
-1474.94986946353 -1474.98196356858
-1474.98196356858 -1475.30525061977
-1475.30525061977 -1475.31959264991
-1475.31959264991 -1475.3309725708
-1475.3309725708 -1475.42621434014
-1475.42621434014 -1475.49506640762
-1475.49506640762 -1475.5588304134
-1475.5588304134 -1475.57627807521
-1475.57627807521 -1475.58557746511
-1475.58557746511 -1475.59847078099
-1475.59847078099 -1475.63031985404
-1475.63031985404 -1475.76134989516
-1475.76134989516 -1475.81302254459
-1475.81302254459 -1476.00206053651
-1476.00206053651 -1476.07279383579
-1476.07279383579 -1476.10885546769
-1476.10885546769 -1476.18504905634
-1476.18504905634 -1476.32198122843
-1476.32198122843 -1476.32988219076
-1476.32988219076 -1476.33228360812
-1476.33228360812 -1476.36429487536
-1476.36429487536 -1476.40721827863
-1476.40721827863 -1476.47645371205
-1476.47645371205 -1476.4794970374
-1476.4794970374 -1476.80665357609
-1476.80665357609 -1476.82110533629
-1476.82110533629 -1476.90597102003
-1476.90597102003 -1476.91448835953
-1476.91448835953 -1476.93713402409
-1476.93713402409 -1476.93868222553
-1476.93868222553 -1476.95634095841
-1476.95634095841 -1476.97541823155
-1476.97541823155 -1476.97894470745
-1476.97894470745 -1477.05410654937
-1477.05410654937 -1477.09578717549
-1477.09578717549 -1477.26343543876
-1477.26343543876 -1477.27022146777
-1477.27022146777 -1477.34422772137
-1477.34422772137 -1477.35465136429
-1477.35465136429 -1477.35637667593
-1477.35637667593 -1477.36171416155
-1477.36171416155 -1477.39890983488
-1477.39890983488 -1477.40392342582
-1477.40392342582 -1477.44450332282
-1477.44450332282 -1477.44925080709
-1477.44925080709 -1477.46253389499
-1477.46253389499 -1477.49542617695
-1477.49542617695 -1477.51327157904
-1477.51327157904 -1477.51722037409
-1477.51722037409 -1477.74320332475
-1477.74320332475 -1477.76586217628
-1477.76586217628 -1477.79668430265
-1477.79668430265 -1477.97826127473
-1477.97826127473 -1478.02907132552
-1478.02907132552 -1478.17601231652
-1478.17601231652 -1478.18562951332
-1478.18562951332 -1478.18675265724
-1478.18675265724 -1478.21462017233
-1478.21462017233 -1478.27574849141
-1478.27574849141 -1478.29687062341
-1478.29687062341 -1478.30086455054
-1478.30086455054 -1478.30564393015
-1478.30564393015 -1478.30589687975
-1478.30589687975 -1478.31690002772
-1478.31690002772 -1478.34273875952
-1478.34273875952 -1478.40279200799
-1478.40279200799 -1478.4061603516
-1478.4061603516 -1478.43485770589
-1478.43485770589 -1478.44763301265
-1478.44763301265 -1478.50602530942
-1478.50602530942 -1478.60565508642
-1478.60565508642 -1478.65922180332
-1478.65725157398 -1478.69183172116
-1478.69183172116 -1478.70073837377
-1478.70073837377 -1478.86917168855
-1478.86917168855 -1478.88917633863
-1478.88917633863 -1478.99029629516
-1478.99029629516 -1479.05431256508
-1479.05431256508 -1479.06434197177
-1479.06434197177 -1479.08120834087
-1479.08120834087 -1479.10082763666
-1479.10082763666 -1479.12176739092
-1479.12176739092 -1479.14563320682
-1479.14563320682 -1479.15040630565
-1479.15040630565 -1479.17080978969
-1479.17080978969 -1479.2303851442
-1479.2303851442 -1479.2522028405
-1479.2522028405 -1479.25930598246
-1479.25930598246 -1479.27263761565
-1479.27263761565 -1479.33813379675
-1479.33813379675 -1479.34078557093
-1479.34078557093 -1479.34505158591
-1479.34505158591 -1479.45933077233
-1479.45933077233 -1479.45967108575
-1479.45967108575 -1479.47839104104
-1479.47839104104 -1479.49684000291
-1479.49684000291 -1479.51521725532
-1479.51521725532 -1479.59602927489
-1479.59602927489 -1479.5969206387
-1479.5969206387 -1479.62340987062
-1479.62340987062 -1479.6289703807
-1479.6289703807 -1479.64399515267
-1479.64399515267 -1479.66396269227
-1479.66396269227 -1479.6967052698
-1479.6967052698 -1479.74617460991
-1479.74617460991 -1479.75735792497
-1479.75735792497 -1479.7931875565
-1479.7931875565 -1479.81647476003
-1479.81647476003 -1479.88141925599
-1479.88141925599 -1479.88703136534
-1479.88703136534 -1479.90354844089
-1479.90354844089 -1479.91852884647
-1479.91852884647 -1479.93333446251
-1479.93333446251 -1479.95827573189
-1479.95827573189 -1480.16416125682
