-1444.24401247762 1000
-1287.81855839137 1000
-1231.7730788485 1000
-1163.58972127091 1000
-1112.94889708598 1000
-633.134279577066 1000
-1102.70524484949 1000
-1090.47337328695 1000
-1041.36901090877 1000
-1044.8122631679 1000
-1010.28402702245 1000
-932.454660767246 1000
-1010.74152705051 1000
-1000.90615307401 1000
-995.173393675706 1000
-915.5500461826 1000
-816.853367615456 1000
-816.853367615456 1000
-690.104611584035 1000
-692.071296015463 1000
-688.144888437351 1000
-672.644736334372 1000
-652.709062760585 1000
-553.761209757179 1000
-632.289822502709 1000
-594.183895893067 1000
-168.833098851639 1000
-168.833098851639 1000
-116.302449418896 1000
-106.285153262315 1000
-238.399153775362 1000
-258.705508635353 1000
-167.380808795023 1000
-62.8480389852604 1000
-89.7248969827393 1000
30.2114114283803 1000
-288.947400766097 1000
-574.846904600927 1000
-443.050216820458 1000
-106.465345660584 1000
-125.643612839146 1000
-139.446520685965 1000
-139.174317487022 1000
188.897990653675 1000
252.624287276514 1000
58.5445625880789 1000
-88.520441396395 1000
-36.0669637790556 1000
3.8798801690067 1000
2.53250424587964 1000
23.7572277457953 1000
151.135184674458 1000
187.280641761144 1000
186.019380121119 1000
275.765939298422 1000
160.875993301258 1000
125.187975239277 1000
71.1954652168139 1000
71.1954652168139 1000
-200.008373509848 1000
-163.870882673006 1000
-36.812092886239 1000
90.5888377235482 1000
126.633160822439 1000
1017.26778332896 1000
1120.88436159898 1000
756.13624494026 1000
690.057663074724 1000
715.91169829272 1000
-156.349974824138 1000
376.106621537091 1000
556.117231650553 1000
706.422135711264 999.974
590.030140783236 999.974
673.351507449114 999.974
546.688903642757 999.974
776.34710182627 999.974
853.084453995116 999.974
982.598113190871 999.974
863.818042229789 999.974
576.180974351184 999.974
808.246067720017 999.974
576.596945265368 999.974
603.753186736728 999.974
588.054418400375 999.974
588.054418400375 999.974
516.413209995 999.974
516.413209995 999.974
311.495686700849 999.974
300.490152398664 999.974
248.483634215632 999.974
233.720481878151 999.974
399.96755126995 999.974
272.107373772643 999.974
299.777473362294 999.974
297.797673408591 999.974
585.472693387747 999.974
855.502590327991 999.974
720.419109971045 999.974
1088.815119299 999.974
1384.78416452102 999.974
1203.58185504767 999.974
1178.10747772147 999.974
1184.20236329759 999.974
1021.88280011706 999.974
531.323116346845 999.974
624.319201217034 999.974
639.690401868721 999.974
471.188320633812 999.974
427.80896037891 999.974
460.052591303602 999.974
460.052591303602 999.974
459.08238515337 999.974
234.477389912188 999.974
431.846263890107 999.974
607.311436299768 999.974
570.402846594054 999.974
450.072380334465 999.974
328.442033932101 999.974
484.968227597588 999.974
370.029703625108 999.974
404.445723105581 999.974
1227.43890193913 999.974
1186.59932394508 999.974
1450.9832069875 999.974
1190.77452536033 999.974
313.798271103082 999.974
252.284062852454 999.974
69.8137736588568 999.974
-798.229080199739 999.974
-609.451005278614 999.974
-533.256430135079 999.974
-597.831069958324 999.974
-424.78574075195 999.974
-253.873381509592 999.974
-328.605691495583 999.974
-175.185803422081 999.974
-145.92717663921 999.974
-145.331015191624 999.974
-145.331015191624 999.974
-265.496001603502 999.974
-269.875408387532 999.974
-294.448828783927 999.974
-257.194873387783 999.974
-308.935147525533 999.948
-323.304865593144 999.948
-323.304865593144 999.948
60.8266233285344 999.948
88.9675828266311 999.948
-11.7265296332787 999.948
8.49799242419931 999.948
-116.552729925285 999.948
-95.5708836740444 999.948
-78.2656784393998 999.948
3.42334410081628 999.948
422.300726242082 999.948
358.267597417901 999.948
333.37684601808 999.948
482.292675309858 999.948
503.723246453887 999.948
658.557177515463 999.948
654.305655361009 999.948
576.983011644944 999.948
720.23619034986 999.948
1072.498903199 999.948
696.357057216365 999.948
655.668978345825 999.948
671.029805068744 999.948
539.651039679656 999.948
551.310847348918 999.948
486.503811747108 999.948
487.627927884933 999.948
487.627927884933 999.948
723.970654675061 999.948
249.819336730717 999.948
24.826679412045 999.948
24.826679412045 999.948
-34.5122114313818 999.948
-1.40242907930076 999.948
-1.40242907930076 999.948
-1.40242907930076 999.948
79.6939879157047 999.948
1074.93428972313 999.948
647.294100507885 999.948
-495.302505710688 999.948
-454.590366155765 999.948
-475.988062503681 999.948
-498.337101124399 999.948
568.517659664744 999.948
572.265001714259 999.948
450.607631846831 999.948
485.412959400778 999.948
942.993761690775 999.948
329.868994019049 999.948
352.493024312911 999.948
-17.4980264557704 999.948
-31.1739112704546 999.948
82.4641720518315 999.948
164.402609811382 999.948
307.524752179496 999.948
302.365680157838 999.948
-27.4397555310717 999.948
-87.8975904879603 999.948
-138.892067490621 999.948
-180.571003804745 999.948
-189.898849486513 999.948
-11.7694996263289 999.948
174.208813922614 999.948
174.208813922614 999.948
353.470829777221 999.948
294.624298336203 999.948
304.74049138821 999.948
304.74049138821 999.948
304.74049138821 999.948
304.561329241696 999.948
319.467029334044 999.948
-194.813555968887 999.922
83.7847674672265 999.922
82.207742159913 999.922
-116.032790439219 999.922
-177.80631915967 999.922
41.8770403611055 999.922
98.5983941400108 999.922
98.5983941400108 999.922
24.7835094618409 999.922
24.7835094618409 999.922
-110.057020316115 999.922
-39.8241354811802 999.922
-170.370850715716 999.922
-236.459643744913 999.922
-119.699251590954 999.922
-201.050847087058 999.922
0.215170860202306 999.922
-251.446081254923 999.922
-297.653126050696 999.922
-399.554794484656 999.922
-353.728809622529 999.922
-163.072102210154 999.922
-104.884823216157 999.922
208.573745720971 999.922
27.3017589661391 999.922
-95.6197774180907 999.922
-100.185985117846 999.922
-84.6354473854112 999.922
-84.6354473854112 999.922
-337.400722888828 999.922
-221.744666857365 999.922
-349.506800472536 999.922
-197.633469704671 999.922
-164.307176869698 999.922
-147.145009493148 999.922
-238.182390160111 999.922
-207.746632737464 999.922
-174.606869770429 999.922
-120.228199117736 999.922
31.0162472417419 999.922
-71.5318685176766 999.922
135.821141901472 999.922
529.114110346805 999.922
391.130123957314 999.922
265.202654292769 999.922
309.359808166094 999.922
201.407529752344 999.922
201.407529752344 999.922
403.982558125632 999.922
627.058488049839 999.922
686.228469874699 999.922
703.106204120601 999.922
618.054764782017 999.922
680.370273937309 999.922
680.370273937309 999.922
687.481116348454 999.922
618.39612231066 999.922
669.177769358987 999.922
521.50016948373 999.922
442.517056422778 999.922
1400.98544881665 999.922
1350.69016931063 999.922
1483.24667545067 999.922
1648.1277575039 999.922
1691.8803625812 999.922
1501.7242719023 999.922
1505.99764676814 999.922
1685.78774117603 999.922
1763.72503537006 999.922
2163.92604150117 999.922
2158.71219207584 999.922
1922.08914799912 999.922
1598.6154503119 999.896
1598.6154503119 999.896
1569.04118157857 999.896
1738.69551275601 999.896
2002.94581258593 999.896
2010.35322511722 999.896
1996.69926782626 999.896
1963.24673413282 999.896
2106.87853500417 999.896
1933.75103306074 999.896
1991.0534694723 999.896
2008.80001776649 999.896
2015.10967762906 999.896
1983.7008772947 999.896
1730.93813071303 999.896
1730.93813071303 999.896
1611.63145174989 999.896
1611.24303147165 999.896
1611.83150365076 999.896
1647.60976107673 999.896
1647.60976107673 999.896
1550.56560816202 999.896
1552.932778654 999.896
1566.89960048332 999.896
1501.80533977432 999.896
1326.47744987808 999.896
1314.38062584598 999.896
1314.38062584598 999.896
1303.93757136483 999.896
1212.37511379085 999.896
1279.69183053557 999.896
1256.4985613547 999.896
1315.60848215464 999.896
464.332065703113 999.896
422.753069374666 999.896
485.693665024866 999.896
270.966436418855 999.896
140.777708432397 999.896
148.529803866636 999.896
157.603218020721 999.896
50.5892207415118 999.896
-48.2398659376366 999.896
-48.2398659376366 999.896
-42.930210007394 999.896
-60.4296860101462 999.896
-30.1852318695519 999.896
107.061363603033 999.896
138.16703038966 999.896
156.06058894038 999.896
352.682936155345 999.896
463.105681597717 999.896
453.944109375569 999.896
573.296560650811 999.896
888.289167471394 999.896
897.142880351831 999.896
850.839242478546 999.896
956.790321923654 999.896
1215.54766443865 999.896
1009.01015821343 999.896
992.794018671025 999.896
765.883976814558 999.896
735.6355379804 999.896
736.640864642502 999.896
676.315243709568 999.896
704.644365096759 999.896
621.995220309892 999.896
662.316804906184 999.896
878.971320084279 999.896
817.810387561268 999.896
819.51748096092 999.896
794.309660816873 999.896
819.236241932064 999.896
1440.91197764299 999.87
1450.08408463979 999.87
1943.42857063482 999.87
1954.02003174218 999.87
1927.07378036234 999.87
1347.19935509813 999.87
1379.91768258649 999.87
1342.54401307349 999.87
1392.09880832215 999.87
1392.09880832215 999.87
1392.09880832215 999.87
917.038965351343 999.87
892.67737751448 999.87
1184.22425011642 999.87
1153.33854494492 999.87
776.947351783899 999.87
780.785584905746 999.87
530.691802351558 999.87
453.691231378581 999.87
577.915535559456 999.87
722.33685918973 999.87
707.551613113523 999.87
875.404309056486 999.87
1027.42453638891 999.87
1016.14622780628 999.87
1160.14327390306 999.87
1069.96277553083 999.87
564.830415972641 999.87
437.403929967875 999.87
1013.40930920246 999.87
1221.26656682328 999.87
1200.90883583126 999.87
1128.43003759317 999.87
-1026.5492432738 999.87
-995.391243162797 999.87
-1052.09917861603 999.87
-1067.05802113385 999.87
-344.441096564585 999.87
-303.726348956486 999.87
-290.58807849396 999.87
-1048.68133931176 999.87
-1105.60134687099 999.87
-1373.97835135445 999.87
-800.564541210003 999.87
-773.488263491195 999.87
-897.866548512527 999.87
-1002.1432750598 999.87
-1002.1432750598 999.87
-988.87390152751 999.87
-1023.18525790615 999.87
-1023.18525790615 999.87
-773.315403127734 999.87
1219.30548808623 999.87
1193.26017040759 999.87
1242.63915521654 999.87
-390.15219473201 999.87
-322.559050922068 999.87
-230.28726875155 999.87
-119.673775538898 999.87
-51.7272729966319 999.87
859.259508369974 999.87
317.53413554538 999.87
317.53413554538 999.87
1976.70023526611 999.87
1821.03262685466 999.87
1667.27798702197 999.87
1441.60781116329 999.87
1389.27000267933 999.87
1213.50095259982 999.87
1316.01722750106 999.87
1316.01722750106 999.87
1346.84202039531 999.87
879.672479838854 999.844
1058.28180991041 999.844
1189.77464722247 999.844
1138.50422909248 999.844
1081.36444120299 999.844
1087.16401836928 999.844
704.623646974989 999.844
611.854190915459 999.844
618.044411039937 999.844
431.574518682358 999.844
522.97616873983 999.844
434.001679877027 999.844
64.1388706121403 999.844
59.594911503371 999.844
322.045276898265 999.844
322.045276898265 999.844
558.790671628452 999.844
648.794915112342 999.844
353.885569468545 999.844
358.494131384306 999.844
627.871934761896 999.844
672.681215115774 999.844
672.681215115774 999.844
-872.153222255338 999.844
-1066.22334830213 999.844
-1261.24193294159 999.844
-1291.62727066067 999.844
-1156.49585930319 999.844
-1182.11215960959 999.844
-1173.01562258114 999.844
-854.977929663616 999.844
-911.270873521781 999.844
-954.276338173431 999.844
-954.276338173431 999.844
-941.916942464259 999.844
-967.130825021276 999.844
-920.406487738906 999.844
-965.310212489875 999.844
-1108.46230495761 999.844
-609.721093249062 999.844
-600.722241885498 999.844
-600.722241885498 999.844
-665.530941446042 999.844
-703.601686208463 999.844
-867.741007141149 999.844
-834.330049821475 999.844
699.317301101896 999.844
299.323785900069 999.844
452.824316330009 999.844
1155.60647952645 999.844
1091.21482721788 999.844
1195.66480339667 999.844
1347.77236690179 999.844
1264.58133166217 999.844
715.734434850863 999.844
876.310364105481 999.844
871.574547670709 999.844
871.574547670709 999.844
874.597127636385 999.844
957.989071867209 999.844
923.464355374939 999.844
723.731315127859 999.844
558.255380018912 999.844
598.921385672653 999.844
672.114782371185 999.844
709.728946958002 999.844
727.915215415576 999.844
950.265705708186 999.844
1128.35599106258 999.844
1126.546110465 999.844
933.713995814296 999.844
973.478965625325 999.844
979.326719380746 999.818
947.623748258015 999.818
918.479235333734 999.818
934.86897261226 999.818
1006.00804085133 999.818
1329.23239110356 999.818
1361.32357322227 999.818
1433.81520775666 999.818
1419.31349556859 999.818
1039.25527159283 999.818
1061.39070341147 999.818
1059.89837985202 999.818
957.975738476691 999.818
880.29837324318 999.818
848.060387845662 999.818
885.894859775004 999.818
1083.74784735805 999.818
1083.74784735805 999.818
1115.31582640757 999.818
1115.31582640757 999.818
1124.37047652826 999.818
1120.67615894163 999.818
1002.35883397853 999.818
988.270319060262 999.818
999.918225986157 999.818
999.918225986157 999.818
1305.37338029962 999.818
1302.80354706752 999.818
2119.9101397153 999.818
2126.92142077626 999.818
2244.27815823253 999.818
2240.33503552896 999.818
2080.95840263102 999.818
1132.9924587719 999.818
1141.03208302897 999.818
1132.65660009766 999.818
1568.12560373138 999.818
1553.80825376069 999.818
1555.98146331911 999.818
1529.35818166905 999.818
1572.07409889341 999.818
1574.22081415543 999.818
1559.86963444414 999.818
1564.03259527805 999.818
1603.12062615717 999.818
1645.59533101359 999.818
1645.63416547062 999.818
1293.55189126116 999.818
1276.92199066085 999.818
1041.81555659962 999.818
1356.24951739677 999.818
589.949277180163 999.818
471.272733868534 999.818
443.172265543749 999.818
451.918350633872 999.818
535.347570778583 999.818
588.706809561373 999.818
562.484202563046 999.818
576.613882206737 999.818
215.650982686736 999.818
270.556743266697 999.818
404.540942345932 999.818
1208.5429658957 999.818
1028.51568266291 999.818
1025.80380084682 999.818
1041.89656174222 999.818
1041.89656174222 999.818
982.767350298106 999.818
1073.4044179893 999.818
1128.21681676981 999.818
1576.01139140914 999.818
2520.6606483152 999.818
2521.06639907251 999.792
1707.22035177713 999.792
1461.74985146095 999.792
1460.742534867 999.792
1463.06827144438 999.792
1430.99209160569 999.792
1568.4741251704 999.792
1409.92835245834 999.792
1441.10739817068 999.792
1811.46995777294 999.792
1825.12969925625 999.792
1838.05276075085 999.792
1838.12853460765 999.792
1332.78422164794 999.792
1236.77991392632 999.792
1017.53720771907 999.792
1302.03717498182 999.792
1224.78999003244 999.792
1186.21509689962 999.792
1436.63371273738 999.792
1374.14989542874 999.792
1370.78141954296 999.792
1389.73874820849 999.792
1257.37311847516 999.792
1380.45478647052 999.792
1407.59192466535 999.792
1431.53291720495 999.792
614.462746858903 999.792
614.462746858903 999.792
618.638846008967 999.792
685.275261719016 999.792
80.7735623209866 999.792
81.9034126452935 999.792
339.361756202151 999.792
465.622034867113 999.792
537.631295799836 999.792
519.482286037125 999.792
485.854927806508 999.792
533.16321243772 999.792
554.583617899585 999.792
538.535141378353 999.792
150.50176015109 999.792
-35.6956482769154 999.792
-67.5053385827824 999.792
697.45256658559 999.792
1002.26168211776 999.792
1125.52799971235 999.792
1209.07878130944 999.792
1392.42166468619 999.792
1477.35575317191 999.792
1239.43232625121 999.792
1360.67954289694 999.792
1067.78191535096 999.792
1054.29423517627 999.792
1061.61021181008 999.792
1066.93982755591 999.792
949.808848616911 999.792
955.489827702836 999.792
955.489827702836 999.792
755.59849075534 999.792
1018.97979285492 999.792
1029.4818079482 999.792
1208.96115039577 999.792
1362.19268520695 999.792
1346.17187045042 999.792
1337.39580064396 999.792
1162.96009069658 999.792
859.681432838637 999.792
1093.2850392717 999.792
999.69324406831 999.792
995.46621163905 999.792
1485.61992403689 999.792
1273.28405422799 999.766
1292.6530267189 999.766
1561.80418972974 999.766
868.655573302814 999.766
1385.08372999097 999.766
1384.67070017199 999.766
1732.32833365438 999.766
1731.78223543863 999.766
1745.03290442041 999.766
1746.16987099345 999.766
1745.34617542286 999.766
1740.77566910203 999.766
1507.87715896515 999.766
1211.21865460758 999.766
1284.02934798344 999.766
1284.02934798344 999.766
1278.38665497567 999.766
1270.30715448537 999.766
1266.86679135103 999.766
1245.70726203397 999.766
1228.61360419187 999.766
1644.37210751349 999.766
1502.71924328055 999.766
-429.728652590785 999.766
-492.04944560803 999.766
-487.828364780778 999.766
-460.205730512258 999.766
-279.846825925991 999.766
-343.742885181615 999.766
-354.26612427488 999.766
-450.861594571314 999.766
-440.154931015301 999.766
-445.774777133852 999.766
-490.592182191926 999.766
-355.171511732698 999.766
108.095310682787 999.766
-462.400490595679 999.766
-358.328949525033 999.766
-344.772972421777 999.766
67.3810605386365 999.766
231.827918185002 999.766
1078.75843935684 999.766
1264.61999526889 999.766
1253.32637430279 999.766
1254.94465313651 999.766
1484.25543069316 999.766
1463.23136659767 999.766
1424.4230353318 999.766
2393.61725642879 999.766
2280.46023856032 999.766
2444.59755869248 999.766
2722.63045319159 999.766
2721.73406866555 999.766
2825.71844757478 999.766
2803.93050976761 999.766
3403.1146037129 999.766
3478.93323530662 999.766
3605.99807146885 999.766
3605.99807146885 999.766
3572.4898859131 999.766
2905.98286876687 999.766
3269.87963107866 999.766
2553.51964383321 999.766
2128.12575029608 999.766
2145.93698787461 999.766
2414.21321413789 999.766
2901.39399868091 999.766
2704.70186718704 999.766
2685.72064111962 999.766
2688.60648356332 999.766
3928.54016039427 999.766
4154.50454418652 999.766
