boltz acc 0.235299229621887 0.440052262222928
boltz acc 0.00995349884033203 0.0644506773336947
boltz acc 0.0727112889289856 0.542597987764951
boltz acc 0.141530513763428 0.80302949070654
boltz acc 0.018492579460144 0.0346297695269771
boltz acc 0.048700213432312 0.071748468085429
boltz acc 0.235299229621887 0.440052262222928
boltz acc 0.00995349884033203 0.0644506773336947
boltz acc 0.0727112889289856 0.542597987764951
boltz acc 0.141530513763428 0.80302949070654
boltz acc 0.018492579460144 0.0346297695269771
boltz acc 0.048700213432312 0.071748468085429
boltz acc 0.410908877849579 0.738452677318258
boltz acc 0.000808119773864746 0.00427051986522408
boltz acc 0.4257692694664 0.550336586762583
boltz acc 0.0557804107666016 0.264325594144038
boltz acc 0.322945117950439 0.47296500869737
boltz acc 0.141530513763428 0.533739082445592
boltz acc 0.0678186416625977 0.172445807360718
boltz acc 0.0727112889289856 0.0734977583519035
boltz acc 0.139284312725067 0.241689083046309
boltz acc 0.0141661167144775 0.438000285489697
boltz acc 0.075663149356842 0.487767278967879
boltz acc 0.237972974777222 0.734600450210319
boltz acc 0.0865157246589661 0.901757951613495
boltz acc 0.102223873138428 0.112201813855132
boltz acc 0.291430115699768 0.955036384316472
boltz acc 0.398377597332001 0.602121017853814
boltz acc 0.406695485115051 0.794689818897471
