-1481.42658366852 1000
-1481.42658366852 1000
-1481.42658366852 1000
-1481.42658366852 1000
-1481.42658366852 1000
-1481.42658366852 1000
-1481.42658366852 1000
-1481.42658366852 1000
-1481.42658366852 1000
-1481.42658366852 1000
-1481.42658366852 1000
-1481.42658366852 1000
-1481.42658366852 1000
-1481.42658366852 1000
-1481.42658366852 1000
-1481.42658366852 1000
-1481.42658366852 1000
-1481.42658366852 1000
-1481.42658366852 1000
-1481.42658366852 1000
-1481.42658366852 1000
-1481.42658366852 1000
-1481.42658366852 1000
-1481.42658366852 1000
-1481.42658366852 1000
-1473.4552725104 1000
-1473.4552725104 1000
-1458.17803363876 1000
-1458.17803363876 1000
-1458.17803363876 1000
-1458.17803363876 1000
-1458.17803363876 1000
-1458.17803363876 1000
-1458.17803363876 1000
-1458.17803363876 1000
-1447.05805255587 1000
-1447.05805255587 1000
-1447.05805255587 1000
-1447.05805255587 1000
-1447.05805255587 1000
-1447.05805255587 1000
-1447.05805255587 1000
-1446.45523429196 1000
-1446.45523429196 1000
-1446.45523429196 1000
-1446.45523429196 1000
-1446.45523429196 1000
-1443.38953118864 1000
-1443.38953118864 1000
-1439.27629642394 1000
-1439.27629642394 1000
-1439.27629642394 1000
-1439.27629642394 1000
-1422.91150118786 1000
-1422.91150118786 1000
-1422.91150118786 1000
-1422.91150118786 1000
-1422.91150118786 1000
-1422.91150118786 1000
-1422.91150118786 1000
-1417.55101871682 1000
-1417.55101871682 1000
-1417.55101871682 1000
-1417.55101871682 1000
-1417.55101871682 1000
-1417.55101871682 1000
-1417.55101871682 1000
-1417.55101871682 1000
-1417.55101871682 1000
-1417.55101871682 1000
-1417.55101871682 1000
-1417.55101871682 1000
-1417.55101871682 999.974
-1417.55101871682 999.974
-1417.55101871682 999.974
-1417.55101871682 999.974
-1417.55101871682 999.974
-1417.55101871682 999.974
-1417.55101871682 999.974
-1417.55101871682 999.974
-1417.55101871682 999.974
-1417.55101871682 999.974
-1417.55101871682 999.974
-1417.55101871682 999.974
-1417.55101871682 999.974
-1417.55101871682 999.974
-1370.94500198897 999.974
-1370.42588664337 999.974
-1355.27889849024 999.974
-1355.27889849024 999.974
-1355.27889849024 999.974
-1355.27889849024 999.974
-1355.27889849024 999.974
-1355.27889849024 999.974
-1355.27889849024 999.974
-1355.27889849024 999.974
-1355.27889849024 999.974
-1355.27889849024 999.974
-1355.27889849024 999.974
-1355.27889849024 999.974
-1355.27889849024 999.974
-1355.27889849024 999.974
-1355.27889849024 999.974
-1355.27889849024 999.974
-1355.27889849024 999.974
-1355.27889849024 999.974
-1355.27889849024 999.974
-1355.27889849024 999.974
-1355.27889849024 999.974
-1355.27889849024 999.974
-1339.98662116322 999.974
-1348.35643393679 999.974
-1348.35643393679 999.974
-1348.35643393679 999.974
-1348.35643393679 999.974
-1348.35643393679 999.974
-1301.97063712113 999.974
-1301.97063712113 999.974
-1301.97063712113 999.974
-1301.97063712113 999.974
-1302.02149654068 999.974
-1302.02149654068 999.974
-1302.02149654068 999.974
-1302.02149654068 999.974
-1302.02149654068 999.974
-1292.3895389132 999.974
-1335.61829797645 999.974
-1335.61829797645 999.974
-1335.61829797645 999.974
-1335.06588046824 999.974
-1335.06588046824 999.974
-1335.06588046824 999.974
-1335.06588046824 999.974
-1335.06588046824 999.974
-1335.06588046824 999.974
-1335.06588046824 999.974
-1335.06588046824 999.974
-1335.06588046824 999.974
-1335.06588046824 999.974
-1335.06588046824 999.974
-1335.06588046824 999.974
-1325.86621745241 999.974
-1325.86621745241 999.974
-1325.86621745241 999.974
-1325.86621745241 999.948
-1325.86621745241 999.948
-1325.86621745241 999.948
-1325.86621745241 999.948
-1325.86621745241 999.948
-1325.86621745241 999.948
-1325.86621745241 999.948
-1325.86621745241 999.948
-1342.43934870643 999.948
-1342.43934870643 999.948
-1342.43934870643 999.948
-1342.43934870643 999.948
-1342.43934870643 999.948
-1342.43934870643 999.948
-1342.43934870643 999.948
-1310.17654827765 999.948
-1310.17654827765 999.948
-1318.93270742955 999.948
-1318.93270742955 999.948
-1318.93270742955 999.948
-1318.93270742955 999.948
-1309.83957836411 999.948
-1309.83957836411 999.948
-1309.83957836411 999.948
-1309.83957836411 999.948
-1309.83957836411 999.948
-1309.83957836411 999.948
-1298.61716832515 999.948
-1298.61716832515 999.948
-1298.61716832515 999.948
-1298.61716832515 999.948
-1298.61716832515 999.948
-1298.61716832515 999.948
-1298.61716832515 999.948
-1298.61716832515 999.948
-1298.61716832515 999.948
-1298.61716832515 999.948
-1298.61716832515 999.948
-1307.53726567352 999.948
-1307.53726567352 999.948
-1307.53726567352 999.948
-1307.53726567352 999.948
-1307.53726567352 999.948
-1307.53726567352 999.948
-1307.53726567352 999.948
-1307.53726567352 999.948
-1305.99888554541 999.948
-1305.99888554541 999.948
-1305.99888554541 999.948
-1305.99888554541 999.948
-1305.99888554541 999.948
-1305.99888554541 999.948
-1305.99888554541 999.948
-1305.99888554541 999.948
-1305.99888554541 999.948
-1286.7092474177 999.948
-1286.7092474177 999.948
-1286.7092474177 999.948
-1283.88196741586 999.948
-1260.25563076903 999.948
-1260.25563076903 999.948
-1260.25563076903 999.948
-1260.25563076903 999.948
-1260.25563076903 999.948
-1260.25563076903 999.948
-1260.25563076903 999.948
-1269.10660281585 999.948
-1269.10660281585 999.948
-1269.10660281585 999.948
-1269.10660281585 999.948
-1269.10660281585 999.948
-1248.90855090221 999.948
-1248.90855090221 999.922
-1248.90855090221 999.922
-1248.90855090221 999.922
-1248.90855090221 999.922
-1243.0740673801 999.922
-1243.0740673801 999.922
-1243.0740673801 999.922
-1243.0740673801 999.922
-1234.09794910491 999.922
-1234.09794910491 999.922
-1232.4188408814 999.922
-1232.4188408814 999.922
-1232.4188408814 999.922
-1229.53746157439 999.922
-1229.53746157439 999.922
-1229.53746157439 999.922
-1226.18197022287 999.922
-1226.18197022287 999.922
-1226.18197022287 999.922
-1226.18197022287 999.922
-1226.18197022287 999.922
-1226.18197022287 999.922
-1226.18197022287 999.922
-1222.29975393633 999.922
-1226.55795123722 999.922
-1226.55795123722 999.922
-1226.55795123722 999.922
-1228.37971848067 999.922
-1228.37971848067 999.922
-1228.37971848067 999.922
-1230.30680284937 999.922
-1230.30680284937 999.922
-1230.30680284937 999.922
-1230.30680284937 999.922
-1230.30680284937 999.922
-1230.30680284937 999.922
-1230.30680284937 999.922
-1230.30680284937 999.922
-1230.30680284937 999.922
-1230.30680284937 999.922
-1230.30680284937 999.922
-1230.86822519226 999.922
-1230.86822519226 999.922
-1230.86822519226 999.922
-1255.8894392293 999.922
-1255.8894392293 999.922
-1255.8894392293 999.922
-1255.8894392293 999.922
-1255.8894392293 999.922
-1255.8894392293 999.922
-1250.55921887666 999.922
-1250.55921887666 999.922
-1250.55921887666 999.922
-1250.55921887666 999.922
-1236.54896444076 999.922
-1236.54896444076 999.922
-1236.54896444076 999.922
-1236.54896444076 999.922
-1236.54896444076 999.922
-1236.54896444076 999.922
-1236.54896444076 999.922
-1236.54896444076 999.922
-1236.54896444076 999.922
-1236.54896444076 999.922
-1236.54896444076 999.922
-1236.54896444076 999.922
-1236.54896444076 999.922
-1212.5425716169 999.922
-1212.5425716169 999.922
-1212.5425716169 999.922
-1212.5425716169 999.922
-1212.5425716169 999.922
-1212.5425716169 999.896
-1212.5425716169 999.896
-1212.5425716169 999.896
-1212.5425716169 999.896
-1212.5425716169 999.896
-1212.5425716169 999.896
-1212.5425716169 999.896
-1212.5425716169 999.896
-1212.5425716169 999.896
-1221.6532545782 999.896
-1221.74070414436 999.896
-1212.29601219751 999.896
-1212.29601219751 999.896
-1183.88264750003 999.896
-1181.38314247339 999.896
-1181.38314247339 999.896
-1181.38314247339 999.896
-1181.38314247339 999.896
-1181.38314247339 999.896
-1181.38314247339 999.896
-1181.38314247339 999.896
-1181.38314247339 999.896
-1181.38314247339 999.896
-1215.4220144207 999.896
-1215.4220144207 999.896
-1215.4220144207 999.896
-1215.4220144207 999.896
-1215.4220144207 999.896
-1215.4220144207 999.896
-1207.7850833895 999.896
-1203.17808738297 999.896
-1203.17808738297 999.896
-1208.38089488582 999.896
-1208.38089488582 999.896
-1208.38089488582 999.896
-1211.13543918037 999.896
-1211.13543918037 999.896
-1211.13543918037 999.896
-1211.13543918037 999.896
-1211.13543918037 999.896
-1211.13543918037 999.896
-1211.13543918037 999.896
-1211.13543918037 999.896
-1211.13543918037 999.896
-1225.44560533823 999.896
-1225.44560533823 999.896
-1225.44560533823 999.896
-1225.44560533823 999.896
-1243.63437856437 999.896
-1243.63437856437 999.896
-1243.63437856437 999.896
-1243.63437856437 999.896
-1243.63437856437 999.896
-1243.63437856437 999.896
-1243.63437856437 999.896
-1243.63437856437 999.896
-1243.63437856437 999.896
-1243.63437856437 999.896
-1243.63437856437 999.896
-1243.63437856437 999.896
-1243.63437856437 999.896
-1243.63437856437 999.896
-1312.04996394021 999.896
-1312.04996394021 999.896
-1312.04996394021 999.896
-1302.22492816823 999.896
-1302.22492816823 999.896
-1302.22492816823 999.896
-1302.22492816823 999.896
-1302.22492816823 999.896
-1302.22492816823 999.896
-1302.22492816823 999.896
-1302.22492816823 999.87
-1302.22492816823 999.87
-1302.22492816823 999.87
-1302.22492816823 999.87
-1302.22492816823 999.87
-1302.22492816823 999.87
-1302.22492816823 999.87
-1302.22492816823 999.87
-1302.22492816823 999.87
-1302.22492816823 999.87
-1294.63860226399 999.87
-1294.63860226399 999.87
-1293.07859800765 999.87
-1293.07859800765 999.87
-1293.07859800765 999.87
-1293.07859800765 999.87
-1289.66504081658 999.87
-1289.66504081658 999.87
-1289.66504081658 999.87
-1289.66504081658 999.87
-1289.66504081658 999.87
-1289.66504081658 999.87
-1289.66504081658 999.87
-1289.66504081658 999.87
-1289.66504081658 999.87
-1289.66504081658 999.87
-1289.66504081658 999.87
-1289.66504081658 999.87
-1289.66504081658 999.87
-1260.92714118149 999.87
-1260.92714118149 999.87
-1260.92714118149 999.87
-1260.92714118149 999.87
-1260.92714118149 999.87
-1226.82147365827 999.87
-1226.82147365827 999.87
-1226.82147365827 999.87
-1226.82147365827 999.87
-1226.82147365827 999.87
-1226.82147365827 999.87
-1226.82147365827 999.87
-1226.82147365827 999.87
-1226.82147365827 999.87
-1226.82147365827 999.87
-1226.82147365827 999.87
-1226.82147365827 999.87
-1229.99309133008 999.87
-1229.99309133008 999.87
-1233.04912193691 999.87
-1233.04912193691 999.87
-1250.16214591819 999.87
-1250.16214591819 999.87
-1250.16214591819 999.87
-1250.16214591819 999.87
-1250.16214591819 999.87
-1250.16214591819 999.87
-1250.16214591819 999.87
-1250.16214591819 999.87
-1245.60417037009 999.87
-1245.60417037009 999.87
-1245.60417037009 999.87
-1245.60417037009 999.87
-1245.60417037009 999.87
-1236.57160352435 999.87
-1236.57160352435 999.87
-1236.57160352435 999.87
-1236.57160352435 999.87
-1236.57160352435 999.87
-1236.57160352435 999.87
-1236.57160352435 999.87
-1236.57160352435 999.87
-1236.57160352435 999.87
-1236.57160352435 999.844
-1250.84894407903 999.844
-1236.23854319068 999.844
-1236.23854319068 999.844
-1236.67339310044 999.844
-1236.67339310044 999.844
-1236.67339310044 999.844
-1236.67339310044 999.844
-1236.67339310044 999.844
-1236.67339310044 999.844
-1236.67339310044 999.844
-1224.20317630744 999.844
-1229.10009022961 999.844
-1229.10009022961 999.844
-1226.17495398262 999.844
-1226.17495398262 999.844
-1226.17495398262 999.844
-1225.66343853927 999.844
-1225.66343853927 999.844
-1225.66343853927 999.844
-1225.66343853927 999.844
-1225.66343853927 999.844
-1234.30932636745 999.844
-1234.30932636745 999.844
-1234.30932636745 999.844
-1210.10017929401 999.844
-1210.10017929401 999.844
-1210.10017929401 999.844
-1210.10017929401 999.844
-1210.10017929401 999.844
-1210.10017929401 999.844
-1210.10017929401 999.844
-1219.27974682217 999.844
-1219.27974682217 999.844
-1219.27974682217 999.844
-1219.27974682217 999.844
-1219.27974682217 999.844
-1219.27974682217 999.844
-1219.27974682217 999.844
-1219.27974682217 999.844
-1219.27974682217 999.844
-1219.27974682217 999.844
-1219.27974682217 999.844
-1219.27974682217 999.844
-1229.8741966095 999.844
-1229.8741966095 999.844
-1229.8741966095 999.844
-1229.8741966095 999.844
-1229.8741966095 999.844
-1229.8741966095 999.844
-1229.8741966095 999.844
-1229.8741966095 999.844
-1229.8741966095 999.844
-1229.8741966095 999.844
-1229.8741966095 999.844
-1229.8741966095 999.844
-1229.8741966095 999.844
-1229.8741966095 999.844
-1229.8741966095 999.844
-1229.8741966095 999.844
-1229.8741966095 999.844
-1227.68827238985 999.844
-1227.68827238985 999.844
-1227.68827238985 999.844
-1227.68827238985 999.844
-1227.68827238985 999.844
-1227.68827238985 999.844
-1218.65056248299 999.844
-1219.15735551909 999.844
-1219.15735551909 999.844
-1219.15735551909 999.844
-1219.15735551909 999.844
-1219.15735551909 999.818
-1217.27746791441 999.818
-1204.72418723985 999.818
-1204.72418723985 999.818
-1204.72418723985 999.818
-1204.72418723985 999.818
-1204.72418723985 999.818
-1204.72418723985 999.818
-1211.19111372205 999.818
-1211.19111372205 999.818
-1211.19111372205 999.818
-1211.19111372205 999.818
-1211.19111372205 999.818
-1211.19111372205 999.818
-1211.19111372205 999.818
-1211.19111372205 999.818
-1211.19111372205 999.818
-1211.19111372205 999.818
-1211.19111372205 999.818
-1220.03914523964 999.818
-1220.03914523964 999.818
-1220.03914523964 999.818
-1220.03914523964 999.818
-1211.74709400475 999.818
-1179.42158988234 999.818
-1179.42158988234 999.818
-1179.42158988234 999.818
-1179.42158988234 999.818
-1179.42158988234 999.818
-1179.42158988234 999.818
-1179.42158988234 999.818
-1177.31366171437 999.818
-1192.51505359712 999.818
-1202.9481356144 999.818
-1202.74532862797 999.818
-1202.74532862797 999.818
-1202.74532862797 999.818
-1183.90817289981 999.818
-1188.41975128526 999.818
-1188.41975128526 999.818
-1188.41975128526 999.818
-1201.20241009244 999.818
-1201.20241009244 999.818
-1201.20241009244 999.818
-1189.35134848807 999.818
-1189.35134848807 999.818
-1189.85345393446 999.818
-1189.85345393446 999.818
-1189.85345393446 999.818
-1182.11563418626 999.818
-1182.11563418626 999.818
-1182.11563418626 999.818
-1182.11563418626 999.818
-1182.11563418626 999.818
-1182.11563418626 999.818
-1172.67338945769 999.818
-1172.67338945769 999.818
-1172.67338945769 999.818
-1170.44283624392 999.818
-1183.07255511104 999.818
-1183.07255511104 999.818
-1183.07255511104 999.818
-1183.07255511104 999.818
-1183.07255511104 999.818
-1183.07255511104 999.818
-1183.07255511104 999.818
-1183.07255511104 999.818
-1185.46034269593 999.818
-1185.46034269593 999.818
-1185.46034269593 999.818
-1224.5226278783 999.818
-1239.85978542359 999.818
-1239.85978542359 999.792
-1239.85978542359 999.792
-1253.95259561086 999.792
-1253.95259561086 999.792
-1250.73323542776 999.792
-1250.73323542776 999.792
-1250.73323542776 999.792
-1255.46096657737 999.792
-1255.46096657737 999.792
-1253.29725876192 999.792
-1253.29725876192 999.792
-1253.29725876192 999.792
-1253.29725876192 999.792
-1253.29725876192 999.792
-1253.29725876192 999.792
-1253.29725876192 999.792
-1253.29725876192 999.792
-1253.29725876192 999.792
-1253.29725876192 999.792
-1253.29725876192 999.792
-1253.29725876192 999.792
-1253.29725876192 999.792
-1253.2278708584 999.792
-1246.22286761907 999.792
-1246.22286761907 999.792
-1246.22286761907 999.792
-1246.22286761907 999.792
-1246.22286761907 999.792
-1246.22286761907 999.792
-1255.68972109703 999.792
-1255.68972109703 999.792
-1255.68972109703 999.792
-1255.68972109703 999.792
-1281.74605586778 999.792
-1281.74605586778 999.792
-1266.69372184577 999.792
-1266.69372184577 999.792
-1266.69372184577 999.792
-1266.69372184577 999.792
-1266.69372184577 999.792
-1266.69372184577 999.792
-1266.69372184577 999.792
-1280.96996504562 999.792
-1280.96996504562 999.792
-1287.57279744842 999.792
-1287.57279744842 999.792
-1272.31818493475 999.792
-1272.20293892506 999.792
-1272.20293892506 999.792
-1285.15928092912 999.792
-1285.15928092912 999.792
-1285.15928092912 999.792
-1289.55300128571 999.792
-1289.55300128571 999.792
-1289.55300128571 999.792
-1289.55300128571 999.792
-1289.55300128571 999.792
-1289.55300128571 999.792
-1289.55300128571 999.792
-1289.55300128571 999.792
-1289.55300128571 999.792
-1268.94544711616 999.792
-1268.94544711616 999.792
-1268.94544711616 999.792
-1268.94544711616 999.792
-1268.94544711616 999.792
-1268.94544711616 999.792
-1268.94544711616 999.792
-1268.94544711616 999.792
-1262.85876509548 999.792
-1262.85876509548 999.792
-1262.85876509548 999.792
-1262.85876509548 999.766
-1262.85876509548 999.766
-1262.85876509548 999.766
-1262.85876509548 999.766
-1250.322531872 999.766
-1250.322531872 999.766
-1250.322531872 999.766
-1250.322531872 999.766
-1250.322531872 999.766
-1250.322531872 999.766
-1250.322531872 999.766
-1223.64873661968 999.766
-1223.64873661968 999.766
-1223.64873661968 999.766
-1223.64873661968 999.766
-1223.64873661968 999.766
-1203.03874757192 999.766
-1203.03874757192 999.766
-1189.33524500319 999.766
-1189.33524500319 999.766
-1131.29903369701 999.766
-1131.29903369701 999.766
-1131.29903369701 999.766
-1131.29903369701 999.766
-1131.29903369701 999.766
-1131.29903369701 999.766
-1131.29903369701 999.766
-1133.04222344459 999.766
-1141.70282470924 999.766
-1173.7379626905 999.766
-1173.7379626905 999.766
-1173.7379626905 999.766
-1173.7379626905 999.766
-1180.31280736722 999.766
-1180.31280736722 999.766
-1178.40753707319 999.766
-1178.40753707319 999.766
-1178.40753707319 999.766
-1178.40753707319 999.766
-1178.40753707319 999.766
-1178.40753707319 999.766
-1178.40753707319 999.766
-1178.40753707319 999.766
-1150.59021695438 999.766
-1150.59021695438 999.766
-1150.59021695438 999.766
-1150.59021695438 999.766
-1150.59021695438 999.766
-1150.59021695438 999.766
-1148.22623790467 999.766
-1162.28788904743 999.766
-1162.28788904743 999.766
-1182.74756699441 999.766
-1187.7371840594 999.766
-1197.51592422687 999.766
-1197.51592422687 999.766
-1197.51592422687 999.766
-1197.51592422687 999.766
-1197.51592422687 999.766
-1197.51592422687 999.766
-1191.09763760845 999.766
-1191.09763760845 999.766
-1191.09763760845 999.766
-1191.09763760845 999.766
-1191.09763760845 999.766
-1195.4205344286 999.766
-1195.4205344286 999.766
-1195.4205344286 999.766
-1195.4205344286 999.766
-1185.29110213783 999.766
-1185.29110213783 999.766
-1185.29110213783 999.766
-1185.29110213783 0.026
-1185.29110213783 0.026
-1185.29110213783 0.026
-1185.29110213783 0.026
-1187.88609968278 0.026
-1187.88609968278 0.026
-1187.88609968278 0.026
-1187.88609968278 0.026
-1187.88609968278 0.026
-1187.88609968278 0.026
-1187.88609968278 0.026
-1187.88609968278 0.026
-1187.88609968278 0.026
-1187.88609968278 0.026
-1187.88609968278 0.026
-1187.88609968278 0.026
-1187.88609968278 0.026
-1195.02500416465 0.026
-1195.02500416465 0.026
-1196.6450423659 0.026
-1224.73009565641 0.026
-1233.5796785974 0.026
-1233.5796785974 0.026
-1233.5796785974 0.026
-1233.5796785974 0.026
-1233.5796785974 0.026
-1233.5796785974 0.026
-1233.5796785974 0.026
-1233.5796785974 0.026
-1233.5796785974 0.026
-1233.5796785974 0.026
-1233.5796785974 0.026
-1233.5796785974 0.026
-1233.5796785974 0.026
-1378.83030843296 0.026
-1378.83030843296 0.026
-1378.83030843296 0.026
-1378.83030843296 0.026
-1378.83030843296 0.026
-1378.83030843296 0.026
-1378.83030843296 0.026
-1378.83030843296 0.026
-1378.83030843296 0.026
-1378.83030843296 0.026
-1378.83030843296 0.026
-1378.83030843296 0.026
-1378.83030843296 0.026
-1379.98215765555 0.026
-1387.05205441778 0.026
-1388.79679156182 0.026
-1388.79679156182 0.026
-1388.79679156182 0.026
-1388.79679156182 0.026
-1388.79679156182 0.026
-1388.79679156182 0.026
-1388.99424909325 0.026
-1388.99424909325 0.026
-1388.99424909325 0.026
-1388.99424909325 0.026
-1388.99424909325 0.026
-1417.39402765045 0.026
-1417.39402765045 0.026
-1417.39402765045 0.026
-1417.39402765045 0.026
-1417.39402765045 0.026
-1417.39402765045 0.026
-1417.39402765045 0.026
-1417.39402765045 0.026
-1417.39402765045 0.026
-1417.39402765045 0.026
-1417.39402765045 0.026
-1418.91601048658 0.026
-1418.91601048658 0.026
-1418.91601048658 0.026
-1418.91601048658 0.026
-1418.91601048658 0.026
-1418.91601048658 0.026
-1418.91601048658 0.026
-1418.91601048658 0.026
-1418.91601048658 0.026
-1420.79292376856 0.026
-1420.79292376856 0.026
-1420.79292376856 0.026
-1420.79292376856 0.026
-1420.79292376856 0.026
-1420.79292376856 0.026
-1420.79292376856 0.026
-1420.79292376856 0.026
-1420.79292376856 0.026
-1420.79292376856 0.026
-1420.79292376856 0.026
-1420.79292376856 0.026
-1434.32782023063 0.026
-1434.32782023063 0.026
-1434.32782023063 0.026
-1434.32782023063 0.026
-1434.32782023063 0.026
-1434.32782023063 0.026
-1434.32782023063 0.026
-1434.32782023063 0.026
-1434.32782023063 0.026
-1434.32782023063 0.026
-1434.32782023063 0.026
-1434.32782023063 0.026
-1434.32782023063 0.026
-1434.32782023063 0.026
-1434.32782023063 0.026
-1434.32782023063 0.026
-1434.32782023063 0.026
-1434.32782023063 0.026
-1434.32782023063 0.026
-1434.32782023063 0.026
-1434.32782023063 0.026
-1434.32782023063 0.026
-1436.83933100964 0.026
-1436.83933100964 0.026
-1436.83933100964 0.026
-1446.5472118457 0.026
-1446.5472118457 0.026
-1446.5472118457 0.026
-1446.5472118457 0.026
-1446.5472118457 0.026
-1446.5472118457 0.026
-1446.5472118457 0.026
-1446.5472118457 0.026
-1480.06696183271 0.026
-1480.06696183271 0.026
-1480.06696183271 0.026
-1480.06696183271 0.026
-1480.06696183271 0.026
-1480.06696183271 0.026
-1480.06696183271 0.026
-1480.06696183271 0.026
-1480.06696183271 0.026
-1480.06696183271 0.026
-1480.06696183271 0.026
-1480.06696183271 0.026
-1480.06696183271 0.026
-1480.06696183271 0.026
-1480.06696183271 0.026
-1480.06696183271 0.026
-1480.06696183271 0.026
-1480.06696183271 0.026
-1480.06696183271 0.026
-1480.06696183271 0.026
-1480.06696183271 0.026
-1480.06696183271 0.026
-1480.06696183271 0.026
-1480.06696183271 0.026
-1480.42850008597 0.026
-1480.42850008597 0.026
-1480.42850008597 0.026
-1480.42850008597 0.026
-1480.42850008597 0.026
-1480.42850008597 0.026
-1480.42850008597 0.026
-1480.42850008597 0.026
-1480.42850008597 0.026
-1480.42850008597 0.026
-1480.42850008597 0.026
-1480.42850008597 0.026
-1480.42850008597 0.026
-1480.42850008597 0.026
-1480.42850008597 0.026
-1480.42850008597 0.026
-1480.42850008597 0.026
-1480.42850008597 0.026
-1480.42850008597 0.026
-1480.42850008597 0.026
-1480.42850008597 0.026
-1480.42850008597 0.026
-1480.42850008597 0.026
-1480.42850008597 0.026
-1480.42850008597 0.026
-1480.42850008597 0.026
-1480.42850008597 0.026
-1480.42850008597 0.026
-1480.42850008597 0.026
-1480.42850008597 0.026
-1480.42850008597 0.026
-1480.42850008597 0.026
-1480.42850008597 0.026
-1480.42850008597 0.026
-1480.42850008597 0.026
-1480.42850008597 0.026
-1480.42850008597 0.026
-1480.42850008597 0.026
-1480.42850008597 0.026
-1480.42850008597 0.026
-1480.42850008597 0.026
-1480.42850008597 0.026
-1480.42850008597 0.026
-1480.42850008597 0.026
-1480.42850008597 0.026
-1480.42850008597 0.026
-1480.42850008597 0.026
-1480.42850008597 0.026
-1480.42850008597 0.026
-1480.42850008597 0.026
-1480.42850008597 0.026
-1480.42850008597 0.026
-1480.42850008597 0.026
-1480.42850008597 0.026
-1480.42850008597 0.026
-1480.42850008597 0.026
-1480.42850008597 0.026
-1480.54008046911 0.026
-1480.54008046911 0.026
-1480.54008046911 0.026
-1480.54008046911 0.026
-1480.54008046911 0.026
-1480.54008046911 0.026
-1480.54008046911 0.026
-1480.54008046911 0.026
-1480.54008046911 0.026
-1480.54008046911 0.026
-1480.54008046911 0.026
-1480.54008046911 0.026
-1480.54008046911 0.026
-1480.54008046911 0.026
-1480.54008046911 0.026
-1480.54008046911 0.026
-1480.54008046911 0.026
-1480.54008046911 0.026
-1480.54008046911 0.026
-1480.54008046911 0.026
-1480.54008046911 0.026
-1480.54008046911 0.026
-1480.54008046911 0.026
-1480.54008046911 0.026
-1480.54008046911 0.026
-1480.54008046911 0.026
-1480.54008046911 0.026
-1480.54008046911 0.026
-1480.54008046911 0.026
-1480.54008046911 0.026
-1480.54008046911 0.026
-1480.54008046911 0.026
-1480.54008046911 0.026
-1480.54008046911 0.026
-1480.54008046911 0.026
-1480.54008046911 0.026
-1480.54008046911 0.026
-1480.54008046911 0.026
-1480.54008046911 0.026
-1480.54008046911 0.026
-1480.54008046911 0.026
-1480.54008046911 0.026
-1480.54008046911 0.026
-1480.54008046911 0.026
-1480.54008046911 0.026
-1480.54008046911 0.026
-1480.54008046911 0.026
-1480.54008046911 0.026
-1480.54008046911 0.026
-1480.54008046911 0.026
-1480.54008046911 0.026
-1480.54008046911 0.026
-1480.54008046911 0.026
-1480.54008046911 0.026
-1480.54008046911 0.026
-1480.54008046911 0.026
-1480.54008046911 0.026
-1480.54008046911 0.026
-1480.54008046911 0.026
-1480.54008046911 0.026
-1480.54008046911 0.026
-1480.54008046911 0.026
-1480.54008046911 0.026
-1480.54008046911 0.026
-1480.54008046911 0.026
-1480.54008046911 0.026
-1480.54008046911 0.026
-1480.54008046911 0.026
-1480.54008046911 0.026
-1480.54008046911 0.026
-1480.54008046911 0.026
-1480.54008046911 0.026
-1480.54008046911 0.026
-1480.54008046911 0.026
-1480.54008046911 0.026
-1480.54008046911 0.026
-1480.54008046911 0.026
-1480.54008046911 0.026
-1480.54008046911 0.026
-1480.54008046911 0.026
-1480.54008046911 0.026
-1480.54008046911 0.026
-1480.54008046911 0.026
-1480.54008046911 0.026
-1480.54008046911 0.026
-1480.54008046911 0.026
-1480.54008046911 0.026
-1480.54008046911 0.026
-1480.54008046911 0.026
-1480.54008046911 0.026
-1480.54008046911 0.026
-1480.54008046911 0.026
-1480.54008046911 0.026
-1480.54008046911 0.026
-1480.54008046911 0.026
-1480.54008046911 0.026
-1480.54008046911 0.026
-1480.54008046911 0.026
-1480.54008046911 0.026
-1480.54008046911 0.026
-1480.54008046911 0.026
-1480.54008046911 0.026
-1480.54008046911 0.026
-1480.54008046911 0.026
-1480.54008046911 0.026
-1480.54008046911 0.026
-1480.54008046911 0.026
-1480.54008046911 0.026
-1480.54008046911 0.026
-1480.54008046911 0.026
-1480.54008046911 0.026
-1480.54008046911 0.026
-1480.54008046911 0.026
-1480.54008046911 0.026
-1480.54008046911 0.026
-1480.54008046911 0.026
-1480.54008046911 0.026
-1480.54008046911 0.026
-1480.54008046911 0.026
-1480.54008046911 0.026
-1480.54008046911 0.026
-1480.54008046911 0.026
-1480.54008046911 0.026
-1480.54008046911 0.026
-1480.54008046911 0.026
-1480.54008046911 0.026
-1480.54008046911 0.026
-1480.54008046911 0.026
-1480.54008046911 0.026
-1480.54008046911 0.026
-1480.54008046911 0.026
-1480.54008046911 0.026
-1480.54008046911 0.026
-1480.54008046911 0.026
-1480.54008046911 0.026
-1480.54008046911 0.026
-1480.54008046911 0.026
-1480.54008046911 0.026
-1480.54008046911 0.026
-1480.54008046911 0.026
-1480.54008046911 0.026
-1480.54008046911 0.026
-1480.54008046911 0.026
-1480.54008046911 0.026
-1480.54008046911 0.026
-1480.54008046911 0.026
-1480.54008046911 0.026
-1480.54008046911 0.026
-1480.54008046911 0.026
-1480.54008046911 0.026
-1480.54008046911 0.026
-1480.54008046911 0.026
-1480.54008046911 0.026
-1480.54008046911 0.026
-1480.54008046911 0.026
-1480.54008046911 0.026
-1480.54008046911 0.026
-1480.54008046911 0.026
-1480.54008046911 0.026
-1480.54008046911 0.026
-1480.54008046911 0.026
-1480.54008046911 0.026
-1480.54008046911 0.026
-1480.54008046911 0.026
-1480.54008046911 0.026
-1480.54008046911 0.026
-1480.54008046911 0.026
-1480.54008046911 0.026
-1480.54008046911 0.026
-1480.54008046911 0.026
-1480.54008046911 0.026
-1480.54008046911 0.026
-1480.54008046911 0.026
-1480.54008046911 0.026
-1480.54008046911 0.026
-1480.54008046911 0.026
-1480.54008046911 0.026
-1480.54008046911 0.026
-1480.54008046911 0.026
-1480.54008046911 0.026
-1480.54008046911 0.026
-1480.54008046911 0.026
-1480.54008046911 0.026
-1480.54008046911 0.026
-1480.54008046911 0.026
-1480.54008046911 0.026
-1480.54008046911 0.026
-1480.54008046911 0.026
-1480.54008046911 0.026
-1480.54008046911 0.026
-1480.54008046911 0.026
-1480.54008046911 0.026
-1480.54008046911 0.026
-1480.54008046911 0.026
-1480.54008046911 0.026
-1480.54008046911 0.026
-1480.54008046911 0.026
-1480.54008046911 0.026
-1480.54008046911 0.026
-1480.54008046911 0.026
-1480.54008046911 0.026
-1480.54008046911 0.026
-1480.54008046911 0.026
-1480.54008046911 0.026
-1480.54008046911 0.026
-1480.54008046911 0.026
-1480.54008046911 0.026
-1480.54008046911 0.026
-1480.54008046911 0.026
-1480.54008046911 0.026
-1480.54008046911 0.026
-1480.54008046911 0.026
-1480.54008046911 0.026
-1480.54008046911 0.026
-1480.54008046911 0.026
-1480.54008046911 0.026
-1480.54008046911 0.026
-1480.54008046911 0.026
-1480.54008046911 0.026
-1480.54008046911 0.026
-1480.54008046911 0.026
-1480.54008046911 0.026
-1480.54008046911 0.026
-1480.54008046911 0.026
-1480.54008046911 0.026
-1480.54008046911 0.026
-1480.54008046911 0.026
-1480.54008046911 0.026
-1480.54008046911 0.026
-1480.54008046911 0.026
-1480.54008046911 0.026
-1480.54008046911 0.026
-1480.54008046911 0.026
-1480.54008046911 0.026
-1480.54008046911 0.026
-1480.54008046911 0.026
-1480.54008046911 0.026
-1480.54008046911 0.026
-1480.54008046911 0.026
-1480.54008046911 0.026
-1480.54008046911 0.026
-1480.54008046911 0.026
-1480.54008046911 0.026
-1480.54008046911 0.026
-1480.54008046911 0.026
-1480.54008046911 0.026
-1480.54008046911 0.026
-1480.54008046911 0.026
-1480.54008046911 0.026
-1480.54008046911 0.026
-1480.54008046911 0.026
-1480.54008046911 0.026
-1480.54008046911 0.026
-1480.54008046911 0.026
-1480.54008046911 0.026
-1480.54008046911 0.026
-1480.54008046911 0.026
-1480.54008046911 0.026
-1480.54008046911 0.026
-1480.54008046911 0.026
-1480.54008046911 0.026
-1480.54008046911 0.026
-1480.54008046911 0.026
-1480.54008046911 0.026
-1480.54008046911 0.026
-1480.54008046911 0.026
-1480.54008046911 0.026
-1480.54008046911 0.026
-1480.54008046911 0.026
-1480.54008046911 0.026
-1480.54008046911 0.026
-1480.54008046911 0.026
-1480.54008046911 0.026
-1480.54008046911 0.026
-1480.54008046911 0.026
-1480.54008046911 0.026
-1480.54008046911 0.026
-1480.54008046911 0.026
-1480.54008046911 0.026
-1480.54008046911 0.026
-1480.54008046911 0.026
-1480.54008046911 0.026
-1480.54008046911 0.026
-1480.54008046911 0.026
-1480.54008046911 0.026
-1480.54008046911 0.026
-1480.54008046911 0.026
-1480.54008046911 0.026
-1480.54008046911 0.026
-1480.54008046911 0.026
-1480.54008046911 0.026
-1480.54008046911 0.026
-1480.54008046911 0.026
-1480.54008046911 0.026
-1480.54008046911 0.026
-1480.54008046911 0.026
-1480.54008046911 0.026
-1480.54008046911 0.026
-1480.54008046911 0.026
-1480.54008046911 0.026
-1480.54008046911 0.026
-1480.54008046911 0.026
-1480.54008046911 0.026
-1480.54008046911 0.026
-1480.54008046911 0.026
-1480.54008046911 0.026
-1480.54008046911 0.026
-1480.54008046911 0.026
-1480.54008046911 0.026
-1480.54008046911 0.026
-1480.54008046911 0.026
-1480.54008046911 0.026
-1480.54008046911 0.026
-1480.54008046911 0.026
-1480.54008046911 0.026
-1480.54008046911 0.026
-1480.54008046911 0.026
-1480.54008046911 0.026
-1480.54008046911 0.026
-1480.54008046911 0.026
-1480.54008046911 0.026
-1480.54008046911 0.026
-1480.54008046911 0.026
-1480.54008046911 0.026
-1480.54008046911 0.026
-1480.54008046911 0.026
-1480.54008046911 0.026
-1480.54008046911 0.026
-1480.54008046911 0.026
-1480.76303707918 0.026
-1480.76303707918 0.026
-1480.76303707918 0.026
-1480.76303707918 0.026
-1480.76303707918 0.026
-1480.76303707918 0.026
-1480.76303707918 0.026
-1480.76303707918 0.026
-1480.76303707918 0.026
-1480.76303707918 0.026
-1480.76303707918 0.026
-1480.76303707918 0.026
-1480.76303707918 0.026
-1480.76303707918 0.026
-1480.76303707918 0.026
-1480.76303707918 0.026
-1480.76303707918 0.026
-1480.76303707918 0.026
-1480.76303707918 0.026
-1480.76303707918 0.026
-1480.76303707918 0.026
-1480.76303707918 0.026
-1480.76303707918 0.026
-1480.76303707918 0.026
-1480.76303707918 0.026
-1480.76303707918 0.026
-1480.76303707918 0.026
-1480.76303707918 0.026
-1480.76303707918 0.026
-1480.76303707918 0.026
-1480.76303707918 0.026
-1480.76303707918 0.026
-1481.34426597694 0.026
-1481.34426597694 0.026
-1481.34426597694 0.026
-1481.34426597694 0.026
-1481.34426597694 0.026
-1481.34426597694 0.026
-1481.34426597694 0.026
-1481.34426597694 0.026
-1481.34426597694 0.026
-1481.34426597694 0.026
-1481.34426597694 0.026
-1481.34426597694 0.026
-1481.34426597694 0.026
-1481.34426597694 0.026
-1481.34426597694 0.026
-1481.34426597694 0.026
-1481.34426597694 0.026
-1481.34426597694 0.026
-1481.34426597694 0.026
-1481.34426597694 0.026
-1481.34426597694 0.026
-1481.34426597694 0.026
-1481.34426597694 0.026
-1481.34426597694 0.026
-1481.34426597694 0.026
-1481.34426597694 0.026
-1481.34426597694 0.026
-1481.34426597694 0.026
-1481.34426597694 0.026
-1481.34426597694 0.026
-1481.34426597694 0.026
-1481.34426597694 0.026
-1481.34426597694 0.026
-1481.34426597694 0.026
-1481.34426597694 0.026
-1481.34426597694 0.026
-1481.34426597694 0.026
-1481.34426597694 0.026
-1481.34426597694 0.026
-1481.34426597694 0.026
-1481.34426597694 0.026
-1481.34426597694 0.026
-1481.34426597694 0.026
-1481.34426597694 0.026
-1481.34426597694 0.026
-1481.34426597694 0.026
-1481.34426597694 0.026
-1481.34426597694 0.026
-1481.34426597694 0.026
-1481.34426597694 0.026
-1481.34426597694 0.026
-1481.34426597694 0.026
-1481.34426597694 0.026
-1481.34426597694 0.026
-1481.34426597694 0.026
-1481.34426597694 0.026
-1481.34426597694 0.026
-1481.34426597694 0.026
-1481.34426597694 0.026
-1481.34426597694 0.026
-1481.34426597694 0.026
-1481.34426597694 0.026
-1481.34426597694 0.026
-1481.34426597694 0.026
-1481.34426597694 0.026
-1481.34426597694 0.026
-1481.34426597694 0.026
-1481.34426597694 0.026
-1481.34426597694 0.026
-1481.34426597694 0.026
-1481.34426597694 0.026
-1481.34426597694 0.026
-1481.34426597694 0.026
-1481.34426597694 0.026
-1481.34426597694 0.026
-1481.34426597694 0.026
-1481.34426597694 0.026
-1481.34426597694 0.026
-1481.34426597694 0.026
-1481.34426597694 0.026
-1481.34426597694 0.026
-1481.34426597694 0.026
-1481.34426597694 0.026
-1481.34426597694 0.026
-1481.34426597694 0.026
-1481.34426597694 0.026
-1481.34426597694 0.026
-1481.34426597694 0.026
-1481.34426597694 0.026
-1481.34426597694 0.026
-1481.34426597694 0.026
-1481.34426597694 0.026
-1481.34426597694 0.026
-1481.34426597694 0.026
-1481.34426597694 0.026
-1481.34426597694 0.026
-1481.34426597694 0.026
-1481.34426597694 0.026
-1481.34426597694 0.026
-1481.34426597694 0.026
-1481.34426597694 0.026
-1481.34426597694 0.026
-1481.34426597694 0.026
-1481.34426597694 0.026
-1481.34426597694 0.026
-1481.34426597694 0.026
-1481.34426597694 0.026
-1481.34426597694 0.026
-1481.34426597694 0.026
-1481.34426597694 0.026
-1481.34426597694 0.026
-1481.34426597694 0.026
-1481.34426597694 0.026
-1481.34426597694 0.026
-1481.34426597694 0.026
-1481.34426597694 0.026
-1481.34426597694 0.026
-1481.34426597694 0.026
-1481.34426597694 0.026
-1481.34426597694 0.026
-1481.34426597694 0.026
-1481.34426597694 0.026
-1481.34426597694 0.026
-1481.34426597694 0.026
-1481.34426597694 0.026
-1481.34426597694 0.026
-1481.34426597694 0.026
-1481.34426597694 0.026
-1481.34426597694 0.026
-1481.34426597694 0.026
-1481.34426597694 0.026
-1481.34426597694 0.026
-1481.34426597694 0.026
-1481.34426597694 0.026
-1481.34426597694 0.026
-1481.34426597694 0.026
-1481.34426597694 0.026
-1481.34426597694 0.026
-1481.34426597694 0.026
-1481.34426597694 0.026
-1481.34426597694 0.026
-1481.34426597694 0.026
-1481.34426597694 0.026
-1481.34426597694 0.026
-1481.34426597694 0.026
-1481.34426597694 0.026
-1481.34426597694 0.026
-1481.34426597694 0.026
-1481.34426597694 0.026
-1481.34426597694 0.026
-1481.34426597694 0.026
-1481.34426597694 0.026
-1481.34426597694 0.026
-1481.34426597694 0.026
-1481.34426597694 0.026
-1481.34426597694 0.026
-1481.34426597694 0.026
-1481.34426597694 0.026
-1481.34426597694 0.026
-1481.34426597694 0.026
-1481.34426597694 0.026
-1481.34426597694 0.026
-1481.34426597694 0.026
-1481.34426597694 0.026
-1481.34426597694 0.026
-1481.34426597694 0.026
-1481.34426597694 0.026
-1481.34426597694 0.026
-1481.34426597694 0.026
-1481.34426597694 0.026
-1481.42044504515 0.026
-1481.42044504515 0.026
-1481.42044504515 0.026
-1481.42044504515 0.026
-1481.42044504515 0.026
-1481.42044504515 0.026
-1481.42044504515 0.026
-1481.42044504515 0.026
-1481.42044504515 0.026
-1481.42044504515 0.026
-1481.42044504515 0.026
-1481.42044504515 0.026
-1481.42044504515 0.026
-1481.42044504515 0.026
-1481.42044504515 0.026
-1481.42044504515 0.026
-1481.42044504515 0.026
-1481.42044504515 0.026
-1481.42044504515 0.026
-1481.42044504515 0.026
-1481.42044504515 0.026
-1481.42044504515 0.026
-1481.42044504515 0.026
-1481.42044504515 0.026
-1481.42044504515 0.026
-1481.42044504515 0.026
-1481.42044504515 0.026
-1481.42044504515 0.026
-1481.42044504515 0.026
-1481.42044504515 0.026
-1481.42044504515 0.026
-1481.42044504515 0.026
-1481.42044504515 0.026
-1481.42044504515 0.026
-1481.42044504515 0.026
-1481.42044504515 0.026
-1481.42044504515 0.026
-1481.42044504515 0.026
-1481.42044504515 0.026
-1481.42044504515 0.026
-1481.42044504515 0.026
-1481.42044504515 0.026
-1481.42044504515 0.026
-1481.42044504515 0.026
-1481.42044504515 0.026
-1481.42044504515 0.026
-1481.42044504515 0.026
-1481.42044504515 0.026
-1481.42044504515 0.026
-1481.42044504515 0.026
-1481.42044504515 0.026
-1481.42044504515 0.026
-1481.42044504515 0.026
-1481.42044504515 0.026
-1481.42044504515 0.026
-1481.42044504515 0.026
-1481.42044504515 0.026
-1481.42044504515 0.026
-1481.42044504515 0.026
-1481.42044504515 0.026
-1481.42044504515 0.026
-1481.42044504515 0.026
-1481.42044504515 0.026
-1481.42044504515 0.026
-1481.42044504515 0.026
-1481.42044504515 0.026
-1481.42044504515 0.026
-1481.42044504515 0.026
-1481.42044504515 0.026
-1481.42044504515 0.026
-1481.42044504515 0.026
-1481.42044504515 0.026
-1481.42044504515 0.026
-1481.42044504515 0.026
-1481.42044504515 0.026
-1481.42044504515 0.026
-1481.42044504515 0.026
-1481.42044504515 0.026
-1481.42044504515 0.026
-1481.42044504515 0.026
-1481.42044504515 0.026
-1481.42044504515 0.026
-1481.42044504515 0.026
-1481.42044504515 0.026
-1481.42044504515 0.026
-1481.42044504515 0.026
-1481.42044504515 0.026
-1481.42044504515 0.026
-1481.42044504515 0.026
-1481.42044504515 0.026
-1481.42044504515 0.026
-1481.42044504515 0.026
-1481.42044504515 0.026
-1481.42044504515 0.026
-1481.42044504515 0.026
-1481.42044504515 0.026
-1481.42044504515 0.026
-1481.42044504515 0.026
-1481.42044504515 0.026
-1481.42044504515 0.026
-1481.42044504515 0.026
-1481.42044504515 0.026
-1481.42044504515 0.026
-1481.42044504515 0.026
-1481.42044504515 0.026
-1481.42044504515 0.026
-1481.42044504515 0.026
-1481.42044504515 0.026
-1481.42044504515 0.026
-1481.42044504515 0.026
-1481.42044504515 0.026
-1481.42044504515 0.026
-1481.42044504515 0.026
-1481.42044504515 0.026
-1481.42044504515 0.026
-1481.42044504515 0.026
-1481.42044504515 0.026
-1481.42044504515 0.026
-1481.42044504515 0.026
-1481.42044504515 0.026
-1481.42044504515 0.026
-1481.42044504515 0.026
-1481.42044504515 0.026
-1481.42044504515 0.026
-1481.42044504515 0.026
-1481.42044504515 0.026
-1481.42044504515 0.026
-1481.42044504515 0.026
-1481.42044504515 0.026
-1481.42044504515 0.026
-1481.42044504515 0.026
-1481.42044504515 0.026
-1481.42044504515 0.026
-1481.42044504515 0.026
-1481.42044504515 0.026
-1481.42044504515 0.026
-1481.42044504515 0.026
-1481.42044504515 0.026
-1481.42044504515 0.026
-1481.42044504515 0.026
-1481.42044504515 0.026
-1481.42044504515 0.026
-1481.42044504515 0.026
-1481.42044504515 0.026
-1481.42044504515 0.026
-1481.42044504515 0.026
-1481.42044504515 0.026
-1481.42044504515 0.026
-1481.42044504515 0.026
-1481.42044504515 0.026
-1481.42044504515 0.026
-1481.42044504515 0.026
-1481.42044504515 0.026
-1481.42044504515 0.026
-1481.42044504515 0.026
-1481.42044504515 0.026
-1481.42044504515 0.026
-1481.42044504515 0.026
-1481.42044504515 0.026
-1481.42044504515 0.026
-1481.42044504515 0.026
-1481.42044504515 0.026
-1481.42044504515 0.026
-1481.42044504515 0.026
-1481.42044504515 0.026
-1481.42044504515 0.026
-1481.42044504515 0.026
-1481.42044504515 0.026
-1481.42044504515 0.026
-1481.42044504515 0.026
-1481.42044504515 0.026
-1481.42044504515 0.026
-1481.42044504515 0.026
-1481.42044504515 0.026
-1481.42044504515 0.026
-1481.42044504515 0.026
-1481.42044504515 0.026
-1481.42044504515 0.026
-1481.42044504515 0.026
-1481.42044504515 0.026
-1481.42044504515 0.026
-1481.42044504515 0.026
-1481.42044504515 0.026
-1481.42044504515 0.026
-1481.42044504515 0.026
-1481.42044504515 0.026
-1481.42044504515 0.026
-1481.42044504515 0.026
-1481.42044504515 0.026
-1481.42044504515 0.026
-1481.42044504515 0.026
-1481.42044504515 0.026
-1481.42044504515 0.026
-1481.42044504515 0.026
-1481.42044504515 0.026
-1481.42044504515 0.026
-1481.42044504515 0.026
-1481.42044504515 0.026
-1481.42044504515 0.026
-1481.42044504515 0.026
-1481.42044504515 0.026
-1481.42044504515 0.026
-1481.42044504515 0.026
-1481.42044504515 0.026
-1481.42044504515 0.026
-1481.42044504515 0.026
-1481.42044504515 0.026
-1481.42044504515 0.026
-1481.42044504515 0.026
-1481.42044504515 0.026
-1481.42044504515 0.026
-1481.42044504515 0.026
-1481.42044504515 0.026
-1481.42044504515 0.026
-1481.42044504515 0.026
-1481.42044504515 0.026
-1481.42044504515 0.026
-1481.42044504515 0.026
-1481.42044504515 0.026
-1481.42044504515 0.026
-1481.42044504515 0.026
-1481.42044504515 0.026
-1481.42044504515 0.026
-1481.42044504515 0.026
-1481.42044504515 0.026
-1481.42044504515 0.026
-1481.42044504515 0.026
-1481.42044504515 0.026
-1481.42044504515 0.026
-1481.42044504515 0.026
-1481.42044504515 0.026
-1481.42044504515 0.026
-1481.42044504515 0.026
-1481.42044504515 0.026
-1481.42044504515 0.026
-1481.42044504515 0.026
-1481.42044504515 0.026
-1481.42044504515 0.026
-1481.42044504515 0.026
-1481.42044504515 0.026
-1481.42044504515 0.026
-1481.42044504515 0.026
-1481.42044504515 0.026
-1481.42044504515 0.026
-1481.42044504515 0.026
-1481.42044504515 0.026
-1481.42044504515 0.026
-1481.42044504515 0.026
-1481.42044504515 0.026
-1481.42044504515 0.026
-1481.42044504515 0.026
-1481.42044504515 0.026
-1481.42044504515 0.026
-1481.42044504515 0.026
-1481.42044504515 0.026
-1481.42044504515 0.026
-1481.42044504515 0.026
-1481.42044504515 0.026
-1481.42044504515 0.026
-1481.42044504515 0.026
-1481.42044504515 0.026
-1481.42044504515 0.026
-1481.42044504515 0.026
-1481.42044504515 0.026
-1481.42044504515 0.026
-1481.42044504515 0.026
-1481.42044504515 0.026
-1481.42044504515 0.026
-1481.42044504515 0.026
-1481.42044504515 0.026
-1481.42044504515 0.026
-1481.42044504515 0.026
-1481.42044504515 0.026
-1481.42044504515 0.026
-1481.42044504515 0.026
-1481.42044504515 0.026
-1481.42044504515 0.026
-1481.42044504515 0.026
-1481.42044504515 0.026
-1481.42044504515 0.026
-1481.42044504515 0.026
-1481.42044504515 0.026
-1481.42044504515 0.026
-1481.42044504515 0.026
-1481.42044504515 0.026
-1481.42044504515 0.026
-1481.42044504515 0.026
-1481.42044504515 0.026
-1481.42044504515 0.026
-1481.42044504515 0.026
-1481.42044504515 0.026
-1481.42044504515 0.026
-1481.42044504515 0.026
-1481.42044504515 0.026
-1481.42044504515 0.026
-1481.42044504515 0.026
-1481.42044504515 0.026
-1481.42044504515 0.026
-1481.42044504515 0.026
-1481.42044504515 0.026
-1481.42044504515 0.026
-1481.42044504515 0.026
-1481.42044504515 0.026
-1481.42044504515 0.026
-1481.42044504515 0.026
-1481.42044504515 0.026
-1481.42044504515 0.026
-1481.42044504515 0.026
-1481.42044504515 0.026
-1481.42044504515 0.026
-1481.42044504515 0.026
-1481.42044504515 0.026
-1481.42044504515 0.026
-1481.42044504515 0.026
-1481.42044504515 0.026
-1481.42044504515 0.026
-1481.42044504515 0.026
-1481.42044504515 0.026
-1481.42044504515 0.026
-1481.42044504515 0.026
-1481.42044504515 0.026
-1481.42044504515 0.026
-1481.42044504515 0.026
-1481.42044504515 0.026
-1481.42044504515 0.026
-1481.42044504515 0.026
-1481.42044504515 0.026
-1481.42044504515 0.026
-1481.42044504515 0.026
-1481.42044504515 0.026
-1481.42044504515 0.026
-1481.42044504515 0.026
-1481.42044504515 0.026
-1481.42044504515 0.026
-1481.42044504515 0.026
-1481.42044504515 0.026
-1481.42044504515 0.026
-1481.42044504515 0.026
-1481.42044504515 0.026
-1481.42044504515 0.026
-1481.42044504515 0.026
-1481.42044504515 0.026
-1481.42044504515 0.026
-1481.42044504515 0.026
-1481.42044504515 0.026
-1481.42044504515 0.026
-1481.42044504515 0.026
-1481.42044504515 0.026
-1481.42044504515 0.026
-1481.42044504515 0.026
-1481.42044504515 0.026
-1481.42044504515 0.026
-1481.42044504515 0.026
-1481.42044504515 0.026
-1481.42044504515 0.026
-1481.42044504515 0.026
-1481.42044504515 0.026
-1481.42044504515 0.026
-1481.42044504515 0.026
-1481.42044504515 0.026
-1481.42044504515 0.026
-1481.42044504515 0.026
-1481.42044504515 0.026
-1481.42044504515 0.026
-1481.42044504515 0.026
-1481.42044504515 0.026
-1481.42044504515 0.026
-1481.42044504515 0.026
-1481.42044504515 0.026
-1481.42044504515 0.026
-1481.42044504515 0.026
-1481.42044504515 0.026
-1481.42044504515 0.026
-1481.42044504515 0.026
-1481.42044504515 0.026
-1481.42044504515 0.026
-1481.42044504515 0.026
-1481.42044504515 0.026
-1481.42044504515 0.026
-1481.42044504515 0.026
-1481.42044504515 0.026
-1481.42044504515 0.026
-1481.42044504515 0.026
-1481.42044504515 0.026
-1481.42044504515 0.026
-1481.42044504515 0.026
-1481.42044504515 0.026
-1481.42044504515 0.026
-1481.42044504515 0.026
-1481.42044504515 0.026
-1481.42044504515 0.026
-1481.42044504515 0.026
-1481.42044504515 0.026
-1481.42044504515 0.026
-1481.42044504515 0.026
-1481.42044504515 0.026
-1481.42044504515 0.026
-1481.42044504515 0.026
-1481.42044504515 0.026
-1481.42044504515 0.026
-1481.42044504515 0.026
-1481.42044504515 0.026
-1481.42044504515 0.026
-1481.42044504515 0.026
-1481.42044504515 0.026
-1481.42044504515 0.026
-1481.42044504515 0.026
-1481.42044504515 0.026
-1481.42044504515 0.026
-1481.42044504515 0.026
-1481.42044504515 0.026
-1481.42044504515 0.026
-1481.42044504515 0.026
-1481.42044504515 0.026
-1481.42044504515 0.026
-1481.42044504515 0.026
-1481.42044504515 0.026
-1481.42044504515 0.026
-1481.42044504515 0.026
-1481.42044504515 0.026
-1481.42044504515 0.026
-1481.42044504515 0.026
-1481.42044504515 0.026
-1481.42044504515 0.026
-1481.42044504515 0.026
-1481.42044504515 0.026
-1481.42044504515 0.026
-1481.42044504515 0.026
-1481.42044504515 0.026
-1481.42044504515 0.026
-1481.42044504515 0.026
-1481.42044504515 0.026
-1481.42044504515 0.026
-1481.42044504515 0.026
-1481.42044504515 0.026
-1481.42044504515 0.026
-1481.42044504515 0.026
-1481.42044504515 0.026
-1481.42044504515 0.026
-1481.42044504515 0.026
-1481.42044504515 0.026
-1481.42044504515 0.026
-1481.42044504515 0.026
-1481.42044504515 0.026
-1481.42044504515 0.026
-1481.42044504515 0.026
-1481.42044504515 0.026
-1481.42044504515 0.026
-1481.42044504515 0.026
-1481.42044504515 0.026
-1481.42044504515 0.026
-1481.42044504515 0.026
-1481.42044504515 0.026
-1481.42044504515 0.026
-1481.42044504515 0.026
-1481.42044504515 0.026
-1481.42044504515 0.026
-1481.42044504515 0.026
-1481.42044504515 0.026
-1481.42044504515 0.026
-1481.42044504515 0.026
-1481.42044504515 0.026
-1481.42044504515 0.026
-1481.42044504515 0.026
-1481.42044504515 0.026
-1481.42044504515 0.026
-1481.42044504515 0.026
-1481.42044504515 0.026
-1481.42044504515 0.026
-1481.42044504515 0.026
-1481.42044504515 0.026
-1481.42044504515 0.026
-1481.42044504515 0.026
-1481.42044504515 0.026
-1481.42044504515 0.026
-1481.42044504515 0.026
-1481.42044504515 0.026
-1481.42044504515 0.026
-1481.42044504515 0.026
-1481.42044504515 0.026
-1481.42044504515 0.026
-1481.42044504515 0.026
-1481.42044504515 0.026
-1481.42044504515 0.026
-1481.42044504515 0.026
-1481.42044504515 0.026
-1481.42044504515 0.026
-1481.42044504515 0.026
-1481.42044504515 0.026
-1481.42044504515 0.026
-1481.42044504515 0.026
-1481.42044504515 0.026
-1481.42044504515 0.026
-1481.42044504515 0.026
-1481.42044504515 0.026
-1481.42044504515 0.026
-1481.42044504515 0.026
-1481.42044504515 0.026
-1481.42044504515 0.026
-1481.42044504515 0.026
-1481.42044504515 0.026
-1481.42044504515 0.026
-1481.42044504515 0.026
-1481.42044504515 0.026
-1481.42044504515 0.026
-1481.42044504515 0.026
-1481.42044504515 0.026
-1481.42044504515 0.026
-1481.42044504515 0.026
-1481.42044504515 0.026
-1481.42044504515 0.026
-1481.42044504515 0.026
-1481.42044504515 0.026
-1481.42044504515 0.026
-1481.42044504515 0.026
-1481.42044504515 0.026
-1481.42044504515 0.026
-1481.42044504515 0.026
-1481.42044504515 0.026
-1481.42044504515 0.026
-1481.42044504515 0.026
-1481.42044504515 0.026
-1481.42044504515 0.026
-1481.42044504515 0.026
-1481.42044504515 0.026
-1481.42044504515 0.026
-1481.42044504515 0.026
-1481.42044504515 0.026
-1481.42044504515 0.026
-1481.42044504515 0.026
-1481.42044504515 0.026
-1481.42044504515 0.026
-1481.42044504515 0.026
-1481.42044504515 0.026
-1481.42044504515 0.026
-1481.42044504515 0.026
-1481.42044504515 0.026
-1481.42044504515 0.026
-1481.42044504515 0.026
-1481.42044504515 0.026
-1481.42044504515 0.026
-1481.42044504515 0.026
-1481.42044504515 0.026
-1481.42044504515 0.026
-1481.42044504515 0.026
-1481.42044504515 0.026
-1481.42044504515 0.026
-1481.42044504515 0.026
-1481.42044504515 0.026
-1481.42044504515 0.026
-1481.42044504515 0.026
-1481.42044504515 0.026
-1481.42044504515 0.026
-1481.42044504515 0.026
-1481.42044504515 0.026
-1481.42044504515 0.026
-1481.42044504515 0.026
-1481.42044504515 0.026
-1481.42044504515 0.026
-1481.42044504515 0.026
-1481.42044504515 0.026
-1481.42044504515 0.026
-1481.42044504515 0.026
-1481.42044504515 0.026
-1481.42044504515 0.026
-1481.42044504515 0.026
-1481.42044504515 0.026
-1481.42044504515 0.026
-1481.42044504515 0.026
-1481.42044504515 0.026
-1481.42044504515 0.026
-1481.42044504515 0.026
-1481.42044504515 0.026
-1481.42044504515 0.026
-1481.42044504515 0.026
-1481.42044504515 0.026
-1481.42044504515 0.026
-1481.42044504515 0.026
-1481.42044504515 0.026
-1481.42044504515 0.026
-1481.42044504515 0.026
-1481.42044504515 0.026
-1481.42044504515 0.026
-1481.42044504515 0.026
-1481.42044504515 0.026
-1481.42044504515 0.026
-1481.42044504515 0.026
-1481.42044504515 0.026
-1481.42044504515 0.026
-1481.42044504515 0.026
-1481.42044504515 0.026
-1481.42044504515 0.026
-1481.42044504515 0.026
-1481.42044504515 0.026
-1481.42044504515 0.026
-1481.42044504515 0.026
-1481.42044504515 0.026
-1481.42044504515 0.026
-1481.42044504515 0.026
-1481.42044504515 0.026
-1481.42044504515 0.026
-1481.42044504515 0.026
-1481.42044504515 0.026
-1481.42044504515 0.026
-1481.42044504515 0.026
-1481.42044504515 0.026
-1481.42044504515 0.026
-1481.42044504515 0.026
-1481.42044504515 0.026
-1481.42044504515 0.026
-1481.42044504515 0.026
-1481.42044504515 0.026
-1481.42044504515 0.026
-1481.42044504515 0.026
-1481.42044504515 0.026
-1481.42044504515 0.026
-1481.42044504515 0.026
-1481.42044504515 0.026
-1481.42044504515 0.026
-1481.42044504515 0.026
-1481.42044504515 0.026
-1481.42044504515 0.026
-1481.42044504515 0.026
-1481.42044504515 0.026
-1481.42044504515 0.026
-1481.42044504515 0.026
-1481.42044504515 0.026
-1481.42044504515 0.026
-1481.42044504515 0.026
-1481.42044504515 0.026
-1481.42044504515 0.026
-1481.42044504515 0.026
-1481.42044504515 0.026
-1481.42044504515 0.026
-1481.42044504515 0.026
-1481.42044504515 0.026
-1481.42044504515 0.026
-1481.42044504515 0.026
-1481.42044504515 0.026
-1481.42044504515 0.026
-1481.42044504515 0.026
-1481.42044504515 0.026
-1481.42044504515 0.026
-1481.42044504515 0.026
-1481.42044504515 0.026
-1481.42044504515 0.026
-1481.42044504515 0.026
-1481.42044504515 0.026
-1481.42044504515 0.026
-1481.42044504515 0.026
-1481.42044504515 0.026
-1481.42044504515 0.026
-1481.42044504515 0.026
-1481.42044504515 0.026
-1481.42044504515 0.026
-1481.42044504515 0.026
-1481.42044504515 0.026
-1481.42044504515 0.026
-1481.42044504515 0.026
-1481.42044504515 0.026
-1481.42044504515 0.026
-1481.42044504515 0.026
-1481.42044504515 0.026
-1481.42044504515 0.026
-1481.42044504515 0.026
-1481.42044504515 0.026
-1481.42044504515 0.026
-1481.42044504515 0.026
-1481.42044504515 0.026
-1481.42044504515 0.026
-1481.42044504515 0.026
-1481.42044504515 0.026
-1481.42044504515 0.026
-1481.42044504515 0.026
-1481.42044504515 0.026
-1481.42044504515 0.026
-1481.42044504515 0.026
-1481.42044504515 0.026
-1481.42044504515 0.026
-1481.42044504515 0.026
-1481.42044504515 0.026
-1481.42044504515 0.026
-1481.42044504515 0.026
-1481.42044504515 0.026
-1481.42044504515 0.026
-1481.42044504515 0.026
-1481.42044504515 0.026
-1481.42044504515 0.026
-1481.42044504515 0.026
-1481.42044504515 0.026
-1481.42044504515 0.026
-1481.42044504515 0.026
-1481.42044504515 0.026
-1481.42044504515 0.026
-1481.42044504515 0.026
-1481.42044504515 0.026
-1481.42044504515 0.026
-1481.42044504515 0.026
-1481.42044504515 0.026
-1481.42044504515 0.026
-1481.42044504515 0.026
-1481.42044504515 0.026
-1481.42044504515 0.026
-1481.42044504515 0.026
-1481.42044504515 0.026
-1481.42044504515 0.026
-1481.42044504515 0.026
-1481.42044504515 0.026
-1481.42044504515 0.026
-1481.42044504515 0.026
-1481.42044504515 0.026
-1481.42044504515 0.026
-1481.42044504515 0.026
-1481.42044504515 0.026
-1481.42044504515 0.026
-1481.42044504515 0.026
-1481.42044504515 0.026
-1481.42044504515 0.026
-1481.42044504515 0.026
-1481.42044504515 0.026
-1481.42044504515 0.026
-1481.42044504515 0.026
-1481.42044504515 0.026
-1481.42044504515 0.026
-1481.42044504515 0.026
-1481.42044504515 0.026
-1481.42044504515 0.026
-1481.42044504515 0.026
-1481.42044504515 0.026
-1481.42044504515 0.026
-1481.42044504515 0.026
-1481.42044504515 0.026
-1481.42044504515 0.026
-1481.42044504515 0.026
-1481.42044504515 0.026
-1481.42044504515 0.026
-1481.42044504515 0.026
-1481.42044504515 0.026
-1481.42044504515 0.026
-1481.42044504515 0.026
-1481.42044504515 0.026
-1481.42044504515 0.026
-1481.42044504515 0.026
-1481.42044504515 0.026
-1481.42044504515 0.026
-1481.42044504515 0.026
-1481.42044504515 0.026
-1481.42044504515 0.026
-1481.42044504515 0.026
-1481.42044504515 0.026
-1481.42044504515 0.026
-1481.42044504515 0.026
-1481.42044504515 0.026
-1481.42044504515 0.026
-1481.42044504515 0.026
-1481.42044504515 0.026
-1481.42044504515 0.026
-1481.42044504515 0.026
-1481.42044504515 0.026
-1481.42044504515 0.026
-1481.42044504515 0.026
-1481.42044504515 0.026
-1481.42044504515 0.026
-1481.42044504515 0.026
-1481.42044504515 0.026
-1481.42044504515 0.026
-1481.42044504515 0.026
-1481.42044504515 0.026
-1481.42044504515 0.026
-1481.42044504515 0.026
-1481.42044504515 0.026
-1481.42044504515 0.026
-1481.42044504515 0.026
-1481.42044504515 0.026
-1481.42044504515 0.026
-1481.42044504515 0.026
-1481.42044504515 0.026
-1481.42044504515 0.026
-1481.42044504515 0.026
-1481.42044504515 0.026
-1481.42044504515 0.026
-1481.42044504515 0.026
-1481.42044504515 0.026
-1481.42044504515 0.026
-1481.42044504515 0.026
-1481.42044504515 0.026
-1481.42044504515 0.026
-1481.42044504515 0.026
-1481.42044504515 0.026
-1481.42044504515 0.026
-1481.42044504515 0.026
-1481.42044504515 0.026
-1481.42044504515 0.026
-1481.42044504515 0.026
-1481.42044504515 0.026
-1481.42044504515 0.026
-1481.42044504515 0.026
-1481.42044504515 0.026
-1481.42044504515 0.026
-1481.42044504515 0.026
-1481.42044504515 0.026
-1481.42044504515 0.026
-1481.42044504515 0.026
-1481.42044504515 0.026
-1481.42044504515 0.026
-1481.42044504515 0.026
-1481.42044504515 0.026
-1481.42044504515 0.026
-1481.42044504515 0.026
-1481.42044504515 0.026
-1481.42044504515 0.026
-1481.42044504515 0.026
-1481.42044504515 0.026
-1481.42044504515 0.026
-1481.42044504515 0.026
-1481.42044504515 0.026
-1481.42044504515 0.026
-1481.42044504515 0.026
-1481.42044504515 0.026
-1481.42044504515 0.026
-1481.42044504515 0.026
-1481.42044504515 0.026
-1481.42044504515 0.026
-1481.42044504515 0.026
-1481.42044504515 0.026
-1481.42044504515 0.026
-1481.42044504515 0.026
-1481.42044504515 0.026
-1481.42044504515 0.026
-1481.42044504515 0.026
-1481.42044504515 0.026
-1481.42044504515 0.026
-1481.42044504515 0.026
-1481.42044504515 0.026
-1481.42044504515 0.026
-1481.42044504515 0.026
-1481.42044504515 0.026
-1481.42044504515 0.026
-1481.42044504515 0.026
-1481.42044504515 0.026
-1481.42044504515 0.026
-1481.42044504515 0.026
-1481.42044504515 0.026
-1481.42044504515 0.026
-1481.42044504515 0.026
-1481.42044504515 0.026
-1481.42044504515 0.026
-1481.42044504515 0.026
-1481.42044504515 0.026
-1481.42044504515 0.026
-1481.42044504515 0.026
-1481.42044504515 0.026
-1481.42044504515 0.026
-1481.42044504515 0.026
-1481.42044504515 0.026
-1481.42044504515 0.026
-1481.42044504515 0.026
-1481.42044504515 0.026
-1481.42044504515 0.026
-1481.42044504515 0.026
-1481.42044504515 0.026
-1481.42044504515 0.026
-1481.42044504515 0.026
-1481.42044504515 0.026
-1481.42044504515 0.026
-1481.42044504515 0.026
-1481.42044504515 0.026
-1481.42044504515 0.026
-1481.42044504515 0.026
-1481.42044504515 0.026
-1481.42044504515 0.026
-1481.42044504515 0.026
-1481.42044504515 0.026
-1481.42044504515 0.026
-1481.42044504515 0.026
-1481.42044504515 0.026
-1481.42044504515 0.026
-1481.42044504515 0.026
-1481.42044504515 0.026
-1481.42044504515 0.026
-1481.42044504515 0.026
-1481.42044504515 0.026
-1481.42044504515 0.026
-1481.42044504515 0.026
-1481.42044504515 0.026
-1481.42044504515 0.026
-1481.42044504515 0.026
-1481.42044504515 0.026
-1481.42044504515 0.026
-1481.42044504515 0.026
-1481.42044504515 0.026
-1481.42044504515 0.026
-1481.42044504515 0.026
-1481.42044504515 0.026
-1481.42044504515 0.026
-1481.42044504515 0.026
-1481.42044504515 0.026
-1481.42044504515 0.026
-1481.42044504515 0.026
-1481.42044504515 0.026
-1481.42044504515 0.026
-1481.42044504515 0.026
-1481.42044504515 0.026
-1481.42044504515 0.026
-1481.42044504515 0.026
-1481.42044504515 0.026
-1481.42044504515 0.026
-1481.42044504515 0.026
-1481.42044504515 0.026
-1481.42044504515 0.026
-1481.42044504515 0.026
-1481.42044504515 0.026
-1481.42044504515 0.026
-1481.42044504515 0.026
-1481.42044504515 0.026
-1481.42044504515 0.026
-1481.42044504515 0.026
-1481.42044504515 0.026
-1481.42044504515 0.026
-1481.42044504515 0.026
-1481.42044504515 0.026
-1481.42044504515 0.026
-1481.42044504515 0.026
-1481.42044504515 0.026
-1481.42044504515 0.026
-1481.42044504515 0.026
-1481.42044504515 0.026
-1481.42044504515 0.026
-1481.42044504515 0.026
-1481.42044504515 0.026
-1481.42044504515 0.026
-1481.42044504515 0.026
-1481.42044504515 0.026
-1481.42044504515 0.026
-1481.42044504515 0.026
-1481.42044504515 0.026
-1481.42044504515 0.026
-1481.42044504515 0.026
-1481.42044504515 0.026
-1481.42044504515 0.026
-1481.42044504515 0.026
-1481.42044504515 0.026
-1481.42044504515 0.026
-1481.42044504515 0.026
-1481.42044504515 0.026
-1481.42044504515 0.026
-1481.42044504515 0.026
-1481.42044504515 0.026
-1481.42044504515 0.026
-1481.42044504515 0.026
-1481.42044504515 0.026
-1481.42044504515 0.026
-1481.42044504515 0.026
-1481.42044504515 0.026
-1481.42044504515 0.026
-1481.42044504515 0.026
-1481.42044504515 0.026
-1481.42044504515 0.026
-1481.42044504515 0.026
-1481.42044504515 0.026
-1481.42044504515 0.026
-1481.42044504515 0.026
-1481.42044504515 0.026
-1481.42044504515 0.026
-1481.42044504515 0.026
-1481.42044504515 0.026
-1481.42044504515 0.026
-1481.42044504515 0.026
-1481.42044504515 0.026
-1481.42044504515 0.026
-1481.42044504515 0.026
-1481.42044504515 0.026
-1481.42044504515 0.026
-1481.42044504515 0.026
-1481.42044504515 0.026
-1481.42044504515 0.026
-1481.42044504515 0.026
-1481.42044504515 0.026
-1481.42044504515 0.026
-1481.42044504515 0.026
-1481.42044504515 0.026
-1481.42044504515 0.026
-1481.42044504515 0.026
-1481.42044504515 0.026
-1481.42044504515 0.026
-1481.42044504515 0.026
-1481.42044504515 0.026
-1481.42044504515 0.026
-1481.42044504515 0.026
-1481.42044504515 0.026
-1481.42044504515 0.026
-1481.42044504515 0.026
-1481.42044504515 0.026
-1481.42044504515 0.026
-1481.42044504515 0.026
-1481.42044504515 0.026
-1481.42044504515 0.026
-1481.42044504515 0.026
-1481.42044504515 0.026
-1481.42044504515 0.026
-1481.42044504515 0.026
-1481.42044504515 0.026
-1481.42044504515 0.026
-1481.42044504515 0.026
-1481.42044504515 0.026
-1481.42044504515 0.026
-1481.42044504515 0.026
-1481.42044504515 0.026
-1481.42044504515 0.026
-1481.42044504515 0.026
-1481.42044504515 0.026
-1481.42044504515 0.026
-1481.42044504515 0.026
-1481.42044504515 0.026
-1481.42044504515 0.026
-1481.42044504515 0.026
-1481.42044504515 0.026
-1481.42044504515 0.026
-1481.42044504515 0.026
-1481.42044504515 0.026
-1481.42044504515 0.026
-1481.42044504515 0.026
-1481.42044504515 0.026
-1481.42044504515 0.026
-1481.42044504515 0.026
-1481.42044504515 0.026
-1481.42044504515 0.026
-1481.42044504515 0.026
-1481.42044504515 0.026
-1481.42044504515 0.026
-1481.42044504515 0.026
-1481.42044504515 0.026
-1481.42044504515 0.026
-1481.42044504515 0.026
-1481.42044504515 0.026
-1481.42044504515 0.026
-1481.42044504515 0.026
-1481.42044504515 0.026
-1481.42044504515 0.026
-1481.42044504515 0.026
-1481.42044504515 0.026
-1481.42044504515 0.026
-1481.42044504515 0.026
-1481.42044504515 0.026
-1481.42044504515 0.026
-1481.42044504515 0.026
-1481.42044504515 0.026
-1481.42044504515 0.026
-1481.42044504515 0.026
-1481.42044504515 0.026
-1481.42044504515 0.026
-1481.42044504515 0.026
-1481.42044504515 0.026
-1481.42044504515 0.026
-1481.42044504515 0.026
-1481.42044504515 0.026
-1481.42044504515 0.026
-1481.42044504515 0.026
-1481.42044504515 0.026
-1481.42044504515 0.026
-1481.42044504515 0.026
-1481.42044504515 0.026
-1481.42044504515 0.026
-1481.42044504515 0.026
-1481.42044504515 0.026
-1481.42044504515 0.026
-1481.42044504515 0.026
-1481.42044504515 0.026
-1481.42044504515 0.026
-1481.42044504515 0.026
-1481.42044504515 0.026
-1481.42044504515 0.026
-1481.42044504515 0.026
-1481.42044504515 0.026
-1481.42044504515 0.026
-1481.42044504515 0.026
-1481.42044504515 0.026
-1481.42044504515 0.026
-1481.42044504515 0.026
-1481.42044504515 0.026
-1481.42044504515 0.026
-1481.42044504515 0.026
-1481.42044504515 0.026
-1481.42044504515 0.026
-1481.42044504515 0.026
-1481.42044504515 0.026
-1481.42044504515 0.026
-1481.42044504515 0.026
-1481.42044504515 0.026
-1481.42044504515 0.026
-1481.42044504515 0.026
-1481.42044504515 0.026
-1481.42044504515 0.026
-1481.42044504515 0.026
-1481.42044504515 0.026
-1481.42044504515 0.026
-1481.42044504515 0.026
-1481.42044504515 0.026
-1481.42044504515 0.026
-1481.42044504515 0.026
-1481.42044504515 0.026
-1481.42044504515 0.026
-1481.42044504515 0.026
-1481.42044504515 0.026
-1481.42044504515 0.026
-1481.42044504515 0.026
-1481.42044504515 0.026
-1481.42044504515 0.026
-1481.42044504515 0.026
-1481.42044504515 0.026
-1481.42044504515 0.026
-1481.42044504515 0.026
-1481.42044504515 0.026
-1481.42044504515 0.026
-1481.42044504515 0.026
-1481.42044504515 0.026
-1481.42044504515 0.026
-1481.42044504515 0.026
-1481.42044504515 0.026
-1481.42044504515 0.026
-1481.42044504515 0.026
-1481.42044504515 0.026
-1481.42044504515 0.026
-1481.42044504515 0.026
-1481.42044504515 0.026
-1481.42044504515 0.026
-1481.42044504515 0.026
-1481.42044504515 0.026
-1481.42044504515 0.026
-1481.42044504515 0.026
-1481.42044504515 0.026
-1481.42044504515 0.026
-1481.42044504515 0.026
-1481.42044504515 0.026
-1481.42044504515 0.026
-1481.42044504515 0.026
-1481.42044504515 0.026
-1481.42044504515 0.026
-1481.42044504515 0.026
-1481.42044504515 0.026
-1481.42044504515 0.026
-1481.42044504515 0.026
-1481.42044504515 0.026
-1481.42044504515 0.026
-1481.42044504515 0.026
-1481.42044504515 0.026
-1481.42044504515 0.026
-1481.42044504515 0.026
-1481.42044504515 0.026
-1481.42044504515 0.026
-1481.42044504515 0.026
-1481.42044504515 0.026
-1481.42044504515 0.026
-1481.42044504515 0.026
-1481.42044504515 0.026
-1481.42044504515 0.026
-1481.42044504515 0.026
-1481.42044504515 0.026
-1481.42044504515 0.026
-1481.42044504515 0.026
-1481.42044504515 0.026
-1481.42044504515 0.026
-1481.42044504515 0.026
-1481.42044504515 0.026
-1481.42044504515 0.026
-1481.42044504515 0.026
-1481.42044504515 0.026
-1481.42044504515 0.026
-1481.42044504515 0.026
-1481.42044504515 0.026
-1481.42044504515 0.026
-1481.42044504515 0.026
-1481.42044504515 0.026
-1481.42044504515 0.026
-1481.42044504515 0.026
-1481.42044504515 0.026
-1481.42044504515 0.026
-1481.42044504515 0.026
-1481.42044504515 0.026
-1481.42044504515 0.026
-1481.42044504515 0.026
-1481.42044504515 0.026
-1481.42044504515 0.026
-1481.42044504515 0.026
-1481.42044504515 0.026
-1481.42044504515 0.026
-1481.42044504515 0.026
-1481.42044504515 0.026
-1481.42044504515 0.026
-1481.42044504515 0.026
-1481.42044504515 0.026
-1481.42044504515 0.026
-1481.42044504515 0.026
-1481.42044504515 0.026
-1481.42044504515 0.026
-1481.42044504515 0.026
-1481.42044504515 0.026
-1481.42044504515 0.026
-1481.42044504515 0.026
-1481.42044504515 0.026
-1481.42044504515 0.026
-1481.42044504515 0.026
-1481.42044504515 0.026
-1481.42044504515 0.026
-1481.42044504515 0.026
-1481.42044504515 0.026
-1481.42044504515 0.026
-1481.42044504515 0.026
-1481.42044504515 0.026
-1481.42044504515 0.026
-1481.42044504515 0.026
-1481.42044504515 0.026
-1481.42044504515 0.026
-1481.42044504515 0.026
-1481.42044504515 0.026
-1481.42044504515 0.026
-1481.42044504515 0.026
-1481.42044504515 0.026
-1481.42044504515 0.026
-1481.42044504515 0.026
-1481.42044504515 0.026
-1481.42044504515 0.026
-1481.42044504515 0.026
-1481.42044504515 0.026
-1481.42044504515 0.026
-1481.42044504515 0.026
-1481.42044504515 0.026
-1481.42044504515 0.026
-1481.42044504515 0.026
-1481.42044504515 0.026
-1481.42044504515 0.026
-1481.42044504515 0.026
-1481.42044504515 0.026
-1481.42044504515 0.026
-1481.42044504515 0.026
-1481.42044504515 0.026
-1481.42044504515 0.026
-1481.42044504515 0.026
-1481.42044504515 0.026
-1481.42044504515 0.026
-1481.42044504515 0.026
-1481.42044504515 0.026
-1481.42044504515 0.026
-1481.42044504515 0.026
-1481.42044504515 0.026
-1481.42044504515 0.026
-1481.42044504515 0.026
-1481.42044504515 0.026
-1481.42044504515 0.026
-1481.42044504515 0.026
-1481.42044504515 0.026
-1481.42044504515 0.026
-1481.42044504515 0.026
-1481.42044504515 0.026
-1481.42044504515 0.026
-1481.42044504515 0.026
-1481.42044504515 0.026
-1481.42044504515 0.026
-1481.42044504515 0.026
-1481.42044504515 0.026
-1481.42044504515 0.026
-1481.42044504515 0.026
-1481.42044504515 0.026
-1481.42044504515 0.026
-1481.42044504515 0.026
-1481.42044504515 0.026
-1481.42044504515 0.026
-1481.42044504515 0.026
-1481.42044504515 0.026
-1481.42044504515 0.026
-1481.42044504515 0.026
-1481.42044504515 0.026
-1481.42044504515 0.026
-1481.42044504515 0.026
-1481.42044504515 0.026
-1481.42044504515 0.026
-1481.42044504515 0.026
-1481.42044504515 0.026
-1481.42044504515 0.026
-1481.42044504515 0.026
-1481.42044504515 0.026
-1481.42044504515 0.026
-1481.42044504515 0.026
-1481.42044504515 0.026
-1481.42044504515 0.026
-1481.42044504515 0.026
-1481.42044504515 0.026
-1481.42044504515 0.026
-1481.42044504515 0.026
-1481.42044504515 0.026
-1481.42044504515 0.026
-1481.42044504515 0.026
-1481.42044504515 0.026
-1481.42044504515 0.026
-1481.42044504515 0.026
-1481.42044504515 0.026
-1481.42044504515 0.026
-1481.42044504515 0.026
-1481.42044504515 0.026
-1481.42044504515 0.026
-1481.42044504515 0.026
-1481.42044504515 0.026
-1481.42044504515 0.026
-1481.42044504515 0.026
-1481.42044504515 0.026
-1481.42044504515 0.026
-1481.42044504515 0.026
-1481.42044504515 0.026
-1481.42044504515 0.026
-1481.42044504515 0.026
-1481.42044504515 0.026
-1481.42044504515 0.026
-1481.42044504515 0.026
-1481.42044504515 0.026
-1481.42044504515 0.026
-1481.42044504515 0.026
-1481.42044504515 0.026
-1481.42044504515 0.026
-1481.42044504515 0.026
-1481.42044504515 0.026
-1481.42044504515 0.026
-1481.42044504515 0.026
-1481.42044504515 0.026
-1481.42044504515 0.026
-1481.42044504515 0.026
-1481.42044504515 0.026
-1481.42044504515 0.026
-1481.42044504515 0.026
-1481.42044504515 0.026
-1481.42044504515 0.026
-1481.42044504515 0.026
-1481.42044504515 0.026
-1481.42044504515 0.026
-1481.42044504515 0.026
-1481.42044504515 0.026
-1481.42044504515 0.026
-1481.42044504515 0.026
-1481.42044504515 0.026
-1481.42044504515 0.026
-1481.42044504515 0.026
-1481.42044504515 0.026
-1481.42044504515 0.026
-1481.42044504515 0.026
-1481.42044504515 0.026
-1481.42044504515 0.026
-1481.42044504515 0.026
-1481.42044504515 0.026
-1481.42044504515 0.026
-1481.42044504515 0.026
-1481.42044504515 0.026
-1481.42044504515 0.026
-1481.42044504515 0.026
-1481.42044504515 0.026
-1481.42044504515 0.026
-1481.42044504515 0.026
-1481.42044504515 0.026
-1481.42044504515 0.026
-1481.42044504515 0.026
-1481.42044504515 0.026
-1481.42044504515 0.026
-1481.42044504515 0.026
-1481.42044504515 0.026
-1481.42044504515 0.026
-1481.42044504515 0.026
-1481.42044504515 0.026
-1481.42044504515 0.026
-1481.42044504515 0.026
-1481.42044504515 0.026
-1481.42044504515 0.026
-1481.42044504515 0.026
-1481.42044504515 0.026
-1481.42044504515 0.026
-1481.42044504515 0.026
-1481.42044504515 0.026
-1481.42044504515 0.026
-1481.42044504515 0.026
-1481.42044504515 0.026
-1481.42044504515 0.026
-1481.42044504515 0.026
-1481.42044504515 0.026
-1481.42044504515 0.026
-1481.42044504515 0.026
-1481.42044504515 0.026
-1481.42044504515 0.026
-1481.42044504515 0.026
-1481.42044504515 0.026
-1481.42044504515 0.026
-1481.42044504515 0.026
-1481.42044504515 0.026
-1481.42044504515 0.026
-1481.42044504515 0.026
-1481.42044504515 0.026
-1481.42044504515 0.026
-1481.42044504515 0.026
-1481.42044504515 0.026
-1481.42044504515 0.026
-1481.42044504515 0.026
-1481.42044504515 0.026
-1481.42044504515 0.026
-1481.42044504515 0.026
-1481.42044504515 0.026
-1481.42044504515 0.026
-1481.42044504515 0.026
-1481.42044504515 0.026
-1481.42044504515 0.026
-1481.42044504515 0.026
-1481.42044504515 0.026
-1481.42044504515 0.026
-1481.42044504515 0.026
-1481.42044504515 0.026
-1481.42044504515 0.026
-1481.42044504515 0.026
-1481.42044504515 0.026
-1481.42044504515 0.026
-1481.42044504515 0.026
-1481.42044504515 0.026
-1481.42044504515 0.026
-1481.42044504515 0.026
-1481.42044504515 0.026
-1481.42044504515 0.026
-1481.42044504515 0.026
-1481.42044504515 0.026
-1481.42044504515 0.026
-1481.42044504515 0.026
-1481.42044504515 0.026
-1481.42044504515 0.026
-1481.42044504515 0.026
-1481.42044504515 0.026
-1481.42044504515 0.026
-1481.42044504515 0.026
-1481.42044504515 0.026
-1481.42044504515 0.026
-1481.42044504515 0.026
-1481.42044504515 0.026
-1481.42044504515 0.026
-1481.42044504515 0.026
-1481.42044504515 0.026
-1481.42044504515 0.026
-1481.42044504515 0.026
-1481.42044504515 0.026
-1481.42044504515 0.026
-1481.42044504515 0.026
-1481.42044504515 0.026
-1481.42044504515 0.026
-1481.42044504515 0.026
-1481.42044504515 0.026
-1481.42044504515 0.026
-1481.42044504515 0.026
-1481.42044504515 0.026
-1481.42044504515 0.026
-1481.42044504515 0.026
-1481.42044504515 0.026
-1481.42044504515 0.026
-1481.42044504515 0.026
-1481.42044504515 0.026
-1481.42044504515 0.026
-1481.42044504515 0.026
-1481.42044504515 0.026
-1481.42044504515 0.026
-1481.42044504515 0.026
-1481.42044504515 0.026
-1481.42044504515 0.026
-1481.42044504515 0.026
-1481.42044504515 0.026
-1481.42044504515 0.026
-1481.42044504515 0.026
-1481.42044504515 0.026
-1481.42044504515 0.026
-1481.42044504515 0.026
-1481.42044504515 0.026
-1481.42044504515 0.026
-1481.42044504515 0.026
-1481.42044504515 0.026
-1481.42044504515 0.026
-1481.42044504515 0.026
-1481.42044504515 0.026
-1481.42044504515 0.026
-1481.42044504515 0.026
-1481.42044504515 0.026
-1481.42044504515 0.026
-1481.42044504515 0.026
-1481.42044504515 0.026
-1481.42044504515 0.026
-1481.42044504515 0.026
-1481.42044504515 0.026
-1481.42044504515 0.026
-1481.42044504515 0.026
-1481.42044504515 0.026
-1481.42044504515 0.026
-1481.42044504515 0.026
-1481.42044504515 0.026
-1481.42044504515 0.026
-1481.42044504515 0.026
-1481.42044504515 0.026
-1481.42044504515 0.026
-1481.42044504515 0.026
-1481.42044504515 0.026
-1481.42044504515 0.026
-1481.42044504515 0.026
-1481.42044504515 0.026
-1481.42044504515 0.026
-1481.42044504515 0.026
-1481.42044504515 0.026
-1481.42044504515 0.026
-1481.42044504515 0.026
-1481.42044504515 0.026
-1481.42044504515 0.026
-1481.42044504515 0.026
-1481.42044504515 0.026
-1481.42044504515 0.026
-1481.42044504515 0.026
-1481.42044504515 0.026
-1481.42044504515 0.026
-1481.42044504515 0.026
-1481.42044504515 0.026
-1481.42044504515 0.026
-1481.42044504515 0.026
-1481.42044504515 0.026
-1481.42044504515 0.026
-1481.42044504515 0.026
-1481.42044504515 0.026
-1481.42044504515 0.026
-1481.42044504515 0.026
-1481.42044504515 0.026
-1481.42044504515 0.026
-1481.42044504515 0.026
-1481.42044504515 0.026
-1481.42044504515 0.026
-1481.42044504515 0.026
-1481.42044504515 0.026
-1481.42044504515 0.026
-1481.42044504515 0.026
-1481.42044504515 0.026
-1481.42044504515 0.026
-1481.42044504515 0.026
-1481.42044504515 0.026
-1481.42044504515 0.026
-1481.42044504515 0.026
-1481.42044504515 0.026
-1481.42044504515 0.026
-1481.42044504515 0.026
-1481.42044504515 0.026
-1481.42044504515 0.026
-1481.42044504515 0.026
-1481.42044504515 0.026
-1481.42044504515 0.026
-1481.42044504515 0.026
-1481.42044504515 0.026
-1481.42044504515 0.026
-1481.42044504515 0.026
-1481.42044504515 0.026
-1481.42044504515 0.026
-1481.42044504515 0.026
-1481.42044504515 0.026
-1481.42044504515 0.026
-1481.42044504515 0.026
-1481.42044504515 0.026
-1481.42044504515 0.026
-1481.42044504515 0.026
-1481.42044504515 0.026
-1481.42044504515 0.026
-1481.42044504515 0.026
-1481.42044504515 0.026
-1481.42044504515 0.026
-1481.42044504515 0.026
-1481.42044504515 0.026
-1481.42044504515 0.026
-1481.42044504515 0.026
-1481.42044504515 0.026
-1481.42044504515 0.026
-1481.42044504515 0.026
-1481.42044504515 0.026
-1481.42044504515 0.026
-1481.42044504515 0.026
-1481.42044504515 0.026
-1481.42044504515 0.026
-1481.42044504515 0.026
-1481.42044504515 0.026
-1481.42044504515 0.026
-1481.42044504515 0.026
-1481.42044504515 0.026
-1481.42044504515 0.026
-1481.42044504515 0.026
-1481.42044504515 0.026
-1481.42044504515 0.026
-1481.42044504515 0.026
-1481.42044504515 0.026
-1481.42044504515 0.026
-1481.42044504515 0.026
-1481.42044504515 0.026
-1481.42044504515 0.026
-1481.42044504515 0.026
-1481.42044504515 0.026
-1481.42044504515 0.026
-1481.42044504515 0.026
-1481.42044504515 0.026
-1481.42044504515 0.026
-1481.42044504515 0.026
-1481.42044504515 0.026
-1481.42044504515 0.026
-1481.42044504515 0.026
-1481.42044504515 0.026
-1481.42044504515 0.026
-1481.42044504515 0.026
-1481.42044504515 0.026
-1481.42044504515 0.026
-1481.42044504515 0.026
-1481.42044504515 0.026
-1481.42044504515 0.026
-1481.42044504515 0.026
-1481.42044504515 0.026
-1481.42044504515 0.026
-1481.42044504515 0.026
-1481.42044504515 0.026
-1481.42044504515 0.026
-1481.42044504515 0.026
-1481.42044504515 0.026
-1481.42044504515 0.026
-1481.42044504515 0.026
-1481.42044504515 0.026
-1481.42044504515 0.026
-1481.42044504515 0.026
-1481.42044504515 0.026
-1481.42044504515 0.026
-1481.42044504515 0.026
-1481.42044504515 0.026
-1481.42044504515 0.026
-1481.42044504515 0.026
-1481.42044504515 0.026
-1481.42044504515 0.026
-1481.42044504515 0.026
-1481.42044504515 0.026
-1481.42044504515 0.026
-1481.42044504515 0.026
-1481.42044504515 0.026
-1481.42044504515 0.026
-1481.42044504515 0.026
-1481.42044504515 0.026
-1481.42044504515 0.026
-1481.42044504515 0.026
-1481.42044504515 0.026
-1481.42044504515 0.026
-1481.42044504515 0.026
-1481.42044504515 0.026
-1481.42044504515 0.026
-1481.42044504515 0.026
-1481.42044504515 0.026
-1481.42044504515 0.026
-1481.42044504515 0.026
-1481.42044504515 0.026
-1481.42044504515 0.026
-1481.42044504515 0.026
-1481.42044504515 0.026
-1481.42044504515 0.026
-1481.42044504515 0.026
-1481.42044504515 0.026
-1481.42044504515 0.026
-1481.42044504515 0.026
-1481.42044504515 0.026
-1481.42044504515 0.026
-1481.42044504515 0.026
-1481.42044504515 0.026
-1481.42044504515 0.026
-1481.42044504515 0.026
-1481.42044504515 0.026
-1481.42044504515 0.026
-1481.42044504515 0.026
-1481.42044504515 0.026
-1481.42044504515 0.026
-1481.42044504515 0.026
-1481.42044504515 0.026
-1481.42044504515 0.026
-1481.42044504515 0.026
-1481.42044504515 0.026
-1481.42044504515 0.026
-1481.42044504515 0.026
-1481.42044504515 0.026
-1481.42044504515 0.026
-1481.42044504515 0.026
-1481.42044504515 0.026
-1481.42044504515 0.026
-1481.42044504515 0.026
-1481.42044504515 0.026
-1481.42044504515 0.026
-1481.42044504515 0.026
-1481.42044504515 0.026
-1481.42044504515 0.026
-1481.42044504515 0.026
-1481.42044504515 0.026
-1481.42044504515 0.026
-1481.42044504515 0.026
-1481.42044504515 0.026
-1481.42044504515 0.026
-1481.42044504515 0.026
-1481.42044504515 0.026
-1481.42044504515 0.026
-1481.42044504515 0.026
-1481.42044504515 0.026
-1481.42044504515 0.026
-1481.42044504515 0.026
-1481.42044504515 0.026
-1481.42044504515 0.026
-1481.42044504515 0.026
-1481.42044504515 0.026
-1481.42044504515 0.026
-1481.42044504515 0.026
-1481.42044504515 0.026
-1481.42044504515 0.026
-1481.42044504515 0.026
-1481.42044504515 0.026
-1481.42044504515 0.026
-1481.42044504515 0.026
-1481.42044504515 0.026
-1481.42044504515 0.026
-1481.42044504515 0.026
-1481.42044504515 0.026
-1481.42044504515 0.026
-1481.42044504515 0.026
-1481.42044504515 0.026
-1481.42044504515 0.026
-1481.42044504515 0.026
-1481.42044504515 0.026
-1481.42044504515 0.026
-1481.42044504515 0.026
-1481.42044504515 0.026
-1481.42044504515 0.026
-1481.42044504515 0.026
-1481.42044504515 0.026
-1481.42044504515 0.026
-1481.42044504515 0.026
-1481.42044504515 0.026
-1481.42044504515 0.026
-1481.42044504515 0.026
-1481.42044504515 0.026
-1481.42044504515 0.026
-1481.42044504515 0.026
-1481.42044504515 0.026
-1481.42044504515 0.026
-1481.42044504515 0.026
-1481.42044504515 0.026
-1481.42044504515 0.026
-1481.42044504515 0.026
-1481.42044504515 0.026
-1481.42044504515 0.026
-1481.42044504515 0.026
-1481.42044504515 0.026
-1481.42044504515 0.026
-1481.42044504515 0.026
-1481.42044504515 0.026
-1481.42044504515 0.026
-1481.42044504515 0.026
-1481.42044504515 0.026
-1481.42044504515 0.026
-1481.42044504515 0.026
-1481.42044504515 0.026
-1481.42044504515 0.026
-1481.42044504515 0.026
-1481.42044504515 0.026
-1481.42044504515 0.026
-1481.42044504515 0.026
-1481.42044504515 0.026
-1481.42044504515 0.026
-1481.42044504515 0.026
-1481.42044504515 0.026
-1481.42044504515 0.026
-1481.42044504515 0.026
-1481.42044504515 0.026
-1481.42044504515 0.026
-1481.42044504515 0.026
-1481.42044504515 0.026
-1481.42044504515 0.026
-1481.42044504515 0.026
-1481.42044504515 0.026
-1481.42044504515 0.026
-1481.42044504515 0.026
-1481.42044504515 0.026
-1481.42044504515 0.026
-1481.42044504515 0.026
-1481.42044504515 0.026
-1481.42044504515 0.026
-1481.42044504515 0.026
-1481.42044504515 0.026
-1481.42044504515 0.026
-1481.42044504515 0.026
-1481.42044504515 0.026
-1481.42044504515 0.026
-1481.42044504515 0.026
-1481.42044504515 0.026
-1481.42044504515 0.026
-1481.42044504515 0.026
-1481.42044504515 0.026
-1481.42044504515 0.026
-1481.42044504515 0.026
-1481.42044504515 0.026
-1481.42044504515 0.026
-1481.42044504515 0.026
-1481.42044504515 0.026
-1481.42044504515 0.026
-1481.42044504515 0.026
-1481.42044504515 0.026
-1481.42044504515 0.026
-1481.42044504515 0.026
-1481.42044504515 0.026
-1481.42044504515 0.026
-1481.42044504515 0.026
-1481.42044504515 0.026
-1481.42044504515 0.026
-1481.42044504515 0.026
-1481.42044504515 0.026
-1481.42044504515 0.026
-1481.42044504515 0.026
-1481.42044504515 0.026
-1481.42044504515 0.026
-1481.42044504515 0.026
-1481.42044504515 0.026
-1481.42044504515 0.026
-1481.42044504515 0.026
-1481.42044504515 0.026
-1481.42044504515 0.026
-1481.42044504515 0.026
-1481.42044504515 0.026
-1481.42044504515 0.026
-1481.42044504515 0.026
-1481.42044504515 0.026
-1481.42044504515 0.026
-1481.42044504515 0.026
-1481.42044504515 0.026
-1481.42044504515 0.026
-1481.42044504515 0.026
-1481.42044504515 0.026
-1481.42044504515 0.026
-1481.42044504515 0.026
-1481.42044504515 0.026
-1481.42044504515 0.026
-1481.42044504515 0.026
-1481.42044504515 0.026
-1481.42044504515 0.026
-1481.42044504515 0.026
-1481.42044504515 0.026
-1481.42044504515 0.026
-1481.42044504515 0.026
-1481.42044504515 0.026
-1481.42044504515 0.026
-1481.42044504515 0.026
-1481.42044504515 0.026
-1481.42044504515 0.026
-1481.42044504515 0.026
-1481.42044504515 0.026
-1481.42044504515 0.026
-1481.42044504515 0.026
-1481.42044504515 0.026
-1481.42044504515 0.026
-1481.42044504515 0.026
-1481.42044504515 0.026
-1481.42044504515 0.026
-1481.42044504515 0.026
-1481.42044504515 0.026
-1481.42044504515 0.026
-1481.42044504515 0.026
-1481.42044504515 0.026
-1481.42044504515 0.026
-1481.42044504515 0.026
-1481.42044504515 0.026
-1481.42044504515 0.026
-1481.42044504515 0.026
-1481.42044504515 0.026
-1481.42044504515 0.026
-1481.42044504515 0.026
-1481.42044504515 0.026
-1481.42044504515 0.026
-1481.42044504515 0.026
-1481.42044504515 0.026
-1481.42044504515 0.026
-1481.42044504515 0.026
-1481.42044504515 0.026
-1481.42044504515 0.026
-1481.42044504515 0.026
-1481.42044504515 0.026
-1481.42044504515 0.026
-1481.42044504515 0.026
-1481.42044504515 0.026
-1481.42044504515 0.026
-1481.42044504515 0.026
-1481.42044504515 0.026
-1481.42044504515 0.026
-1481.42044504515 0.026
-1481.42044504515 0.026
-1481.42044504515 0.026
-1481.42044504515 0.026
-1481.42044504515 0.026
-1481.42044504515 0.026
-1481.42044504515 0.026
-1481.42044504515 0.026
-1481.42044504515 0.026
-1481.42044504515 0.026
-1481.42044504515 0.026
-1481.42044504515 0.026
-1481.42044504515 0.026
-1481.42044504515 0.026
-1481.42044504515 0.026
-1481.42044504515 0.026
-1481.42044504515 0.026
-1481.42044504515 0.026
-1481.42044504515 0.026
-1481.42044504515 0.026
-1481.42044504515 0.026
-1481.42044504515 0.026
-1481.42044504515 0.026
-1481.42044504515 0.026
-1481.42044504515 0.026
-1481.42044504515 0.026
-1481.42044504515 0.026
-1481.42044504515 0.026
-1481.42044504515 0.026
-1481.42044504515 0.026
-1481.42044504515 0.026
-1481.42044504515 0.026
-1481.42044504515 0.026
-1481.42044504515 0.026
-1481.42044504515 0.026
-1481.42044504515 0.026
-1481.42044504515 0.026
-1481.42044504515 0.026
-1481.42044504515 0.026
-1481.42044504515 0.026
-1481.42044504515 0.026
-1481.42044504515 0.026
-1481.42044504515 0.026
-1481.42044504515 0.026
-1481.42044504515 0.026
-1481.42044504515 0.026
-1481.42044504515 0.026
-1481.42044504515 0.026
-1481.42044504515 0.026
-1481.42044504515 0.026
-1481.42044504515 0.026
-1481.42044504515 0.026
-1481.42044504515 0.026
-1481.42044504515 0.026
-1481.42044504515 0.026
-1481.42044504515 0.026
-1481.42044504515 0.026
-1481.42044504515 0.026
-1481.42044504515 0.026
-1481.42044504515 0.026
-1481.42044504515 0.026
-1481.42044504515 0.026
-1481.42044504515 0.026
-1481.42044504515 0.026
-1481.42044504515 0.026
-1481.42044504515 0.026
-1481.42044504515 0.026
-1481.42044504515 0.026
-1481.42044504515 0.026
-1481.42044504515 0.026
-1481.42044504515 0.026
-1481.42044504515 0.026
-1481.42044504515 0.026
-1481.42044504515 0.026
-1481.42044504515 0.026
-1481.42044504515 0.026
-1481.42044504515 0.026
-1481.42044504515 0.026
-1481.42044504515 0.026
-1481.42044504515 0.026
-1481.42044504515 0.026
-1481.42044504515 0.026
-1481.42044504515 0.026
-1481.42044504515 0.026
-1481.42044504515 0.026
-1481.42044504515 0.026
-1481.42044504515 0.026
-1481.42044504515 0.026
-1481.42044504515 0.026
-1481.42044504515 0.026
-1481.42044504515 0.026
-1481.42044504515 0.026
-1481.42044504515 0.026
-1481.42044504515 0.026
-1481.42044504515 0.026
-1481.42044504515 0.026
-1481.42044504515 0.026
-1481.42044504515 0.026
-1481.42044504515 0.026
-1481.42044504515 0.026
-1481.42044504515 0.026
-1481.42044504515 0.026
-1481.42044504515 0.026
-1481.42044504515 0.026
-1481.42044504515 0.026
-1481.42044504515 0.026
-1481.42044504515 0.026
-1481.42044504515 0.026
-1481.42044504515 0.026
-1481.42044504515 0.026
-1481.42044504515 0.026
-1481.42044504515 0.026
-1481.42044504515 0.026
-1481.42044504515 0.026
-1481.42044504515 0.026
-1481.42044504515 0.026
-1481.42044504515 0.026
-1481.42044504515 0.026
-1481.42044504515 0.026
-1481.42044504515 0.026
-1481.42044504515 0.026
-1481.42044504515 0.026
-1481.42044504515 0.026
-1481.42044504515 0.026
-1481.42044504515 0.026
-1481.42044504515 0.026
-1481.42044504515 0.026
-1481.42044504515 0.026
-1481.42044504515 0.026
-1481.42044504515 0.026
-1481.42044504515 0.026
-1481.42044504515 0.026
-1481.42044504515 0.026
-1481.42044504515 0.026
-1481.42044504515 0.026
-1481.42044504515 0.026
-1481.42044504515 0.026
-1481.42044504515 0.026
-1481.42044504515 0.026
-1481.42044504515 0.026
-1481.42044504515 0.026
-1481.42044504515 0.026
-1481.42044504515 0.026
-1481.42044504515 0.026
-1481.42044504515 0.026
-1481.42044504515 0.026
-1481.42044504515 0.026
-1481.42044504515 0.026
-1481.42044504515 0.026
-1481.42044504515 0.026
-1481.42044504515 0.026
-1481.42044504515 0.026
-1481.42044504515 0.026
-1481.42044504515 0.026
-1481.42044504515 0.026
-1481.42044504515 0.026
-1481.42044504515 0.026
-1481.42044504515 0.026
-1481.42044504515 0.026
-1481.42044504515 0.026
-1481.42044504515 0.026
-1481.42044504515 0.026
-1481.42044504515 0.026
-1481.42044504515 0.026
-1481.42044504515 0.026
-1481.42044504515 0.026
-1481.42044504515 0.026
-1481.42044504515 0.026
-1481.42044504515 0.026
-1481.42044504515 0.026
-1481.42044504515 0.026
-1481.42044504515 0.026
-1481.42044504515 0.026
-1481.42044504515 0.026
-1481.42044504515 0.026
-1481.42044504515 0.026
-1481.42044504515 0.026
-1481.42044504515 0.026
-1481.42044504515 0.026
-1481.42044504515 0.026
-1481.42044504515 0.026
-1481.42044504515 0.026
-1481.42044504515 0.026
-1481.42044504515 0.026
-1481.42044504515 0.026
-1481.42044504515 0.026
-1481.42044504515 0.026
-1481.42044504515 0.026
-1481.42044504515 0.026
-1481.42044504515 0.026
-1481.42044504515 0.026
-1481.42044504515 0.026
-1481.42044504515 0.026
-1481.42044504515 0.026
-1481.42044504515 0.026
-1481.42044504515 0.026
-1481.42044504515 0.026
-1481.42044504515 0.026
-1481.42044504515 0.026
-1481.42044504515 0.026
-1481.42044504515 0.026
-1481.42044504515 0.026
-1481.42044504515 0.026
-1481.42044504515 0.026
-1481.42044504515 0.026
-1481.42044504515 0.026
-1481.42044504515 0.026
-1481.42044504515 0.026
-1481.42044504515 0.026
-1481.42044504515 0.026
-1481.42044504515 0.026
-1481.42044504515 0.026
-1481.42044504515 0.026
-1481.42044504515 0.026
-1481.42044504515 0.026
-1481.42044504515 0.026
-1481.42044504515 0.026
-1481.42044504515 0.026
-1481.42044504515 0.026
-1481.42044504515 0.026
-1481.42044504515 0.026
-1481.42044504515 0.026
-1481.42044504515 0.026
-1481.42044504515 0.026
-1481.42044504515 0.026
-1481.42044504515 0.026
-1481.42044504515 0.026
-1481.42044504515 0.026
-1481.42044504515 0.026
-1481.42044504515 0.026
-1481.42044504515 0.026
-1481.42044504515 0.026
-1481.42044504515 0.026
-1481.42044504515 0.026
-1481.42044504515 0.026
-1481.42044504515 0.026
-1481.42044504515 0.026
-1481.42044504515 0.026
-1481.42044504515 0.026
-1481.42044504515 0.026
-1481.42044504515 0.026
-1481.42044504515 0.026
-1481.42044504515 0.026
-1481.42044504515 0.026
-1481.42044504515 0.026
-1481.42044504515 0.026
-1481.42044504515 0.026
-1481.42044504515 0.026
-1481.42044504515 0.026
-1481.42044504515 0.026
-1481.42044504515 0.026
-1481.42044504515 0.026
-1481.42044504515 0.026
-1481.42044504515 0.026
-1481.42044504515 0.026
-1481.42044504515 0.026
-1481.42044504515 0.026
-1481.42044504515 0.026
